"Sun, 22 Nov 2020 11:45:16 -0300"-"INF"-"Inicio - iniciarambiente"-"iniciarambiente.sh"-"andres"
"Sun, 22 Nov 2020 11:45:16 -0300"-"ALE"-"El proceso principal ya se encuentra corriendo, con PID: 6015."-"iniciarambiente.sh"-"andres"
"Sun, 22 Nov 2020 11:45:16 -0300"-"ALE"-"Si se quiere iniciar de nuevo, antes debe detener el proceso con frenarproceso"-"iniciarambiente.sh"-"andres"
"Sun, 22 Nov 2020 11:45:40 -0300"-"INF"-"Inicio - iniciarambiente"-"iniciarambiente.sh"-"andres"
"Sun, 22 Nov 2020 11:45:40 -0300"-"INF"-"El archivo "/home/andres/Documents/SISTEMAS OPERATIVOS/TP1/Sistemas_Operativos_2C2020/TP1/Grupo3/so7508/instalarTP.conf" fue encontrado."-"iniciarambiente.sh"-"andres"
"Sun, 22 Nov 2020 11:45:40 -0300"-"INF"-"Procedemos a revisar los directorios."-"iniciarambiente.sh"-"andres"
"Sun, 22 Nov 2020 11:45:40 -0300"-"INF"-"El identificador: "GRUPO" tiene el siguiente valor: ""/home/andres/Documents/SISTEMAS OPERATIVOS/TP1/Sistemas_Operativos_2C2020/TP1/Grupo3""."-"validar_configuracion"-"andres"
"Sun, 22 Nov 2020 11:45:40 -0300"-"INF"-"El directorio "/home/andres/Documents/SISTEMAS OPERATIVOS/TP1/Sistemas_Operativos_2C2020/TP1/Grupo3" fue encontrado, correspondiente al código: "GRUPO"."-"validar_directorio"-"andres"
"Sun, 22 Nov 2020 11:45:40 -0300"-"INF"-"Seteada variable de ambiente GRUPO."-"variables_ambiente"-"andres"
"Sun, 22 Nov 2020 11:45:40 -0300"-"INF"-"El identificador: "DIRINST" tiene el siguiente valor: ""/home/andres/Documents/SISTEMAS OPERATIVOS/TP1/Sistemas_Operativos_2C2020/TP1/Grupo3/so7508/instalarTP.sh""."-"validar_configuracion"-"andres"
"Sun, 22 Nov 2020 11:45:40 -0300"-"ERR"-"El directorio "/home/andres/Documents/SISTEMAS OPERATIVOS/TP1/Sistemas_Operativos_2C2020/TP1/Grupo3/so7508/instalarTP.sh" no existe, correspondiente al código: "DIRINST"."-"validar_directorio"-"andres"
"Sun, 22 Nov 2020 11:57:32 -0300"-"INF"-"Inicio - iniciarambiente"-"iniciarambiente.sh"-"andres"
"Sun, 22 Nov 2020 11:57:32 -0300"-"INF"-"El archivo "/home/andres/Documents/SISTEMAS OPERATIVOS/TP1/Sistemas_Operativos_2C2020/TP1/Grupo3/so7508/instalarTP.conf" fue encontrado."-"iniciarambiente.sh"-"andres"
"Sun, 22 Nov 2020 11:57:32 -0300"-"INF"-"Procedemos a revisar los directorios."-"iniciarambiente.sh"-"andres"
"Sun, 22 Nov 2020 11:57:32 -0300"-"INF"-"El identificador: "GRUPO" tiene el siguiente valor: ""/home/andres/Documents/SISTEMAS OPERATIVOS/TP1/Sistemas_Operativos_2C2020/TP1/Grupo3""."-"validar_configuracion"-"andres"
"Sun, 22 Nov 2020 11:57:32 -0300"-"INF"-"El directorio "/home/andres/Documents/SISTEMAS OPERATIVOS/TP1/Sistemas_Operativos_2C2020/TP1/Grupo3" fue encontrado, correspondiente al código: "GRUPO"."-"validar_directorio"-"andres"
"Sun, 22 Nov 2020 11:57:32 -0300"-"INF"-"Seteada variable de ambiente GRUPO."-"variables_ambiente"-"andres"
"Sun, 22 Nov 2020 11:57:32 -0300"-"INF"-"El identificador: "DIRINST" tiene el siguiente valor: ""/home/andres/Documents/SISTEMAS OPERATIVOS/TP1/Sistemas_Operativos_2C2020/TP1/Grupo3/so7508/instalarTP.sh""."-"validar_configuracion"-"andres"
"Sun, 22 Nov 2020 11:57:32 -0300"-"INF"-"El archivo de instalación "/home/andres/Documents/SISTEMAS OPERATIVOS/TP1/Sistemas_Operativos_2C2020/TP1/Grupo3/so7508/instalarTP.sh" fue encontrado, correspondiente al código: "DIRINST"."-"validar_directorio"-"andres"
"Sun, 22 Nov 2020 11:57:32 -0300"-"INF"-"Seteada variable de ambiente DIRINST."-"variables_ambiente"-"andres"
"Sun, 22 Nov 2020 11:57:32 -0300"-"INF"-"El identificador: "DIRBIN" tiene el siguiente valor: ""/home/andres/Documents/SISTEMAS OPERATIVOS/TP1/Sistemas_Operativos_2C2020/TP1/Grupo3/bin""."-"validar_configuracion"-"andres"
"Sun, 22 Nov 2020 11:57:32 -0300"-"INF"-"El directorio "/home/andres/Documents/SISTEMAS OPERATIVOS/TP1/Sistemas_Operativos_2C2020/TP1/Grupo3/bin" fue encontrado, correspondiente al código: "DIRBIN"."-"validar_directorio"-"andres"
"Sun, 22 Nov 2020 11:57:32 -0300"-"INF"-"Seteada variable de ambiente DIRBIN."-"variables_ambiente"-"andres"
"Sun, 22 Nov 2020 11:57:32 -0300"-"INF"-"El identificador: "DIRMAE" tiene el siguiente valor: ""/home/andres/Documents/SISTEMAS OPERATIVOS/TP1/Sistemas_Operativos_2C2020/TP1/Grupo3/master""."-"validar_configuracion"-"andres"
"Sun, 22 Nov 2020 11:57:32 -0300"-"INF"-"El directorio "/home/andres/Documents/SISTEMAS OPERATIVOS/TP1/Sistemas_Operativos_2C2020/TP1/Grupo3/master" fue encontrado, correspondiente al código: "DIRMAE"."-"validar_directorio"-"andres"
"Sun, 22 Nov 2020 11:57:32 -0300"-"INF"-"Seteada variable de ambiente DIRMAE."-"variables_ambiente"-"andres"
"Sun, 22 Nov 2020 11:57:32 -0300"-"INF"-"El identificador: "DIRIN" tiene el siguiente valor: ""/home/andres/Documents/SISTEMAS OPERATIVOS/TP1/Sistemas_Operativos_2C2020/TP1/Grupo3/input""."-"validar_configuracion"-"andres"
"Sun, 22 Nov 2020 11:57:32 -0300"-"INF"-"El directorio "/home/andres/Documents/SISTEMAS OPERATIVOS/TP1/Sistemas_Operativos_2C2020/TP1/Grupo3/input" fue encontrado, correspondiente al código: "DIRIN"."-"validar_directorio"-"andres"
"Sun, 22 Nov 2020 11:57:32 -0300"-"INF"-"Seteada variable de ambiente DIRIN."-"variables_ambiente"-"andres"
"Sun, 22 Nov 2020 11:57:32 -0300"-"INF"-"El identificador: "DIRRECH" tiene el siguiente valor: ""/home/andres/Documents/SISTEMAS OPERATIVOS/TP1/Sistemas_Operativos_2C2020/TP1/Grupo3/rechazos""."-"validar_configuracion"-"andres"
"Sun, 22 Nov 2020 11:57:32 -0300"-"INF"-"El directorio "/home/andres/Documents/SISTEMAS OPERATIVOS/TP1/Sistemas_Operativos_2C2020/TP1/Grupo3/rechazos" fue encontrado, correspondiente al código: "DIRRECH"."-"validar_directorio"-"andres"
"Sun, 22 Nov 2020 11:57:32 -0300"-"INF"-"Seteada variable de ambiente DIRRECH."-"variables_ambiente"-"andres"
"Sun, 22 Nov 2020 11:57:32 -0300"-"INF"-"El identificador: "DIRPROC" tiene el siguiente valor: ""/home/andres/Documents/SISTEMAS OPERATIVOS/TP1/Sistemas_Operativos_2C2020/TP1/Grupo3/lotes""."-"validar_configuracion"-"andres"
"Sun, 22 Nov 2020 11:57:32 -0300"-"INF"-"El directorio "/home/andres/Documents/SISTEMAS OPERATIVOS/TP1/Sistemas_Operativos_2C2020/TP1/Grupo3/lotes" fue encontrado, correspondiente al código: "DIRPROC"."-"validar_directorio"-"andres"
"Sun, 22 Nov 2020 11:57:32 -0300"-"INF"-"Seteada variable de ambiente DIRPROC."-"variables_ambiente"-"andres"
"Sun, 22 Nov 2020 11:57:32 -0300"-"INF"-"El identificador: "DIROUT" tiene el siguiente valor: ""/home/andres/Documents/SISTEMAS OPERATIVOS/TP1/Sistemas_Operativos_2C2020/TP1/Grupo3/output""."-"validar_configuracion"-"andres"
"Sun, 22 Nov 2020 11:57:32 -0300"-"INF"-"El directorio "/home/andres/Documents/SISTEMAS OPERATIVOS/TP1/Sistemas_Operativos_2C2020/TP1/Grupo3/output" fue encontrado, correspondiente al código: "DIROUT"."-"validar_directorio"-"andres"
"Sun, 22 Nov 2020 11:57:32 -0300"-"INF"-"Seteada variable de ambiente DIROUT."-"variables_ambiente"-"andres"
"Sun, 22 Nov 2020 11:57:32 -0300"-"INF"-"El identificador: "INTSTALACION" tiene el siguiente valor: ""Sun, 22 Nov 2020 11:57:14 "."-"validar_configuracion"-"andres"
"Sun, 22 Nov 2020 11:57:32 -0300"-"INF"-"En la posición 9 del archivo de configuración encontramos el valor INSTALACION, con lo cual proseguimos la inicialización."-"validar_configuracion"-"andres"
"Sun, 22 Nov 2020 11:57:32 -0300"-"ERR"-"Falta el archivo del directorio de tablas maestras:  "/home/andres/Documents/SISTEMAS OPERATIVOS/TP1/Sistemas_Operativos_2C2020/TP1/Grupo3/mastercomercios.txt"."-"validar_archivos"-"andres"
"Sun, 22 Nov 2020 11:57:32 -0300"-"ERR"-"Por favor vuelva a ejecutar instalarTP con la opción reparar."-"validar_archivos"-"andres"
