Sat, 21 Nov 2020 18:58:27 -0300: Inicio - iniciarambiente
Sat, 21 Nov 2020 18:58:27 -0300: El archivo "/home/andres/Documents/SISTEMAS OPERATIVOS/TP1/Sistemas_Operativos_2C2020/TP1/Grupo3/so7508/instalarTP.conf" fue encontrado.
Sat, 21 Nov 2020 18:58:27 -0300: Procedemos a revisar los directorios.
Sat, 21 Nov 2020 18:58:27 -0300: El identificador: "GRUPO" tiene el siguiente valor: ""/home/andres/Documents/SISTEMAS OPERATIVOS/TP1/Sistemas_Operativos_2C2020/TP1/Grupo3/so7508/"".
Sat, 21 Nov 2020 18:58:27 -0300: El directorio ""/home/andres/Documents/SISTEMAS OPERATIVOS/TP1/Sistemas_Operativos_2C2020/TP1/Grupo3/so7508/"" no existe, correspondiente al código: "GRUPO".
Sat, 21 Nov 2020 18:58:27 -0300: En la posición: "1" del archivo instalarTP.conf está mal especificado el directorio para el código: "GRUPO".
Sat, 21 Nov 2020 18:58:27 -0300: Por favor vuelva a ejecutar instalarTP con la opción reparar.
Sat, 21 Nov 2020 18:58:27 -0300: Se encontró el archivo del directorio de tablas maestras:  "/home/andres/Documents/SISTEMAS OPERATIVOS/TEST/archivo1.txt".
Sat, 21 Nov 2020 18:58:27 -0300: Se encontró el archivo del directorio de tablas maestras:  "/home/andres/Documents/SISTEMAS OPERATIVOS/TEST/archivo2.txt".
Sat, 21 Nov 2020 18:58:27 -0300: Falta el archivo del directorio de tablas maestras:  "/home/andres/Documents/SISTEMAS OPERATIVOS/TEST/archivo3.txt".
Sat, 21 Nov 2020 18:58:27 -0300: Por favor vuelva a ejecutar instalarTP con la opción reparar.
Sat, 21 Nov 2020 18:58:27 -0300: Se otorgó el permiso de lectura para el directorio de las tablas maestras.
Sat, 21 Nov 2020 18:58:27 -0300: Se otorgó el permiso de ejecución para el directorio de los ejecutables.
Sat, 21 Nov 2020 18:58:27 -0300: process id que le asigno el sistema operativo.
Sat, 21 Nov 2020 18:58:27 -0300: si se quiere detener el proceso se debe usar frenarproceso.
Sat, 21 Nov 2020 18:58:27 -0300: si luego se quiere arrancar hay que hacerlo con arrancarproceso.
Sat, 21 Nov 2020 19:03:40 -0300: Inicio - iniciarambiente
Sat, 21 Nov 2020 19:03:40 -0300: El archivo "/home/andres/Documents/SISTEMAS OPERATIVOS/TP1/Sistemas_Operativos_2C2020/TP1/Grupo3/so7508/instalarTP.conf" fue encontrado.
Sat, 21 Nov 2020 19:03:40 -0300: Procedemos a revisar los directorios.
Sat, 21 Nov 2020 19:03:40 -0300: El identificador: "GRUPO" tiene el siguiente valor: ""/home/andres/Documents/SISTEMAS OPERATIVOS/TP1/Sistemas_Operativos_2C2020/TP1/Grupo3/so7508/"".
Sat, 21 Nov 2020 19:03:40 -0300: El directorio ""/home/andres/Documents/SISTEMAS OPERATIVOS/TP1/Sistemas_Operativos_2C2020/TP1/Grupo3/so7508/"" no existe, correspondiente al código: "GRUPO".
Sat, 21 Nov 2020 19:03:40 -0300: En la posición: "1" del archivo instalarTP.conf está mal especificado el directorio para el código: "GRUPO".
Sat, 21 Nov 2020 19:03:40 -0300: Por favor vuelva a ejecutar instalarTP con la opción reparar.
Sat, 21 Nov 2020 19:03:40 -0300: Se encontró el archivo del directorio de tablas maestras:  "/home/andres/Documents/SISTEMAS OPERATIVOS/TEST/archivo1.txt".
Sat, 21 Nov 2020 19:03:40 -0300: Se encontró el archivo del directorio de tablas maestras:  "/home/andres/Documents/SISTEMAS OPERATIVOS/TEST/archivo2.txt".
Sat, 21 Nov 2020 19:03:40 -0300: Falta el archivo del directorio de tablas maestras:  "/home/andres/Documents/SISTEMAS OPERATIVOS/TEST/archivo3.txt".
Sat, 21 Nov 2020 19:03:40 -0300: Por favor vuelva a ejecutar instalarTP con la opción reparar.
Sat, 21 Nov 2020 19:03:40 -0300: Se otorgó el permiso de lectura para el directorio de las tablas maestras.
Sat, 21 Nov 2020 19:03:40 -0300: Se otorgó el permiso de ejecución para el directorio de los ejecutables.
Sat, 21 Nov 2020 19:03:40 -0300: process id que le asigno el sistema operativo.
Sat, 21 Nov 2020 19:03:40 -0300: si se quiere detener el proceso se debe usar frenarproceso.
Sat, 21 Nov 2020 19:03:40 -0300: si luego se quiere arrancar hay que hacerlo con arrancarproceso.
Sat, 21 Nov 2020 19:05:19 -0300: Inicio - iniciarambiente
Sat, 21 Nov 2020 19:05:19 -0300: El archivo "/home/andres/Documents/SISTEMAS OPERATIVOS/TP1/Sistemas_Operativos_2C2020/TP1/Grupo3/so7508/instalarTP.conf" fue encontrado.
Sat, 21 Nov 2020 19:05:19 -0300: Procedemos a revisar los directorios.
Sat, 21 Nov 2020 19:05:19 -0300: El identificador: "GRUPO" tiene el siguiente valor: ""/home/andres/Documents/SISTEMAS OPERATIVOS/TP1/Sistemas_Operativos_2C2020/TP1/Grupo3/so7508/"".
Sat, 21 Nov 2020 19:05:19 -0300: El directorio "/home/andres/Documents/SISTEMAS OPERATIVOS/TP1/Sistemas_Operativos_2C2020/TP1/Grupo3/so7508/" no existe, correspondiente al código: "GRUPO".
Sat, 21 Nov 2020 19:05:19 -0300: En la posición: "1" del archivo instalarTP.conf está mal especificado el directorio para el código: "GRUPO".
Sat, 21 Nov 2020 19:05:19 -0300: Por favor vuelva a ejecutar instalarTP con la opción reparar.
Sat, 21 Nov 2020 19:05:19 -0300: Se encontró el archivo del directorio de tablas maestras:  "/home/andres/Documents/SISTEMAS OPERATIVOS/TEST/archivo1.txt".
Sat, 21 Nov 2020 19:05:19 -0300: Se encontró el archivo del directorio de tablas maestras:  "/home/andres/Documents/SISTEMAS OPERATIVOS/TEST/archivo2.txt".
Sat, 21 Nov 2020 19:05:19 -0300: Falta el archivo del directorio de tablas maestras:  "/home/andres/Documents/SISTEMAS OPERATIVOS/TEST/archivo3.txt".
Sat, 21 Nov 2020 19:05:19 -0300: Por favor vuelva a ejecutar instalarTP con la opción reparar.
Sat, 21 Nov 2020 19:05:19 -0300: Se otorgó el permiso de lectura para el directorio de las tablas maestras.
Sat, 21 Nov 2020 19:05:19 -0300: Se otorgó el permiso de ejecución para el directorio de los ejecutables.
Sat, 21 Nov 2020 19:05:19 -0300: process id que le asigno el sistema operativo.
Sat, 21 Nov 2020 19:05:19 -0300: si se quiere detener el proceso se debe usar frenarproceso.
Sat, 21 Nov 2020 19:05:19 -0300: si luego se quiere arrancar hay que hacerlo con arrancarproceso.
Sat, 21 Nov 2020 19:06:11 -0300: Inicio - iniciarambiente
Sat, 21 Nov 2020 19:06:11 -0300: El archivo "/home/andres/Documents/SISTEMAS OPERATIVOS/TP1/Sistemas_Operativos_2C2020/TP1/Grupo3/so7508/instalarTP.conf" fue encontrado.
Sat, 21 Nov 2020 19:06:11 -0300: Procedemos a revisar los directorios.
Sat, 21 Nov 2020 19:06:11 -0300: El identificador: "GRUPO" tiene el siguiente valor: ""/home/andres/Documents/SISTEMAS OPERATIVOS/TP1/Sistemas_Operativos_2C2020/TP1/Grupo3/so7508/"".
Sat, 21 Nov 2020 19:06:11 -0300: El directorio "/home/andres/Documents/SISTEMAS OPERATIVOS/TP1/Sistemas_Operativos_2C2020/TP1/Grupo3/so7508/" fue encontrado, correspondiente al código: "GRUPO".
Sat, 21 Nov 2020 19:06:11 -0300: El identificador: "DIRINST" tiene el siguiente valor: ""/home/andres/Documents/SISTEMAS OPERATIVOS/TP1/Sistemas_Operativos_2C2020/TP1/Grupo3/so7508/"".
Sat, 21 Nov 2020 19:06:11 -0300: El directorio "/home/andres/Documents/SISTEMAS OPERATIVOS/TP1/Sistemas_Operativos_2C2020/TP1/Grupo3/so7508/" fue encontrado, correspondiente al código: "DIRINST".
Sat, 21 Nov 2020 19:06:11 -0300: El identificador: "DIRBIN" tiene el siguiente valor: ""/home/andres/Documents/SISTEMAS OPERATIVOS/TP1/Sistemas_Operativos_2C2020/TP1/Grupo3/so7508/"".
Sat, 21 Nov 2020 19:06:11 -0300: El directorio "/home/andres/Documents/SISTEMAS OPERATIVOS/TP1/Sistemas_Operativos_2C2020/TP1/Grupo3/so7508/" fue encontrado, correspondiente al código: "DIRBIN".
Sat, 21 Nov 2020 19:06:11 -0300: El identificador: "DIRMAE" tiene el siguiente valor: ""/home/andres/Documents/SISTEMAS OPERATIVOS/TP1/Sistemas_Operativos_2C2020/TP1/Grupo3/so7508/"".
Sat, 21 Nov 2020 19:06:11 -0300: El directorio "/home/andres/Documents/SISTEMAS OPERATIVOS/TP1/Sistemas_Operativos_2C2020/TP1/Grupo3/so7508/" fue encontrado, correspondiente al código: "DIRMAE".
Sat, 21 Nov 2020 19:06:11 -0300: El identificador: "DIRIN" tiene el siguiente valor: ""/home/andres/Documents/SISTEMAS OPERATIVOS/TP1/Sistemas_Operativos_2C2020/TP1/Grupo3/so7508/"".
Sat, 21 Nov 2020 19:06:11 -0300: El directorio "/home/andres/Documents/SISTEMAS OPERATIVOS/TP1/Sistemas_Operativos_2C2020/TP1/Grupo3/so7508/" fue encontrado, correspondiente al código: "DIRIN".
Sat, 21 Nov 2020 19:06:11 -0300: El identificador: "DIRRECH" tiene el siguiente valor: ""/home/andres/Documents/SISTEMAS OPERATIVOS/TP1/Sistemas_Operativos_2C2020/TP1/Grupo3/so7508/"".
Sat, 21 Nov 2020 19:06:11 -0300: El directorio "/home/andres/Documents/SISTEMAS OPERATIVOS/TP1/Sistemas_Operativos_2C2020/TP1/Grupo3/so7508/" fue encontrado, correspondiente al código: "DIRRECH".
Sat, 21 Nov 2020 19:06:11 -0300: El identificador: "DIRPROC" tiene el siguiente valor: ""/home/andres/Documents/SISTEMAS OPERATIVOS/TP1/Sistemas_Operativos_2C2020/TP1/Grupo3/so7508/"".
Sat, 21 Nov 2020 19:06:11 -0300: El directorio "/home/andres/Documents/SISTEMAS OPERATIVOS/TP1/Sistemas_Operativos_2C2020/TP1/Grupo3/so7508/" fue encontrado, correspondiente al código: "DIRPROC".
Sat, 21 Nov 2020 19:06:11 -0300: El identificador: "DIROUT" tiene el siguiente valor: ""/home/andres/Documents/SISTEMAS OPERATIVOS/TP1/Sistemas_Operativos_2C2020/TP1/Grupo3/so7508/"".
Sat, 21 Nov 2020 19:06:11 -0300: El directorio "/home/andres/Documents/SISTEMAS OPERATIVOS/TP1/Sistemas_Operativos_2C2020/TP1/Grupo3/so7508/" fue encontrado, correspondiente al código: "DIROUT".
Sat, 21 Nov 2020 19:06:11 -0300: El identificador: "INTSTALACION" tiene el siguiente valor: ""Sat, 21 Nov 2020 18:18:06 ".
Sat, 21 Nov 2020 19:06:11 -0300: En la posición: "9" del archivo instalarTP.conf está mal especificado el código: "INSTALACION".
Sat, 21 Nov 2020 19:06:11 -0300: Por favor vuelva a ejecutar instalarTP con la opción reparar.
Sat, 21 Nov 2020 19:06:11 -0300: Se encontró el archivo del directorio de tablas maestras:  "/home/andres/Documents/SISTEMAS OPERATIVOS/TEST/archivo1.txt".
Sat, 21 Nov 2020 19:06:11 -0300: Se encontró el archivo del directorio de tablas maestras:  "/home/andres/Documents/SISTEMAS OPERATIVOS/TEST/archivo2.txt".
Sat, 21 Nov 2020 19:06:11 -0300: Falta el archivo del directorio de tablas maestras:  "/home/andres/Documents/SISTEMAS OPERATIVOS/TEST/archivo3.txt".
Sat, 21 Nov 2020 19:06:11 -0300: Por favor vuelva a ejecutar instalarTP con la opción reparar.
Sat, 21 Nov 2020 19:06:11 -0300: Se otorgó el permiso de lectura para el directorio de las tablas maestras.
Sat, 21 Nov 2020 19:06:11 -0300: Se otorgó el permiso de ejecución para el directorio de los ejecutables.
Sat, 21 Nov 2020 19:06:11 -0300: process id que le asigno el sistema operativo.
Sat, 21 Nov 2020 19:06:11 -0300: si se quiere detener el proceso se debe usar frenarproceso.
Sat, 21 Nov 2020 19:06:11 -0300: si luego se quiere arrancar hay que hacerlo con arrancarproceso.
Sat, 21 Nov 2020 19:09:57 -0300: Inicio - iniciarambiente
Sat, 21 Nov 2020 19:09:57 -0300: El archivo "/home/andres/Documents/SISTEMAS OPERATIVOS/TP1/Sistemas_Operativos_2C2020/TP1/Grupo3/so7508/instalarTP.conf" fue encontrado.
Sat, 21 Nov 2020 19:09:57 -0300: Procedemos a revisar los directorios.
Sat, 21 Nov 2020 19:09:57 -0300: El identificador: "GRUPO" tiene el siguiente valor: ""/home/andres/Documents/SISTEMAS OPERATIVOS/TP1/Sistemas_Operativos_2C2020/TP1/Grupo3/so7508/"".
Sat, 21 Nov 2020 19:09:57 -0300: El directorio ""/home/andres/Documents/SISTEMAS OPERATIVOS/TP1/Sistemas_Operativos_2C2020/TP1/Grupo3/so7508/"" no existe, correspondiente al código: "GRUPO".
Sat, 21 Nov 2020 19:09:57 -0300: En la posición: "1" del archivo instalarTP.conf está mal especificado el directorio para el código: "GRUPO".
Sat, 21 Nov 2020 19:09:57 -0300: Por favor vuelva a ejecutar instalarTP con la opción reparar.
Sat, 21 Nov 2020 19:09:57 -0300: Se encontró el archivo del directorio de tablas maestras:  "/home/andres/Documents/SISTEMAS OPERATIVOS/TEST/archivo1.txt".
Sat, 21 Nov 2020 19:09:57 -0300: Se encontró el archivo del directorio de tablas maestras:  "/home/andres/Documents/SISTEMAS OPERATIVOS/TEST/archivo2.txt".
Sat, 21 Nov 2020 19:09:57 -0300: Falta el archivo del directorio de tablas maestras:  "/home/andres/Documents/SISTEMAS OPERATIVOS/TEST/archivo3.txt".
Sat, 21 Nov 2020 19:09:57 -0300: Por favor vuelva a ejecutar instalarTP con la opción reparar.
Sat, 21 Nov 2020 19:09:57 -0300: Se otorgó el permiso de lectura para el directorio de las tablas maestras.
Sat, 21 Nov 2020 19:09:57 -0300: Se otorgó el permiso de ejecución para el directorio de los ejecutables.
Sat, 21 Nov 2020 19:09:57 -0300: process id que le asigno el sistema operativo.
Sat, 21 Nov 2020 19:09:57 -0300: si se quiere detener el proceso se debe usar frenarproceso.
Sat, 21 Nov 2020 19:09:57 -0300: si luego se quiere arrancar hay que hacerlo con arrancarproceso.
Sat, 21 Nov 2020 19:13:53 -0300: Inicio - iniciarambiente
Sat, 21 Nov 2020 19:13:53 -0300: El archivo "/home/andres/Documents/SISTEMAS OPERATIVOS/TP1/Sistemas_Operativos_2C2020/TP1/Grupo3/so7508/instalarTP.conf" fue encontrado.
Sat, 21 Nov 2020 19:13:53 -0300: Procedemos a revisar los directorios.
Sat, 21 Nov 2020 19:13:53 -0300: El identificador: "GRUPO" tiene el siguiente valor: ""/home/andres/Documents/SISTEMAS OPERATIVOS/TP1/Sistemas_Operativos_2C2020/TP1/Grupo3/so7508/"".
Sat, 21 Nov 2020 19:13:53 -0300: El directorio "/home/andres/Documents/SISTEMAS OPERATIVOS/TP1/Sistemas_Operativos_2C2020/TP1/Grupo3/so7508/" fue encontrado, correspondiente al código: "GRUPO".
Sat, 21 Nov 2020 19:13:53 -0300: El identificador: "DIRINST" tiene el siguiente valor: ""/home/andres/Documents/SISTEMAS OPERATIVOS/TP1/Sistemas_Operativos_2C2020/TP1/Grupo3/so7508/"".
Sat, 21 Nov 2020 19:13:53 -0300: El directorio "/home/andres/Documents/SISTEMAS OPERATIVOS/TP1/Sistemas_Operativos_2C2020/TP1/Grupo3/so7508/" fue encontrado, correspondiente al código: "DIRINST".
Sat, 21 Nov 2020 19:13:53 -0300: El identificador: "DIRBIN" tiene el siguiente valor: ""/home/andres/Documents/SISTEMAS OPERATIVOS/TP1/Sistemas_Operativos_2C2020/TP1/Grupo3/so7508/"".
Sat, 21 Nov 2020 19:13:53 -0300: El directorio "/home/andres/Documents/SISTEMAS OPERATIVOS/TP1/Sistemas_Operativos_2C2020/TP1/Grupo3/so7508/" fue encontrado, correspondiente al código: "DIRBIN".
Sat, 21 Nov 2020 19:13:53 -0300: El identificador: "DIRMAE" tiene el siguiente valor: ""/home/andres/Documents/SISTEMAS OPERATIVOS/TP1/Sistemas_Operativos_2C2020/TP1/Grupo3/so7508/"".
Sat, 21 Nov 2020 19:13:53 -0300: El directorio "/home/andres/Documents/SISTEMAS OPERATIVOS/TP1/Sistemas_Operativos_2C2020/TP1/Grupo3/so7508/" fue encontrado, correspondiente al código: "DIRMAE".
Sat, 21 Nov 2020 19:13:53 -0300: El identificador: "DIRIN" tiene el siguiente valor: ""/home/andres/Documents/SISTEMAS OPERATIVOS/TP1/Sistemas_Operativos_2C2020/TP1/Grupo3/so7508/"".
Sat, 21 Nov 2020 19:13:53 -0300: El directorio "/home/andres/Documents/SISTEMAS OPERATIVOS/TP1/Sistemas_Operativos_2C2020/TP1/Grupo3/so7508/" fue encontrado, correspondiente al código: "DIRIN".
Sat, 21 Nov 2020 19:13:53 -0300: El identificador: "DIRRECH" tiene el siguiente valor: ""/home/andres/Documents/SISTEMAS OPERATIVOS/TP1/Sistemas_Operativos_2C2020/TP1/Grupo3/so7508/"".
Sat, 21 Nov 2020 19:13:53 -0300: El directorio "/home/andres/Documents/SISTEMAS OPERATIVOS/TP1/Sistemas_Operativos_2C2020/TP1/Grupo3/so7508/" fue encontrado, correspondiente al código: "DIRRECH".
Sat, 21 Nov 2020 19:13:53 -0300: El identificador: "DIRPROC" tiene el siguiente valor: ""/home/andres/Documents/SISTEMAS OPERATIVOS/TP1/Sistemas_Operativos_2C2020/TP1/Grupo3/so7508/"".
Sat, 21 Nov 2020 19:13:53 -0300: El directorio "/home/andres/Documents/SISTEMAS OPERATIVOS/TP1/Sistemas_Operativos_2C2020/TP1/Grupo3/so7508/" fue encontrado, correspondiente al código: "DIRPROC".
Sat, 21 Nov 2020 19:13:53 -0300: El identificador: "DIROUT" tiene el siguiente valor: ""/home/andres/Documents/SISTEMAS OPERATIVOS/TP1/Sistemas_Operativos_2C2020/TP1/Grupo3/so7508/"".
Sat, 21 Nov 2020 19:13:53 -0300: El directorio "/home/andres/Documents/SISTEMAS OPERATIVOS/TP1/Sistemas_Operativos_2C2020/TP1/Grupo3/so7508/" fue encontrado, correspondiente al código: "DIROUT".
Sat, 21 Nov 2020 19:13:53 -0300: El identificador: "INTSTALACION" tiene el siguiente valor: ""Sat, 21 Nov 2020 18:18:06 ".
Sat, 21 Nov 2020 19:13:53 -0300: En la posición: "9" del archivo instalarTP.conf está mal especificado el código: "INSTALACION".
Sat, 21 Nov 2020 19:13:53 -0300: Por favor vuelva a ejecutar instalarTP con la opción reparar.
Sat, 21 Nov 2020 19:13:53 -0300: Se encontró el archivo del directorio de tablas maestras:  "/home/andres/Documents/SISTEMAS OPERATIVOS/TEST/archivo1.txt".
Sat, 21 Nov 2020 19:13:53 -0300: Se encontró el archivo del directorio de tablas maestras:  "/home/andres/Documents/SISTEMAS OPERATIVOS/TEST/archivo2.txt".
Sat, 21 Nov 2020 19:13:53 -0300: Falta el archivo del directorio de tablas maestras:  "/home/andres/Documents/SISTEMAS OPERATIVOS/TEST/archivo3.txt".
Sat, 21 Nov 2020 19:13:53 -0300: Por favor vuelva a ejecutar instalarTP con la opción reparar.
Sat, 21 Nov 2020 19:13:53 -0300: Se otorgó el permiso de lectura para el directorio de las tablas maestras.
Sat, 21 Nov 2020 19:13:53 -0300: Se otorgó el permiso de ejecución para el directorio de los ejecutables.
Sat, 21 Nov 2020 19:13:53 -0300: process id que le asigno el sistema operativo.
Sat, 21 Nov 2020 19:13:53 -0300: si se quiere detener el proceso se debe usar frenarproceso.
Sat, 21 Nov 2020 19:13:53 -0300: si luego se quiere arrancar hay que hacerlo con arrancarproceso.
Sat, 21 Nov 2020 20:39:03 -0300: Inicio - iniciarambiente
Sat, 21 Nov 2020 20:39:03 -0300: El archivo "/home/andres/Documents/SISTEMAS OPERATIVOS/TP1/Sistemas_Operativos_2C2020/TP1/Grupo3/so7508/instalarTP.conf" fue encontrado.
Sat, 21 Nov 2020 20:39:03 -0300: Procedemos a revisar los directorios.
Sat, 21 Nov 2020 20:39:03 -0300: El identificador: "GRUPO" tiene el siguiente valor: ""/home/andres/Documents/SISTEMAS OPERATIVOS/TP1/Sistemas_Operativos_2C2020/TP1/Grupo3/so7508/"".
Sat, 21 Nov 2020 20:39:03 -0300: El directorio "/home/andres/Documents/SISTEMAS OPERATIVOS/TP1/Sistemas_Operativos_2C2020/TP1/Grupo3/so7508/" fue encontrado, correspondiente al código: "GRUPO".
Sat, 21 Nov 2020 20:39:03 -0300: Seteada variable de ambiente DIRINST.
Sat, 21 Nov 2020 20:39:03 -0300: Seteada variable de ambiente DIRBIN.
Sat, 21 Nov 2020 20:39:03 -0300: Seteada variable de ambiente DIRMAE.
Sat, 21 Nov 2020 20:39:03 -0300: Seteada variable de ambiente DIRIN.
Sat, 21 Nov 2020 20:39:03 -0300: Seteada variable de ambiente DIRRECH.
Sat, 21 Nov 2020 20:39:03 -0300: Seteada variable de ambiente DIRPROC.
Sat, 21 Nov 2020 20:39:03 -0300: Seteada variable de ambiente DIROUT.
Sat, 21 Nov 2020 20:39:03 -0300: El identificador: "DIRINST" tiene el siguiente valor: ""/home/andres/Documents/SISTEMAS OPERATIVOS/TP1/Sistemas_Operativos_2C2020/TP1/Grupo3/so7508/"".
Sat, 21 Nov 2020 20:39:03 -0300: El directorio "/home/andres/Documents/SISTEMAS OPERATIVOS/TP1/Sistemas_Operativos_2C2020/TP1/Grupo3/so7508/" fue encontrado, correspondiente al código: "DIRINST".
Sat, 21 Nov 2020 20:39:03 -0300: Seteada variable de ambiente GRUPO.
Sat, 21 Nov 2020 20:39:03 -0300: Seteada variable de ambiente DIRBIN.
Sat, 21 Nov 2020 20:39:03 -0300: Seteada variable de ambiente DIRMAE.
Sat, 21 Nov 2020 20:39:03 -0300: Seteada variable de ambiente DIRIN.
Sat, 21 Nov 2020 20:39:03 -0300: Seteada variable de ambiente DIRRECH.
Sat, 21 Nov 2020 20:39:03 -0300: Seteada variable de ambiente DIRPROC.
Sat, 21 Nov 2020 20:39:03 -0300: Seteada variable de ambiente DIROUT.
Sat, 21 Nov 2020 20:39:03 -0300: El identificador: "DIRBIN" tiene el siguiente valor: ""/home/andres/Documents/SISTEMAS OPERATIVOS/TP1/Sistemas_Operativos_2C2020/TP1/Grupo3/so7508/"".
Sat, 21 Nov 2020 20:39:03 -0300: El directorio "/home/andres/Documents/SISTEMAS OPERATIVOS/TP1/Sistemas_Operativos_2C2020/TP1/Grupo3/so7508/" fue encontrado, correspondiente al código: "DIRBIN".
Sat, 21 Nov 2020 20:39:03 -0300: Seteada variable de ambiente GRUPO.
Sat, 21 Nov 2020 20:39:03 -0300: Seteada variable de ambiente DIRINST.
Sat, 21 Nov 2020 20:39:03 -0300: Seteada variable de ambiente DIRMAE.
Sat, 21 Nov 2020 20:39:03 -0300: Seteada variable de ambiente DIRIN.
Sat, 21 Nov 2020 20:39:03 -0300: Seteada variable de ambiente DIRRECH.
Sat, 21 Nov 2020 20:39:03 -0300: Seteada variable de ambiente DIRPROC.
Sat, 21 Nov 2020 20:39:03 -0300: Seteada variable de ambiente DIROUT.
Sat, 21 Nov 2020 20:39:03 -0300: El identificador: "DIRMAE" tiene el siguiente valor: ""/home/andres/Documents/SISTEMAS OPERATIVOS/TP1/Sistemas_Operativos_2C2020/TP1/Grupo3/so7508/"".
Sat, 21 Nov 2020 20:39:03 -0300: El directorio "/home/andres/Documents/SISTEMAS OPERATIVOS/TP1/Sistemas_Operativos_2C2020/TP1/Grupo3/so7508/" fue encontrado, correspondiente al código: "DIRMAE".
Sat, 21 Nov 2020 20:39:03 -0300: Seteada variable de ambiente GRUPO.
Sat, 21 Nov 2020 20:39:03 -0300: Seteada variable de ambiente DIRINST.
Sat, 21 Nov 2020 20:39:03 -0300: Seteada variable de ambiente DIRBIN.
Sat, 21 Nov 2020 20:39:03 -0300: Seteada variable de ambiente DIRIN.
Sat, 21 Nov 2020 20:39:03 -0300: Seteada variable de ambiente DIRRECH.
Sat, 21 Nov 2020 20:39:03 -0300: Seteada variable de ambiente DIRPROC.
Sat, 21 Nov 2020 20:39:03 -0300: Seteada variable de ambiente DIROUT.
Sat, 21 Nov 2020 20:39:03 -0300: El identificador: "DIRIN" tiene el siguiente valor: ""/home/andres/Documents/SISTEMAS OPERATIVOS/TP1/Sistemas_Operativos_2C2020/TP1/Grupo3/so7508/"".
Sat, 21 Nov 2020 20:39:03 -0300: El directorio "/home/andres/Documents/SISTEMAS OPERATIVOS/TP1/Sistemas_Operativos_2C2020/TP1/Grupo3/so7508/" fue encontrado, correspondiente al código: "DIRIN".
Sat, 21 Nov 2020 20:39:03 -0300: Seteada variable de ambiente GRUPO.
Sat, 21 Nov 2020 20:39:03 -0300: Seteada variable de ambiente DIRINST.
Sat, 21 Nov 2020 20:39:03 -0300: Seteada variable de ambiente DIRBIN.
Sat, 21 Nov 2020 20:39:03 -0300: Seteada variable de ambiente DIRMAE.
Sat, 21 Nov 2020 20:39:03 -0300: Seteada variable de ambiente DIRRECH.
Sat, 21 Nov 2020 20:39:03 -0300: Seteada variable de ambiente DIRPROC.
Sat, 21 Nov 2020 20:39:03 -0300: Seteada variable de ambiente DIROUT.
Sat, 21 Nov 2020 20:39:03 -0300: El identificador: "DIRRECH" tiene el siguiente valor: ""/home/andres/Documents/SISTEMAS OPERATIVOS/TP1/Sistemas_Operativos_2C2020/TP1/Grupo3/so7508/"".
Sat, 21 Nov 2020 20:39:03 -0300: El directorio "/home/andres/Documents/SISTEMAS OPERATIVOS/TP1/Sistemas_Operativos_2C2020/TP1/Grupo3/so7508/" fue encontrado, correspondiente al código: "DIRRECH".
Sat, 21 Nov 2020 20:39:03 -0300: Seteada variable de ambiente GRUPO.
Sat, 21 Nov 2020 20:39:03 -0300: Seteada variable de ambiente DIRINST.
Sat, 21 Nov 2020 20:39:03 -0300: Seteada variable de ambiente DIRBIN.
Sat, 21 Nov 2020 20:39:03 -0300: Seteada variable de ambiente DIRMAE.
Sat, 21 Nov 2020 20:39:03 -0300: Seteada variable de ambiente DIRIN.
Sat, 21 Nov 2020 20:39:03 -0300: Seteada variable de ambiente DIRPROC.
Sat, 21 Nov 2020 20:39:03 -0300: Seteada variable de ambiente DIROUT.
Sat, 21 Nov 2020 20:39:03 -0300: El identificador: "DIRPROC" tiene el siguiente valor: ""/home/andres/Documents/SISTEMAS OPERATIVOS/TP1/Sistemas_Operativos_2C2020/TP1/Grupo3/so7508/"".
Sat, 21 Nov 2020 20:39:03 -0300: El directorio "/home/andres/Documents/SISTEMAS OPERATIVOS/TP1/Sistemas_Operativos_2C2020/TP1/Grupo3/so7508/" fue encontrado, correspondiente al código: "DIRPROC".
Sat, 21 Nov 2020 20:39:03 -0300: Seteada variable de ambiente GRUPO.
Sat, 21 Nov 2020 20:39:03 -0300: Seteada variable de ambiente DIRINST.
Sat, 21 Nov 2020 20:39:03 -0300: Seteada variable de ambiente DIRBIN.
Sat, 21 Nov 2020 20:39:03 -0300: Seteada variable de ambiente DIRMAE.
Sat, 21 Nov 2020 20:39:03 -0300: Seteada variable de ambiente DIRIN.
Sat, 21 Nov 2020 20:39:03 -0300: Seteada variable de ambiente DIRRECH.
Sat, 21 Nov 2020 20:39:03 -0300: Seteada variable de ambiente DIROUT.
Sat, 21 Nov 2020 20:39:03 -0300: El identificador: "DIROUT" tiene el siguiente valor: ""/home/andres/Documents/SISTEMAS OPERATIVOS/TP1/Sistemas_Operativos_2C2020/TP1/Grupo3/so7508/"".
Sat, 21 Nov 2020 20:39:03 -0300: El directorio "/home/andres/Documents/SISTEMAS OPERATIVOS/TP1/Sistemas_Operativos_2C2020/TP1/Grupo3/so7508/" fue encontrado, correspondiente al código: "DIROUT".
Sat, 21 Nov 2020 20:39:03 -0300: Seteada variable de ambiente GRUPO.
Sat, 21 Nov 2020 20:39:03 -0300: Seteada variable de ambiente DIRINST.
Sat, 21 Nov 2020 20:39:03 -0300: Seteada variable de ambiente DIRBIN.
Sat, 21 Nov 2020 20:39:03 -0300: Seteada variable de ambiente DIRMAE.
Sat, 21 Nov 2020 20:39:03 -0300: Seteada variable de ambiente DIRIN.
Sat, 21 Nov 2020 20:39:03 -0300: Seteada variable de ambiente DIRRECH.
Sat, 21 Nov 2020 20:39:03 -0300: Seteada variable de ambiente DIRPROC.
Sat, 21 Nov 2020 20:39:03 -0300: El identificador: "INTSTALACION" tiene el siguiente valor: ""Sat, 21 Nov 2020 18:18:06 ".
Sat, 21 Nov 2020 20:39:03 -0300: En la posición: "9" del archivo instalarTP.conf está mal especificado el código: "INSTALACION".
Sat, 21 Nov 2020 20:39:03 -0300: Por favor vuelva a ejecutar instalarTP con la opción reparar.
Sat, 21 Nov 2020 20:39:03 -0300: Se encontró el archivo del directorio de tablas maestras:  "/home/andres/Documents/SISTEMAS OPERATIVOS/TEST/archivo1.txt".
Sat, 21 Nov 2020 20:39:03 -0300: Se encontró el archivo del directorio de tablas maestras:  "/home/andres/Documents/SISTEMAS OPERATIVOS/TEST/archivo2.txt".
Sat, 21 Nov 2020 20:39:03 -0300: Falta el archivo del directorio de tablas maestras:  "/home/andres/Documents/SISTEMAS OPERATIVOS/TEST/archivo3.txt".
Sat, 21 Nov 2020 20:39:03 -0300: Por favor vuelva a ejecutar instalarTP con la opción reparar.
Sat, 21 Nov 2020 20:39:03 -0300: Se otorgó el permiso de lectura para el directorio de las tablas maestras.
Sat, 21 Nov 2020 20:39:03 -0300: Se otorgó el permiso de ejecución para el directorio de los ejecutables.
Sat, 21 Nov 2020 20:39:03 -0300: process id que le asigno el sistema operativo.
Sat, 21 Nov 2020 20:39:03 -0300: si se quiere detener el proceso se debe usar frenarproceso.
Sat, 21 Nov 2020 20:39:03 -0300: si luego se quiere arrancar hay que hacerlo con arrancarproceso.
Sat, 21 Nov 2020 20:40:07 -0300: Inicio - iniciarambiente
Sat, 21 Nov 2020 20:40:07 -0300: El archivo "/home/andres/Documents/SISTEMAS OPERATIVOS/TP1/Sistemas_Operativos_2C2020/TP1/Grupo3/so7508/instalarTP.conf" fue encontrado.
Sat, 21 Nov 2020 20:40:07 -0300: Procedemos a revisar los directorios.
Sat, 21 Nov 2020 20:40:07 -0300: El identificador: "GRUPO" tiene el siguiente valor: ""/home/andres/Documents/SISTEMAS OPERATIVOS/TP1/Sistemas_Operativos_2C2020/TP1/Grupo3/so7508/"".
Sat, 21 Nov 2020 20:40:07 -0300: El directorio "/home/andres/Documents/SISTEMAS OPERATIVOS/TP1/Sistemas_Operativos_2C2020/TP1/Grupo3/so7508/" fue encontrado, correspondiente al código: "GRUPO".
Sat, 21 Nov 2020 20:40:07 -0300: Seteada variable de ambiente GRUPO.
Sat, 21 Nov 2020 20:40:07 -0300: El identificador: "DIRINST" tiene el siguiente valor: ""/home/andres/Documents/SISTEMAS OPERATIVOS/TP1/Sistemas_Operativos_2C2020/TP1/Grupo3/so7508/"".
Sat, 21 Nov 2020 20:40:08 -0300: El directorio "/home/andres/Documents/SISTEMAS OPERATIVOS/TP1/Sistemas_Operativos_2C2020/TP1/Grupo3/so7508/" fue encontrado, correspondiente al código: "DIRINST".
Sat, 21 Nov 2020 20:40:08 -0300: Seteada variable de ambiente DIRINST.
Sat, 21 Nov 2020 20:40:08 -0300: El identificador: "DIRBIN" tiene el siguiente valor: ""/home/andres/Documents/SISTEMAS OPERATIVOS/TP1/Sistemas_Operativos_2C2020/TP1/Grupo3/so7508/"".
Sat, 21 Nov 2020 20:40:08 -0300: El directorio "/home/andres/Documents/SISTEMAS OPERATIVOS/TP1/Sistemas_Operativos_2C2020/TP1/Grupo3/so7508/" fue encontrado, correspondiente al código: "DIRBIN".
Sat, 21 Nov 2020 20:40:08 -0300: Seteada variable de ambiente DIRBIN.
Sat, 21 Nov 2020 20:40:08 -0300: El identificador: "DIRMAE" tiene el siguiente valor: ""/home/andres/Documents/SISTEMAS OPERATIVOS/TP1/Sistemas_Operativos_2C2020/TP1/Grupo3/so7508/"".
Sat, 21 Nov 2020 20:40:08 -0300: El directorio "/home/andres/Documents/SISTEMAS OPERATIVOS/TP1/Sistemas_Operativos_2C2020/TP1/Grupo3/so7508/" fue encontrado, correspondiente al código: "DIRMAE".
Sat, 21 Nov 2020 20:40:08 -0300: Seteada variable de ambiente DIRMAE.
Sat, 21 Nov 2020 20:40:08 -0300: El identificador: "DIRIN" tiene el siguiente valor: ""/home/andres/Documents/SISTEMAS OPERATIVOS/TP1/Sistemas_Operativos_2C2020/TP1/Grupo3/so7508/"".
Sat, 21 Nov 2020 20:40:08 -0300: El directorio "/home/andres/Documents/SISTEMAS OPERATIVOS/TP1/Sistemas_Operativos_2C2020/TP1/Grupo3/so7508/" fue encontrado, correspondiente al código: "DIRIN".
Sat, 21 Nov 2020 20:40:08 -0300: Seteada variable de ambiente DIRIN.
Sat, 21 Nov 2020 20:40:08 -0300: El identificador: "DIRRECH" tiene el siguiente valor: ""/home/andres/Documents/SISTEMAS OPERATIVOS/TP1/Sistemas_Operativos_2C2020/TP1/Grupo3/so7508/"".
Sat, 21 Nov 2020 20:40:08 -0300: El directorio "/home/andres/Documents/SISTEMAS OPERATIVOS/TP1/Sistemas_Operativos_2C2020/TP1/Grupo3/so7508/" fue encontrado, correspondiente al código: "DIRRECH".
Sat, 21 Nov 2020 20:40:08 -0300: Seteada variable de ambiente DIRRECH.
Sat, 21 Nov 2020 20:40:08 -0300: El identificador: "DIRPROC" tiene el siguiente valor: ""/home/andres/Documents/SISTEMAS OPERATIVOS/TP1/Sistemas_Operativos_2C2020/TP1/Grupo3/so7508/"".
Sat, 21 Nov 2020 20:40:08 -0300: El directorio "/home/andres/Documents/SISTEMAS OPERATIVOS/TP1/Sistemas_Operativos_2C2020/TP1/Grupo3/so7508/" fue encontrado, correspondiente al código: "DIRPROC".
Sat, 21 Nov 2020 20:40:08 -0300: Seteada variable de ambiente DIRPROC.
Sat, 21 Nov 2020 20:40:08 -0300: El identificador: "DIROUT" tiene el siguiente valor: ""/home/andres/Documents/SISTEMAS OPERATIVOS/TP1/Sistemas_Operativos_2C2020/TP1/Grupo3/so7508/"".
Sat, 21 Nov 2020 20:40:08 -0300: El directorio "/home/andres/Documents/SISTEMAS OPERATIVOS/TP1/Sistemas_Operativos_2C2020/TP1/Grupo3/so7508/" fue encontrado, correspondiente al código: "DIROUT".
Sat, 21 Nov 2020 20:40:08 -0300: Seteada variable de ambiente DIROUT.
Sat, 21 Nov 2020 20:40:08 -0300: El identificador: "INTSTALACION" tiene el siguiente valor: ""Sat, 21 Nov 2020 18:18:06 ".
Sat, 21 Nov 2020 20:40:08 -0300: En la posición: "9" del archivo instalarTP.conf está mal especificado el código: "INSTALACION".
Sat, 21 Nov 2020 20:40:08 -0300: Por favor vuelva a ejecutar instalarTP con la opción reparar.
Sat, 21 Nov 2020 20:40:08 -0300: Se encontró el archivo del directorio de tablas maestras:  "/home/andres/Documents/SISTEMAS OPERATIVOS/TEST/archivo1.txt".
Sat, 21 Nov 2020 20:40:08 -0300: Se encontró el archivo del directorio de tablas maestras:  "/home/andres/Documents/SISTEMAS OPERATIVOS/TEST/archivo2.txt".
Sat, 21 Nov 2020 20:40:08 -0300: Falta el archivo del directorio de tablas maestras:  "/home/andres/Documents/SISTEMAS OPERATIVOS/TEST/archivo3.txt".
Sat, 21 Nov 2020 20:40:08 -0300: Por favor vuelva a ejecutar instalarTP con la opción reparar.
Sat, 21 Nov 2020 20:40:08 -0300: Se otorgó el permiso de lectura para el directorio de las tablas maestras.
Sat, 21 Nov 2020 20:40:08 -0300: Se otorgó el permiso de ejecución para el directorio de los ejecutables.
Sat, 21 Nov 2020 20:40:08 -0300: process id que le asigno el sistema operativo.
Sat, 21 Nov 2020 20:40:08 -0300: si se quiere detener el proceso se debe usar frenarproceso.
Sat, 21 Nov 2020 20:40:08 -0300: si luego se quiere arrancar hay que hacerlo con arrancarproceso.
Sat, 21 Nov 2020 21:18:16 -0300: Inicio - iniciarambiente
Sat, 21 Nov 2020 21:18:16 -0300: El archivo "/home/andres/Documents/SISTEMAS OPERATIVOS/TP1/Sistemas_Operativos_2C2020/TP1/Grupo3/so7508/instalarTP.conf" fue encontrado.
Sat, 21 Nov 2020 21:18:16 -0300: Procedemos a revisar los directorios.
Sat, 21 Nov 2020 21:18:16 -0300: El identificador: "GRUPO" tiene el siguiente valor: ""/home/andres/Documents/SISTEMAS OPERATIVOS/TP1/Sistemas_Operativos_2C2020/TP1/Grupo3/so7508/"".
Sat, 21 Nov 2020 21:18:16 -0300: El directorio "/home/andres/Documents/SISTEMAS OPERATIVOS/TP1/Sistemas_Operativos_2C2020/TP1/Grupo3/so7508/" fue encontrado, correspondiente al código: "GRUPO".
Sat, 21 Nov 2020 21:18:16 -0300: Seteada variable de ambiente GRUPO.
Sat, 21 Nov 2020 21:18:16 -0300: El identificador: "DIRINST" tiene el siguiente valor: ""/home/andres/Documents/SISTEMAS OPERATIVOS/TP1/Sistemas_Operativos_2C2020/TP1/Grupo3/so7508/"".
Sat, 21 Nov 2020 21:18:16 -0300: El directorio "/home/andres/Documents/SISTEMAS OPERATIVOS/TP1/Sistemas_Operativos_2C2020/TP1/Grupo3/so7508/" fue encontrado, correspondiente al código: "DIRINST".
Sat, 21 Nov 2020 21:18:16 -0300: Seteada variable de ambiente DIRINST.
Sat, 21 Nov 2020 21:18:16 -0300: El identificador: "DIRBIN" tiene el siguiente valor: ""/home/andres/Documents/SISTEMAS OPERATIVOS/TP1/Sistemas_Operativos_2C2020/TP1/Grupo3/so7508/"".
Sat, 21 Nov 2020 21:18:16 -0300: El directorio "/home/andres/Documents/SISTEMAS OPERATIVOS/TP1/Sistemas_Operativos_2C2020/TP1/Grupo3/so7508/" fue encontrado, correspondiente al código: "DIRBIN".
Sat, 21 Nov 2020 21:18:16 -0300: Seteada variable de ambiente DIRBIN.
Sat, 21 Nov 2020 21:18:16 -0300: El identificador: "DIRMAE" tiene el siguiente valor: ""/home/andres/Documents/SISTEMAS OPERATIVOS/TP1/Sistemas_Operativos_2C2020/TP1/Grupo3/so7508/"".
Sat, 21 Nov 2020 21:18:16 -0300: El directorio "/home/andres/Documents/SISTEMAS OPERATIVOS/TP1/Sistemas_Operativos_2C2020/TP1/Grupo3/so7508/" fue encontrado, correspondiente al código: "DIRMAE".
Sat, 21 Nov 2020 21:18:16 -0300: Seteada variable de ambiente DIRMAE.
Sat, 21 Nov 2020 21:18:16 -0300: El identificador: "DIRIN" tiene el siguiente valor: ""/home/andres/Documents/SISTEMAS OPERATIVOS/TP1/Sistemas_Operativos_2C2020/TP1/Grupo3/so7508/"".
Sat, 21 Nov 2020 21:18:16 -0300: El directorio "/home/andres/Documents/SISTEMAS OPERATIVOS/TP1/Sistemas_Operativos_2C2020/TP1/Grupo3/so7508/" fue encontrado, correspondiente al código: "DIRIN".
Sat, 21 Nov 2020 21:18:16 -0300: Seteada variable de ambiente DIRIN.
Sat, 21 Nov 2020 21:18:16 -0300: El identificador: "DIRRECH" tiene el siguiente valor: ""/home/andres/Documents/SISTEMAS OPERATIVOS/TP1/Sistemas_Operativos_2C2020/TP1/Grupo3/so7508/"".
Sat, 21 Nov 2020 21:18:16 -0300: El directorio "/home/andres/Documents/SISTEMAS OPERATIVOS/TP1/Sistemas_Operativos_2C2020/TP1/Grupo3/so7508/" fue encontrado, correspondiente al código: "DIRRECH".
Sat, 21 Nov 2020 21:18:16 -0300: Seteada variable de ambiente DIRRECH.
Sat, 21 Nov 2020 21:18:17 -0300: El identificador: "DIRPROC" tiene el siguiente valor: ""/home/andres/Documents/SISTEMAS OPERATIVOS/TP1/Sistemas_Operativos_2C2020/TP1/Grupo3/so7508/"".
Sat, 21 Nov 2020 21:18:17 -0300: El directorio "/home/andres/Documents/SISTEMAS OPERATIVOS/TP1/Sistemas_Operativos_2C2020/TP1/Grupo3/so7508/" fue encontrado, correspondiente al código: "DIRPROC".
Sat, 21 Nov 2020 21:18:17 -0300: Seteada variable de ambiente DIRPROC.
Sat, 21 Nov 2020 21:18:17 -0300: El identificador: "DIROUT" tiene el siguiente valor: ""/home/andres/Documents/SISTEMAS OPERATIVOS/TP1/Sistemas_Operativos_2C2020/TP1/Grupo3/so7508/"".
Sat, 21 Nov 2020 21:18:17 -0300: El directorio "/home/andres/Documents/SISTEMAS OPERATIVOS/TP1/Sistemas_Operativos_2C2020/TP1/Grupo3/so7508/" fue encontrado, correspondiente al código: "DIROUT".
Sat, 21 Nov 2020 21:18:17 -0300: Seteada variable de ambiente DIROUT.
Sat, 21 Nov 2020 21:18:17 -0300: El identificador: "INTSTALACION" tiene el siguiente valor: ""Sat, 21 Nov 2020 18:18:06 ".
Sat, 21 Nov 2020 21:18:17 -0300: En la posición: "9" del archivo instalarTP.conf está mal especificado el código: "INSTALACION".
Sat, 21 Nov 2020 21:18:17 -0300: Por favor vuelva a ejecutar instalarTP con la opción reparar.
Sat, 21 Nov 2020 21:18:17 -0300: Se encontró el archivo del directorio de tablas maestras:  "/home/andres/Documents/SISTEMAS OPERATIVOS/TEST/archivo1.txt".
Sat, 21 Nov 2020 21:18:17 -0300: Se encontró el archivo del directorio de tablas maestras:  "/home/andres/Documents/SISTEMAS OPERATIVOS/TEST/archivo2.txt".
Sat, 21 Nov 2020 21:18:17 -0300: Falta el archivo del directorio de tablas maestras:  "/home/andres/Documents/SISTEMAS OPERATIVOS/TEST/archivo3.txt".
Sat, 21 Nov 2020 21:18:17 -0300: Por favor vuelva a ejecutar instalarTP con la opción reparar.
Sat, 21 Nov 2020 21:18:17 -0300: Se otorgó el permiso de lectura para el directorio de las tablas maestras.
Sat, 21 Nov 2020 21:18:17 -0300: Se otorgó el permiso de ejecución para el directorio de los ejecutables.
Sat, 21 Nov 2020 21:18:17 -0300: Arrancamos el proceso principal.
Sat, 21 Nov 2020 21:18:17 -0300: process id que le asigno el sistema operativo.
Sat, 21 Nov 2020 21:18:17 -0300: si se quiere detener el proceso se debe usar frenarproceso.
Sat, 21 Nov 2020 21:18:17 -0300: si luego se quiere arrancar hay que hacerlo con arrancarproceso.
Sat, 21 Nov 2020 21:26:07 -0300: Inicio - iniciarambiente
Sat, 21 Nov 2020 21:26:07 -0300: El archivo "/home/andres/Documents/SISTEMAS OPERATIVOS/TP1/Sistemas_Operativos_2C2020/TP1/Grupo3/so7508/instalarTP.conf" fue encontrado.
Sat, 21 Nov 2020 21:26:07 -0300: Procedemos a revisar los directorios.
Sat, 21 Nov 2020 21:26:07 -0300: El identificador: "GRUPO" tiene el siguiente valor: ""/home/andres/Documents/SISTEMAS OPERATIVOS/TP1/Sistemas_Operativos_2C2020/TP1/Grupo3/so7508/"".
Sat, 21 Nov 2020 21:26:07 -0300: El directorio "/home/andres/Documents/SISTEMAS OPERATIVOS/TP1/Sistemas_Operativos_2C2020/TP1/Grupo3/so7508/" fue encontrado, correspondiente al código: "GRUPO".
Sat, 21 Nov 2020 21:26:07 -0300: Seteada variable de ambiente GRUPO.
Sat, 21 Nov 2020 21:26:07 -0300: El identificador: "DIRINST" tiene el siguiente valor: ""/home/andres/Documents/SISTEMAS OPERATIVOS/TP1/Sistemas_Operativos_2C2020/TP1/Grupo3/so7508/"".
Sat, 21 Nov 2020 21:26:07 -0300: El directorio "/home/andres/Documents/SISTEMAS OPERATIVOS/TP1/Sistemas_Operativos_2C2020/TP1/Grupo3/so7508/" fue encontrado, correspondiente al código: "DIRINST".
Sat, 21 Nov 2020 21:26:07 -0300: Seteada variable de ambiente DIRINST.
Sat, 21 Nov 2020 21:26:07 -0300: El identificador: "DIRBIN" tiene el siguiente valor: ""/home/andres/Documents/SISTEMAS OPERATIVOS/TP1/Sistemas_Operativos_2C2020/TP1/Grupo3/so7508/"".
Sat, 21 Nov 2020 21:26:07 -0300: El directorio "/home/andres/Documents/SISTEMAS OPERATIVOS/TP1/Sistemas_Operativos_2C2020/TP1/Grupo3/so7508/" fue encontrado, correspondiente al código: "DIRBIN".
Sat, 21 Nov 2020 21:26:07 -0300: Seteada variable de ambiente DIRBIN.
Sat, 21 Nov 2020 21:26:07 -0300: El identificador: "DIRMAE" tiene el siguiente valor: ""/home/andres/Documents/SISTEMAS OPERATIVOS/TP1/Sistemas_Operativos_2C2020/TP1/Grupo3/so7508/"".
Sat, 21 Nov 2020 21:26:07 -0300: El directorio "/home/andres/Documents/SISTEMAS OPERATIVOS/TP1/Sistemas_Operativos_2C2020/TP1/Grupo3/so7508/" fue encontrado, correspondiente al código: "DIRMAE".
Sat, 21 Nov 2020 21:26:07 -0300: Seteada variable de ambiente DIRMAE.
Sat, 21 Nov 2020 21:26:07 -0300: El identificador: "DIRIN" tiene el siguiente valor: ""/home/andres/Documents/SISTEMAS OPERATIVOS/TP1/Sistemas_Operativos_2C2020/TP1/Grupo3/so7508/"".
Sat, 21 Nov 2020 21:26:07 -0300: El directorio "/home/andres/Documents/SISTEMAS OPERATIVOS/TP1/Sistemas_Operativos_2C2020/TP1/Grupo3/so7508/" fue encontrado, correspondiente al código: "DIRIN".
Sat, 21 Nov 2020 21:26:07 -0300: Seteada variable de ambiente DIRIN.
Sat, 21 Nov 2020 21:26:07 -0300: El identificador: "DIRRECH" tiene el siguiente valor: ""/home/andres/Documents/SISTEMAS OPERATIVOS/TP1/Sistemas_Operativos_2C2020/TP1/Grupo3/so7508/"".
Sat, 21 Nov 2020 21:26:07 -0300: El directorio "/home/andres/Documents/SISTEMAS OPERATIVOS/TP1/Sistemas_Operativos_2C2020/TP1/Grupo3/so7508/" fue encontrado, correspondiente al código: "DIRRECH".
Sat, 21 Nov 2020 21:26:07 -0300: Seteada variable de ambiente DIRRECH.
Sat, 21 Nov 2020 21:26:07 -0300: El identificador: "DIRPROC" tiene el siguiente valor: ""/home/andres/Documents/SISTEMAS OPERATIVOS/TP1/Sistemas_Operativos_2C2020/TP1/Grupo3/so7508/"".
Sat, 21 Nov 2020 21:26:07 -0300: El directorio "/home/andres/Documents/SISTEMAS OPERATIVOS/TP1/Sistemas_Operativos_2C2020/TP1/Grupo3/so7508/" fue encontrado, correspondiente al código: "DIRPROC".
Sat, 21 Nov 2020 21:26:07 -0300: Seteada variable de ambiente DIRPROC.
Sat, 21 Nov 2020 21:26:07 -0300: El identificador: "DIROUT" tiene el siguiente valor: ""/home/andres/Documents/SISTEMAS OPERATIVOS/TP1/Sistemas_Operativos_2C2020/TP1/Grupo3/so7508/"".
Sat, 21 Nov 2020 21:26:07 -0300: El directorio "/home/andres/Documents/SISTEMAS OPERATIVOS/TP1/Sistemas_Operativos_2C2020/TP1/Grupo3/so7508/" fue encontrado, correspondiente al código: "DIROUT".
Sat, 21 Nov 2020 21:26:07 -0300: Seteada variable de ambiente DIROUT.
Sat, 21 Nov 2020 21:26:07 -0300: El identificador: "INTSTALACION" tiene el siguiente valor: ""Sat, 21 Nov 2020 18:18:06 ".
Sat, 21 Nov 2020 21:26:07 -0300: En la posición: "9" del archivo instalarTP.conf está mal especificado el código: "INSTALACION".
Sat, 21 Nov 2020 21:26:07 -0300: Por favor vuelva a ejecutar instalarTP con la opción reparar.
Sat, 21 Nov 2020 21:26:07 -0300: Se encontró el archivo del directorio de tablas maestras:  "/home/andres/Documents/SISTEMAS OPERATIVOS/TEST/archivo1.txt".
Sat, 21 Nov 2020 21:26:07 -0300: Se encontró el archivo del directorio de tablas maestras:  "/home/andres/Documents/SISTEMAS OPERATIVOS/TEST/archivo2.txt".
Sat, 21 Nov 2020 21:26:07 -0300: Falta el archivo del directorio de tablas maestras:  "/home/andres/Documents/SISTEMAS OPERATIVOS/TEST/archivo3.txt".
Sat, 21 Nov 2020 21:26:07 -0300: Por favor vuelva a ejecutar instalarTP con la opción reparar.
Sat, 21 Nov 2020 21:26:07 -0300: Se otorgó el permiso de lectura para el directorio de las tablas maestras.
Sat, 21 Nov 2020 21:26:07 -0300: Se otorgó el permiso de ejecución para el directorio de los ejecutables.
Sat, 21 Nov 2020 21:26:07 -0300: Arrancamos el proceso principal.
Sat, 21 Nov 2020 21:26:07 -0300: process id que le asigno el sistema operativo.
Sat, 21 Nov 2020 21:26:07 -0300: si se quiere detener el proceso se debe usar frenarproceso.
Sat, 21 Nov 2020 21:26:07 -0300: si luego se quiere arrancar hay que hacerlo con arrancarproceso.
Sat, 21 Nov 2020 21:26:41 -0300: Inicio - iniciarambiente
Sat, 21 Nov 2020 21:26:41 -0300: El archivo "/home/andres/Documents/SISTEMAS OPERATIVOS/TP1/Sistemas_Operativos_2C2020/TP1/Grupo3/so7508/instalarTP.conf" fue encontrado.
Sat, 21 Nov 2020 21:26:41 -0300: Procedemos a revisar los directorios.
Sat, 21 Nov 2020 21:26:41 -0300: El identificador: "GRUPO" tiene el siguiente valor: ""/home/andres/Documents/SISTEMAS OPERATIVOS/TP1/Sistemas_Operativos_2C2020/TP1/Grupo3/so7508/"".
Sat, 21 Nov 2020 21:26:41 -0300: El directorio "/home/andres/Documents/SISTEMAS OPERATIVOS/TP1/Sistemas_Operativos_2C2020/TP1/Grupo3/so7508/" fue encontrado, correspondiente al código: "GRUPO".
Sat, 21 Nov 2020 21:26:41 -0300: Seteada variable de ambiente GRUPO.
Sat, 21 Nov 2020 21:26:41 -0300: El identificador: "DIRINST" tiene el siguiente valor: ""/home/andres/Documents/SISTEMAS OPERATIVOS/TP1/Sistemas_Operativos_2C2020/TP1/Grupo3/so7508/"".
Sat, 21 Nov 2020 21:26:41 -0300: El directorio "/home/andres/Documents/SISTEMAS OPERATIVOS/TP1/Sistemas_Operativos_2C2020/TP1/Grupo3/so7508/" fue encontrado, correspondiente al código: "DIRINST".
Sat, 21 Nov 2020 21:26:41 -0300: Seteada variable de ambiente DIRINST.
Sat, 21 Nov 2020 21:26:41 -0300: El identificador: "DIRBIN" tiene el siguiente valor: ""/home/andres/Documents/SISTEMAS OPERATIVOS/TP1/Sistemas_Operativos_2C2020/TP1/Grupo3/so7508/"".
Sat, 21 Nov 2020 21:26:41 -0300: El directorio "/home/andres/Documents/SISTEMAS OPERATIVOS/TP1/Sistemas_Operativos_2C2020/TP1/Grupo3/so7508/" fue encontrado, correspondiente al código: "DIRBIN".
Sat, 21 Nov 2020 21:26:41 -0300: Seteada variable de ambiente DIRBIN.
Sat, 21 Nov 2020 21:26:41 -0300: El identificador: "DIRMAE" tiene el siguiente valor: ""/home/andres/Documents/SISTEMAS OPERATIVOS/TP1/Sistemas_Operativos_2C2020/TP1/Grupo3/so7508/"".
Sat, 21 Nov 2020 21:26:41 -0300: El directorio "/home/andres/Documents/SISTEMAS OPERATIVOS/TP1/Sistemas_Operativos_2C2020/TP1/Grupo3/so7508/" fue encontrado, correspondiente al código: "DIRMAE".
Sat, 21 Nov 2020 21:26:41 -0300: Seteada variable de ambiente DIRMAE.
Sat, 21 Nov 2020 21:26:41 -0300: El identificador: "DIRIN" tiene el siguiente valor: ""/home/andres/Documents/SISTEMAS OPERATIVOS/TP1/Sistemas_Operativos_2C2020/TP1/Grupo3/so7508/"".
Sat, 21 Nov 2020 21:26:41 -0300: El directorio "/home/andres/Documents/SISTEMAS OPERATIVOS/TP1/Sistemas_Operativos_2C2020/TP1/Grupo3/so7508/" fue encontrado, correspondiente al código: "DIRIN".
Sat, 21 Nov 2020 21:26:41 -0300: Seteada variable de ambiente DIRIN.
Sat, 21 Nov 2020 21:26:41 -0300: El identificador: "DIRRECH" tiene el siguiente valor: ""/home/andres/Documents/SISTEMAS OPERATIVOS/TP1/Sistemas_Operativos_2C2020/TP1/Grupo3/so7508/"".
Sat, 21 Nov 2020 21:26:41 -0300: El directorio "/home/andres/Documents/SISTEMAS OPERATIVOS/TP1/Sistemas_Operativos_2C2020/TP1/Grupo3/so7508/" fue encontrado, correspondiente al código: "DIRRECH".
Sat, 21 Nov 2020 21:26:41 -0300: Seteada variable de ambiente DIRRECH.
Sat, 21 Nov 2020 21:26:41 -0300: El identificador: "DIRPROC" tiene el siguiente valor: ""/home/andres/Documents/SISTEMAS OPERATIVOS/TP1/Sistemas_Operativos_2C2020/TP1/Grupo3/so7508/"".
Sat, 21 Nov 2020 21:26:41 -0300: El directorio "/home/andres/Documents/SISTEMAS OPERATIVOS/TP1/Sistemas_Operativos_2C2020/TP1/Grupo3/so7508/" fue encontrado, correspondiente al código: "DIRPROC".
Sat, 21 Nov 2020 21:26:41 -0300: Seteada variable de ambiente DIRPROC.
Sat, 21 Nov 2020 21:26:41 -0300: El identificador: "DIROUT" tiene el siguiente valor: ""/home/andres/Documents/SISTEMAS OPERATIVOS/TP1/Sistemas_Operativos_2C2020/TP1/Grupo3/so7508/"".
Sat, 21 Nov 2020 21:26:41 -0300: El directorio "/home/andres/Documents/SISTEMAS OPERATIVOS/TP1/Sistemas_Operativos_2C2020/TP1/Grupo3/so7508/" fue encontrado, correspondiente al código: "DIROUT".
Sat, 21 Nov 2020 21:26:41 -0300: Seteada variable de ambiente DIROUT.
Sat, 21 Nov 2020 21:26:41 -0300: El identificador: "INTSTALACION" tiene el siguiente valor: ""Sat, 21 Nov 2020 18:18:06 ".
Sat, 21 Nov 2020 21:26:41 -0300: En la posición: "9" del archivo instalarTP.conf está mal especificado el código: "INSTALACION".
Sat, 21 Nov 2020 21:26:41 -0300: Por favor vuelva a ejecutar instalarTP con la opción reparar.
Sat, 21 Nov 2020 21:26:41 -0300: Se encontró el archivo del directorio de tablas maestras:  "/home/andres/Documents/SISTEMAS OPERATIVOS/TEST/archivo1.txt".
Sat, 21 Nov 2020 21:26:41 -0300: Se encontró el archivo del directorio de tablas maestras:  "/home/andres/Documents/SISTEMAS OPERATIVOS/TEST/archivo2.txt".
Sat, 21 Nov 2020 21:26:41 -0300: Falta el archivo del directorio de tablas maestras:  "/home/andres/Documents/SISTEMAS OPERATIVOS/TEST/archivo3.txt".
Sat, 21 Nov 2020 21:26:41 -0300: Por favor vuelva a ejecutar instalarTP con la opción reparar.
Sat, 21 Nov 2020 21:26:41 -0300: Se otorgó el permiso de lectura para el directorio de las tablas maestras.
Sat, 21 Nov 2020 21:26:41 -0300: Se otorgó el permiso de ejecución para el directorio de los ejecutables.
Sat, 21 Nov 2020 21:26:41 -0300: Arrancamos el proceso principal.
Sat, 21 Nov 2020 21:26:41 -0300: process id que le asigno el sistema operativo.
Sat, 21 Nov 2020 21:26:41 -0300: si se quiere detener el proceso se debe usar frenarproceso.
Sat, 21 Nov 2020 21:26:41 -0300: si luego se quiere arrancar hay que hacerlo con arrancarproceso.
Sat, 21 Nov 2020 21:26:50 -0300: Inicio - iniciarambiente
Sat, 21 Nov 2020 21:26:50 -0300: El archivo "/home/andres/Documents/SISTEMAS OPERATIVOS/TP1/Sistemas_Operativos_2C2020/TP1/Grupo3/so7508/instalarTP.conf" fue encontrado.
Sat, 21 Nov 2020 21:26:50 -0300: Procedemos a revisar los directorios.
Sat, 21 Nov 2020 21:26:50 -0300: El identificador: "GRUPO" tiene el siguiente valor: ""/home/andres/Documents/SISTEMAS OPERATIVOS/TP1/Sistemas_Operativos_2C2020/TP1/Grupo3/so7508/"".
Sat, 21 Nov 2020 21:26:50 -0300: El directorio "/home/andres/Documents/SISTEMAS OPERATIVOS/TP1/Sistemas_Operativos_2C2020/TP1/Grupo3/so7508/" fue encontrado, correspondiente al código: "GRUPO".
Sat, 21 Nov 2020 21:26:50 -0300: Seteada variable de ambiente GRUPO.
Sat, 21 Nov 2020 21:26:50 -0300: El identificador: "DIRINST" tiene el siguiente valor: ""/home/andres/Documents/SISTEMAS OPERATIVOS/TP1/Sistemas_Operativos_2C2020/TP1/Grupo3/so7508/"".
Sat, 21 Nov 2020 21:26:50 -0300: El directorio "/home/andres/Documents/SISTEMAS OPERATIVOS/TP1/Sistemas_Operativos_2C2020/TP1/Grupo3/so7508/" fue encontrado, correspondiente al código: "DIRINST".
Sat, 21 Nov 2020 21:26:50 -0300: Seteada variable de ambiente DIRINST.
Sat, 21 Nov 2020 21:26:50 -0300: El identificador: "DIRBIN" tiene el siguiente valor: ""/home/andres/Documents/SISTEMAS OPERATIVOS/TP1/Sistemas_Operativos_2C2020/TP1/Grupo3/so7508/"".
Sat, 21 Nov 2020 21:26:50 -0300: El directorio "/home/andres/Documents/SISTEMAS OPERATIVOS/TP1/Sistemas_Operativos_2C2020/TP1/Grupo3/so7508/" fue encontrado, correspondiente al código: "DIRBIN".
Sat, 21 Nov 2020 21:26:50 -0300: Seteada variable de ambiente DIRBIN.
Sat, 21 Nov 2020 21:26:50 -0300: El identificador: "DIRMAE" tiene el siguiente valor: ""/home/andres/Documents/SISTEMAS OPERATIVOS/TP1/Sistemas_Operativos_2C2020/TP1/Grupo3/so7508/"".
Sat, 21 Nov 2020 21:26:50 -0300: El directorio "/home/andres/Documents/SISTEMAS OPERATIVOS/TP1/Sistemas_Operativos_2C2020/TP1/Grupo3/so7508/" fue encontrado, correspondiente al código: "DIRMAE".
Sat, 21 Nov 2020 21:26:50 -0300: Seteada variable de ambiente DIRMAE.
Sat, 21 Nov 2020 21:26:50 -0300: El identificador: "DIRIN" tiene el siguiente valor: ""/home/andres/Documents/SISTEMAS OPERATIVOS/TP1/Sistemas_Operativos_2C2020/TP1/Grupo3/so7508/"".
Sat, 21 Nov 2020 21:26:50 -0300: El directorio "/home/andres/Documents/SISTEMAS OPERATIVOS/TP1/Sistemas_Operativos_2C2020/TP1/Grupo3/so7508/" fue encontrado, correspondiente al código: "DIRIN".
Sat, 21 Nov 2020 21:26:50 -0300: Seteada variable de ambiente DIRIN.
Sat, 21 Nov 2020 21:26:50 -0300: El identificador: "DIRRECH" tiene el siguiente valor: ""/home/andres/Documents/SISTEMAS OPERATIVOS/TP1/Sistemas_Operativos_2C2020/TP1/Grupo3/so7508/"".
Sat, 21 Nov 2020 21:26:50 -0300: El directorio "/home/andres/Documents/SISTEMAS OPERATIVOS/TP1/Sistemas_Operativos_2C2020/TP1/Grupo3/so7508/" fue encontrado, correspondiente al código: "DIRRECH".
Sat, 21 Nov 2020 21:26:50 -0300: Seteada variable de ambiente DIRRECH.
Sat, 21 Nov 2020 21:26:50 -0300: El identificador: "DIRPROC" tiene el siguiente valor: ""/home/andres/Documents/SISTEMAS OPERATIVOS/TP1/Sistemas_Operativos_2C2020/TP1/Grupo3/so7508/"".
Sat, 21 Nov 2020 21:26:50 -0300: El directorio "/home/andres/Documents/SISTEMAS OPERATIVOS/TP1/Sistemas_Operativos_2C2020/TP1/Grupo3/so7508/" fue encontrado, correspondiente al código: "DIRPROC".
Sat, 21 Nov 2020 21:26:50 -0300: Seteada variable de ambiente DIRPROC.
Sat, 21 Nov 2020 21:26:50 -0300: El identificador: "DIROUT" tiene el siguiente valor: ""/home/andres/Documents/SISTEMAS OPERATIVOS/TP1/Sistemas_Operativos_2C2020/TP1/Grupo3/so7508/"".
Sat, 21 Nov 2020 21:26:50 -0300: El directorio "/home/andres/Documents/SISTEMAS OPERATIVOS/TP1/Sistemas_Operativos_2C2020/TP1/Grupo3/so7508/" fue encontrado, correspondiente al código: "DIROUT".
Sat, 21 Nov 2020 21:26:50 -0300: Seteada variable de ambiente DIROUT.
Sat, 21 Nov 2020 21:26:50 -0300: El identificador: "INTSTALACION" tiene el siguiente valor: ""Sat, 21 Nov 2020 18:18:06 ".
Sat, 21 Nov 2020 21:26:50 -0300: En la posición: "9" del archivo instalarTP.conf está mal especificado el código: "INSTALACION".
Sat, 21 Nov 2020 21:26:50 -0300: Por favor vuelva a ejecutar instalarTP con la opción reparar.
Sat, 21 Nov 2020 21:26:50 -0300: Se encontró el archivo del directorio de tablas maestras:  "/home/andres/Documents/SISTEMAS OPERATIVOS/TEST/archivo1.txt".
Sat, 21 Nov 2020 21:26:50 -0300: Se encontró el archivo del directorio de tablas maestras:  "/home/andres/Documents/SISTEMAS OPERATIVOS/TEST/archivo2.txt".
Sat, 21 Nov 2020 21:26:50 -0300: Falta el archivo del directorio de tablas maestras:  "/home/andres/Documents/SISTEMAS OPERATIVOS/TEST/archivo3.txt".
Sat, 21 Nov 2020 21:26:50 -0300: Por favor vuelva a ejecutar instalarTP con la opción reparar.
Sat, 21 Nov 2020 21:26:50 -0300: Se otorgó el permiso de lectura para el directorio de las tablas maestras.
Sat, 21 Nov 2020 21:26:50 -0300: Se otorgó el permiso de ejecución para el directorio de los ejecutables.
Sat, 21 Nov 2020 21:26:50 -0300: Arrancamos el proceso principal.
Sat, 21 Nov 2020 21:26:50 -0300: process id que le asigno el sistema operativo.
Sat, 21 Nov 2020 21:26:50 -0300: si se quiere detener el proceso se debe usar frenarproceso.
Sat, 21 Nov 2020 21:26:50 -0300: si luego se quiere arrancar hay que hacerlo con arrancarproceso.
Sat, 21 Nov 2020 21:32:23 -0300: Inicio - iniciarambiente
Sat, 21 Nov 2020 21:32:23 -0300: El archivo "/home/andres/Documents/SISTEMAS OPERATIVOS/TP1/Sistemas_Operativos_2C2020/TP1/Grupo3/so7508/instalarTP.conf" fue encontrado.
Sat, 21 Nov 2020 21:32:23 -0300: Procedemos a revisar los directorios.
Sat, 21 Nov 2020 21:32:23 -0300: El identificador: "GRUPO" tiene el siguiente valor: ""/home/andres/Documents/SISTEMAS OPERATIVOS/TP1/Sistemas_Operativos_2C2020/TP1/Grupo3/so7508/"".
Sat, 21 Nov 2020 21:32:23 -0300: El directorio "/home/andres/Documents/SISTEMAS OPERATIVOS/TP1/Sistemas_Operativos_2C2020/TP1/Grupo3/so7508/" fue encontrado, correspondiente al código: "GRUPO".
Sat, 21 Nov 2020 21:32:23 -0300: Seteada variable de ambiente GRUPO.
Sat, 21 Nov 2020 21:32:23 -0300: El identificador: "DIRINST" tiene el siguiente valor: ""/home/andres/Documents/SISTEMAS OPERATIVOS/TP1/Sistemas_Operativos_2C2020/TP1/Grupo3/so7508/"".
Sat, 21 Nov 2020 21:32:23 -0300: El directorio "/home/andres/Documents/SISTEMAS OPERATIVOS/TP1/Sistemas_Operativos_2C2020/TP1/Grupo3/so7508/" fue encontrado, correspondiente al código: "DIRINST".
Sat, 21 Nov 2020 21:32:23 -0300: Seteada variable de ambiente DIRINST.
Sat, 21 Nov 2020 21:32:24 -0300: El identificador: "DIRBIN" tiene el siguiente valor: ""/home/andres/Documents/SISTEMAS OPERATIVOS/TP1/Sistemas_Operativos_2C2020/TP1/Grupo3/so7508/"".
Sat, 21 Nov 2020 21:32:24 -0300: El directorio "/home/andres/Documents/SISTEMAS OPERATIVOS/TP1/Sistemas_Operativos_2C2020/TP1/Grupo3/so7508/" fue encontrado, correspondiente al código: "DIRBIN".
Sat, 21 Nov 2020 21:32:24 -0300: Seteada variable de ambiente DIRBIN.
Sat, 21 Nov 2020 21:32:24 -0300: El identificador: "DIRMAE" tiene el siguiente valor: ""/home/andres/Documents/SISTEMAS OPERATIVOS/TP1/Sistemas_Operativos_2C2020/TP1/Grupo3/so7508/"".
Sat, 21 Nov 2020 21:32:24 -0300: El directorio "/home/andres/Documents/SISTEMAS OPERATIVOS/TP1/Sistemas_Operativos_2C2020/TP1/Grupo3/so7508/" fue encontrado, correspondiente al código: "DIRMAE".
Sat, 21 Nov 2020 21:32:24 -0300: Seteada variable de ambiente DIRMAE.
Sat, 21 Nov 2020 21:32:24 -0300: El identificador: "DIRIN" tiene el siguiente valor: ""/home/andres/Documents/SISTEMAS OPERATIVOS/TP1/Sistemas_Operativos_2C2020/TP1/Grupo3/so7508/"".
Sat, 21 Nov 2020 21:32:24 -0300: El directorio "/home/andres/Documents/SISTEMAS OPERATIVOS/TP1/Sistemas_Operativos_2C2020/TP1/Grupo3/so7508/" fue encontrado, correspondiente al código: "DIRIN".
Sat, 21 Nov 2020 21:32:24 -0300: Seteada variable de ambiente DIRIN.
Sat, 21 Nov 2020 21:32:24 -0300: El identificador: "DIRRECH" tiene el siguiente valor: ""/home/andres/Documents/SISTEMAS OPERATIVOS/TP1/Sistemas_Operativos_2C2020/TP1/Grupo3/so7508/"".
Sat, 21 Nov 2020 21:32:24 -0300: El directorio "/home/andres/Documents/SISTEMAS OPERATIVOS/TP1/Sistemas_Operativos_2C2020/TP1/Grupo3/so7508/" fue encontrado, correspondiente al código: "DIRRECH".
Sat, 21 Nov 2020 21:32:24 -0300: Seteada variable de ambiente DIRRECH.
Sat, 21 Nov 2020 21:32:24 -0300: El identificador: "DIRPROC" tiene el siguiente valor: ""/home/andres/Documents/SISTEMAS OPERATIVOS/TP1/Sistemas_Operativos_2C2020/TP1/Grupo3/so7508/"".
Sat, 21 Nov 2020 21:32:24 -0300: El directorio "/home/andres/Documents/SISTEMAS OPERATIVOS/TP1/Sistemas_Operativos_2C2020/TP1/Grupo3/so7508/" fue encontrado, correspondiente al código: "DIRPROC".
Sat, 21 Nov 2020 21:32:24 -0300: Seteada variable de ambiente DIRPROC.
Sat, 21 Nov 2020 21:32:24 -0300: El identificador: "DIROUT" tiene el siguiente valor: ""/home/andres/Documents/SISTEMAS OPERATIVOS/TP1/Sistemas_Operativos_2C2020/TP1/Grupo3/so7508/"".
Sat, 21 Nov 2020 21:32:24 -0300: El directorio "/home/andres/Documents/SISTEMAS OPERATIVOS/TP1/Sistemas_Operativos_2C2020/TP1/Grupo3/so7508/" fue encontrado, correspondiente al código: "DIROUT".
Sat, 21 Nov 2020 21:32:24 -0300: Seteada variable de ambiente DIROUT.
Sat, 21 Nov 2020 21:32:24 -0300: El identificador: "INTSTALACION" tiene el siguiente valor: ""Sat, 21 Nov 2020 18:18:06 ".
Sat, 21 Nov 2020 21:32:24 -0300: En la posición: "9" del archivo instalarTP.conf está mal especificado el código: "INSTALACION".
Sat, 21 Nov 2020 21:32:24 -0300: Por favor vuelva a ejecutar instalarTP con la opción reparar.
Sat, 21 Nov 2020 21:32:24 -0300: Se encontró el archivo del directorio de tablas maestras:  "/home/andres/Documents/SISTEMAS OPERATIVOS/TEST/archivo1.txt".
Sat, 21 Nov 2020 21:32:24 -0300: Se encontró el archivo del directorio de tablas maestras:  "/home/andres/Documents/SISTEMAS OPERATIVOS/TEST/archivo2.txt".
Sat, 21 Nov 2020 21:32:24 -0300: Falta el archivo del directorio de tablas maestras:  "/home/andres/Documents/SISTEMAS OPERATIVOS/TEST/archivo3.txt".
Sat, 21 Nov 2020 21:32:24 -0300: Por favor vuelva a ejecutar instalarTP con la opción reparar.
Sat, 21 Nov 2020 21:32:24 -0300: Se otorgó el permiso de lectura para el directorio de las tablas maestras.
Sat, 21 Nov 2020 21:32:24 -0300: Se otorgó el permiso de ejecución para el directorio de los ejecutables.
Sat, 21 Nov 2020 21:32:24 -0300: Arrancamos el proceso principal.
Sat, 21 Nov 2020 21:34:09 -0300: Inicio - iniciarambiente
Sat, 21 Nov 2020 21:34:09 -0300: El archivo "/home/andres/Documents/SISTEMAS OPERATIVOS/TP1/Sistemas_Operativos_2C2020/TP1/Grupo3/so7508/instalarTP.conf" fue encontrado.
Sat, 21 Nov 2020 21:34:09 -0300: Procedemos a revisar los directorios.
Sat, 21 Nov 2020 21:34:09 -0300: El identificador: "GRUPO" tiene el siguiente valor: ""/home/andres/Documents/SISTEMAS OPERATIVOS/TP1/Sistemas_Operativos_2C2020/TP1/Grupo3/so7508/"".
Sat, 21 Nov 2020 21:34:09 -0300: El directorio "/home/andres/Documents/SISTEMAS OPERATIVOS/TP1/Sistemas_Operativos_2C2020/TP1/Grupo3/so7508/" fue encontrado, correspondiente al código: "GRUPO".
Sat, 21 Nov 2020 21:34:09 -0300: Seteada variable de ambiente GRUPO.
Sat, 21 Nov 2020 21:34:09 -0300: El identificador: "DIRINST" tiene el siguiente valor: ""/home/andres/Documents/SISTEMAS OPERATIVOS/TP1/Sistemas_Operativos_2C2020/TP1/Grupo3/so7508/"".
Sat, 21 Nov 2020 21:34:09 -0300: El directorio "/home/andres/Documents/SISTEMAS OPERATIVOS/TP1/Sistemas_Operativos_2C2020/TP1/Grupo3/so7508/" fue encontrado, correspondiente al código: "DIRINST".
Sat, 21 Nov 2020 21:34:09 -0300: Seteada variable de ambiente DIRINST.
Sat, 21 Nov 2020 21:34:09 -0300: El identificador: "DIRBIN" tiene el siguiente valor: ""/home/andres/Documents/SISTEMAS OPERATIVOS/TP1/Sistemas_Operativos_2C2020/TP1/Grupo3/so7508/"".
Sat, 21 Nov 2020 21:34:09 -0300: El directorio "/home/andres/Documents/SISTEMAS OPERATIVOS/TP1/Sistemas_Operativos_2C2020/TP1/Grupo3/so7508/" fue encontrado, correspondiente al código: "DIRBIN".
Sat, 21 Nov 2020 21:34:09 -0300: Seteada variable de ambiente DIRBIN.
Sat, 21 Nov 2020 21:34:09 -0300: El identificador: "DIRMAE" tiene el siguiente valor: ""/home/andres/Documents/SISTEMAS OPERATIVOS/TP1/Sistemas_Operativos_2C2020/TP1/Grupo3/so7508/"".
Sat, 21 Nov 2020 21:34:09 -0300: El directorio "/home/andres/Documents/SISTEMAS OPERATIVOS/TP1/Sistemas_Operativos_2C2020/TP1/Grupo3/so7508/" fue encontrado, correspondiente al código: "DIRMAE".
Sat, 21 Nov 2020 21:34:09 -0300: Seteada variable de ambiente DIRMAE.
Sat, 21 Nov 2020 21:34:09 -0300: El identificador: "DIRIN" tiene el siguiente valor: ""/home/andres/Documents/SISTEMAS OPERATIVOS/TP1/Sistemas_Operativos_2C2020/TP1/Grupo3/so7508/"".
Sat, 21 Nov 2020 21:34:09 -0300: El directorio "/home/andres/Documents/SISTEMAS OPERATIVOS/TP1/Sistemas_Operativos_2C2020/TP1/Grupo3/so7508/" fue encontrado, correspondiente al código: "DIRIN".
Sat, 21 Nov 2020 21:34:09 -0300: Seteada variable de ambiente DIRIN.
Sat, 21 Nov 2020 21:34:09 -0300: El identificador: "DIRRECH" tiene el siguiente valor: ""/home/andres/Documents/SISTEMAS OPERATIVOS/TP1/Sistemas_Operativos_2C2020/TP1/Grupo3/so7508/"".
Sat, 21 Nov 2020 21:34:09 -0300: El directorio "/home/andres/Documents/SISTEMAS OPERATIVOS/TP1/Sistemas_Operativos_2C2020/TP1/Grupo3/so7508/" fue encontrado, correspondiente al código: "DIRRECH".
Sat, 21 Nov 2020 21:34:09 -0300: Seteada variable de ambiente DIRRECH.
Sat, 21 Nov 2020 21:34:09 -0300: El identificador: "DIRPROC" tiene el siguiente valor: ""/home/andres/Documents/SISTEMAS OPERATIVOS/TP1/Sistemas_Operativos_2C2020/TP1/Grupo3/so7508/"".
Sat, 21 Nov 2020 21:34:09 -0300: El directorio "/home/andres/Documents/SISTEMAS OPERATIVOS/TP1/Sistemas_Operativos_2C2020/TP1/Grupo3/so7508/" fue encontrado, correspondiente al código: "DIRPROC".
Sat, 21 Nov 2020 21:34:09 -0300: Seteada variable de ambiente DIRPROC.
Sat, 21 Nov 2020 21:34:09 -0300: El identificador: "DIROUT" tiene el siguiente valor: ""/home/andres/Documents/SISTEMAS OPERATIVOS/TP1/Sistemas_Operativos_2C2020/TP1/Grupo3/so7508/"".
Sat, 21 Nov 2020 21:34:09 -0300: El directorio "/home/andres/Documents/SISTEMAS OPERATIVOS/TP1/Sistemas_Operativos_2C2020/TP1/Grupo3/so7508/" fue encontrado, correspondiente al código: "DIROUT".
Sat, 21 Nov 2020 21:34:09 -0300: Seteada variable de ambiente DIROUT.
Sat, 21 Nov 2020 21:34:09 -0300: El identificador: "INTSTALACION" tiene el siguiente valor: ""Sat, 21 Nov 2020 18:18:06 ".
Sat, 21 Nov 2020 21:34:09 -0300: En la posición: "9" del archivo instalarTP.conf está mal especificado el código: "INSTALACION".
Sat, 21 Nov 2020 21:34:09 -0300: Por favor vuelva a ejecutar instalarTP con la opción reparar.
Sat, 21 Nov 2020 21:34:09 -0300: Se encontró el archivo del directorio de tablas maestras:  "/home/andres/Documents/SISTEMAS OPERATIVOS/TEST/archivo1.txt".
Sat, 21 Nov 2020 21:34:09 -0300: Se encontró el archivo del directorio de tablas maestras:  "/home/andres/Documents/SISTEMAS OPERATIVOS/TEST/archivo2.txt".
Sat, 21 Nov 2020 21:34:09 -0300: Falta el archivo del directorio de tablas maestras:  "/home/andres/Documents/SISTEMAS OPERATIVOS/TEST/archivo3.txt".
Sat, 21 Nov 2020 21:34:09 -0300: Por favor vuelva a ejecutar instalarTP con la opción reparar.
Sat, 21 Nov 2020 21:34:09 -0300: Se otorgó el permiso de lectura para el directorio de las tablas maestras.
Sat, 21 Nov 2020 21:34:09 -0300: Se otorgó el permiso de ejecución para el directorio de los ejecutables.
Sat, 21 Nov 2020 21:34:09 -0300: Arrancamos el proceso principal.
Sat, 21 Nov 2020 21:34:09 -0300: process id que le asigno el sistema operativo.
Sat, 21 Nov 2020 21:34:09 -0300: si se quiere detener el proceso se debe usar frenarproceso.
Sat, 21 Nov 2020 21:34:09 -0300: si luego se quiere arrancar hay que hacerlo con arrancarproceso.
Sat, 21 Nov 2020 21:34:19 -0300: Inicio - iniciarambiente
Sat, 21 Nov 2020 21:34:19 -0300: El archivo "/home/andres/Documents/SISTEMAS OPERATIVOS/TP1/Sistemas_Operativos_2C2020/TP1/Grupo3/so7508/instalarTP.conf" fue encontrado.
Sat, 21 Nov 2020 21:34:19 -0300: Procedemos a revisar los directorios.
Sat, 21 Nov 2020 21:34:19 -0300: El identificador: "GRUPO" tiene el siguiente valor: ""/home/andres/Documents/SISTEMAS OPERATIVOS/TP1/Sistemas_Operativos_2C2020/TP1/Grupo3/so7508/"".
Sat, 21 Nov 2020 21:34:19 -0300: El directorio "/home/andres/Documents/SISTEMAS OPERATIVOS/TP1/Sistemas_Operativos_2C2020/TP1/Grupo3/so7508/" fue encontrado, correspondiente al código: "GRUPO".
Sat, 21 Nov 2020 21:34:19 -0300: Seteada variable de ambiente GRUPO.
Sat, 21 Nov 2020 21:34:19 -0300: El identificador: "DIRINST" tiene el siguiente valor: ""/home/andres/Documents/SISTEMAS OPERATIVOS/TP1/Sistemas_Operativos_2C2020/TP1/Grupo3/so7508/"".
Sat, 21 Nov 2020 21:34:19 -0300: El directorio "/home/andres/Documents/SISTEMAS OPERATIVOS/TP1/Sistemas_Operativos_2C2020/TP1/Grupo3/so7508/" fue encontrado, correspondiente al código: "DIRINST".
Sat, 21 Nov 2020 21:34:19 -0300: Seteada variable de ambiente DIRINST.
Sat, 21 Nov 2020 21:34:19 -0300: El identificador: "DIRBIN" tiene el siguiente valor: ""/home/andres/Documents/SISTEMAS OPERATIVOS/TP1/Sistemas_Operativos_2C2020/TP1/Grupo3/so7508/"".
Sat, 21 Nov 2020 21:34:19 -0300: El directorio "/home/andres/Documents/SISTEMAS OPERATIVOS/TP1/Sistemas_Operativos_2C2020/TP1/Grupo3/so7508/" fue encontrado, correspondiente al código: "DIRBIN".
Sat, 21 Nov 2020 21:34:19 -0300: Seteada variable de ambiente DIRBIN.
Sat, 21 Nov 2020 21:34:19 -0300: El identificador: "DIRMAE" tiene el siguiente valor: ""/home/andres/Documents/SISTEMAS OPERATIVOS/TP1/Sistemas_Operativos_2C2020/TP1/Grupo3/so7508/"".
Sat, 21 Nov 2020 21:34:19 -0300: El directorio "/home/andres/Documents/SISTEMAS OPERATIVOS/TP1/Sistemas_Operativos_2C2020/TP1/Grupo3/so7508/" fue encontrado, correspondiente al código: "DIRMAE".
Sat, 21 Nov 2020 21:34:19 -0300: Seteada variable de ambiente DIRMAE.
Sat, 21 Nov 2020 21:34:19 -0300: El identificador: "DIRIN" tiene el siguiente valor: ""/home/andres/Documents/SISTEMAS OPERATIVOS/TP1/Sistemas_Operativos_2C2020/TP1/Grupo3/so7508/"".
Sat, 21 Nov 2020 21:34:19 -0300: El directorio "/home/andres/Documents/SISTEMAS OPERATIVOS/TP1/Sistemas_Operativos_2C2020/TP1/Grupo3/so7508/" fue encontrado, correspondiente al código: "DIRIN".
Sat, 21 Nov 2020 21:34:19 -0300: Seteada variable de ambiente DIRIN.
Sat, 21 Nov 2020 21:34:19 -0300: El identificador: "DIRRECH" tiene el siguiente valor: ""/home/andres/Documents/SISTEMAS OPERATIVOS/TP1/Sistemas_Operativos_2C2020/TP1/Grupo3/so7508/"".
Sat, 21 Nov 2020 21:34:19 -0300: El directorio "/home/andres/Documents/SISTEMAS OPERATIVOS/TP1/Sistemas_Operativos_2C2020/TP1/Grupo3/so7508/" fue encontrado, correspondiente al código: "DIRRECH".
Sat, 21 Nov 2020 21:34:19 -0300: Seteada variable de ambiente DIRRECH.
Sat, 21 Nov 2020 21:34:19 -0300: El identificador: "DIRPROC" tiene el siguiente valor: ""/home/andres/Documents/SISTEMAS OPERATIVOS/TP1/Sistemas_Operativos_2C2020/TP1/Grupo3/so7508/"".
Sat, 21 Nov 2020 21:34:19 -0300: El directorio "/home/andres/Documents/SISTEMAS OPERATIVOS/TP1/Sistemas_Operativos_2C2020/TP1/Grupo3/so7508/" fue encontrado, correspondiente al código: "DIRPROC".
Sat, 21 Nov 2020 21:34:19 -0300: Seteada variable de ambiente DIRPROC.
Sat, 21 Nov 2020 21:34:19 -0300: El identificador: "DIROUT" tiene el siguiente valor: ""/home/andres/Documents/SISTEMAS OPERATIVOS/TP1/Sistemas_Operativos_2C2020/TP1/Grupo3/so7508/"".
Sat, 21 Nov 2020 21:34:19 -0300: El directorio "/home/andres/Documents/SISTEMAS OPERATIVOS/TP1/Sistemas_Operativos_2C2020/TP1/Grupo3/so7508/" fue encontrado, correspondiente al código: "DIROUT".
Sat, 21 Nov 2020 21:34:19 -0300: Seteada variable de ambiente DIROUT.
Sat, 21 Nov 2020 21:34:19 -0300: El identificador: "INTSTALACION" tiene el siguiente valor: ""Sat, 21 Nov 2020 18:18:06 ".
Sat, 21 Nov 2020 21:34:19 -0300: En la posición: "9" del archivo instalarTP.conf está mal especificado el código: "INSTALACION".
Sat, 21 Nov 2020 21:34:19 -0300: Por favor vuelva a ejecutar instalarTP con la opción reparar.
Sat, 21 Nov 2020 21:34:19 -0300: Se encontró el archivo del directorio de tablas maestras:  "/home/andres/Documents/SISTEMAS OPERATIVOS/TEST/archivo1.txt".
Sat, 21 Nov 2020 21:34:19 -0300: Se encontró el archivo del directorio de tablas maestras:  "/home/andres/Documents/SISTEMAS OPERATIVOS/TEST/archivo2.txt".
Sat, 21 Nov 2020 21:34:19 -0300: Falta el archivo del directorio de tablas maestras:  "/home/andres/Documents/SISTEMAS OPERATIVOS/TEST/archivo3.txt".
Sat, 21 Nov 2020 21:34:19 -0300: Por favor vuelva a ejecutar instalarTP con la opción reparar.
Sat, 21 Nov 2020 21:34:19 -0300: Se otorgó el permiso de lectura para el directorio de las tablas maestras.
Sat, 21 Nov 2020 21:34:19 -0300: Se otorgó el permiso de ejecución para el directorio de los ejecutables.
Sat, 21 Nov 2020 21:34:19 -0300: Arrancamos el proceso principal.
Sat, 21 Nov 2020 21:35:22 -0300: Inicio - iniciarambiente
Sat, 21 Nov 2020 21:35:22 -0300: El archivo "/home/andres/Documents/SISTEMAS OPERATIVOS/TP1/Sistemas_Operativos_2C2020/TP1/Grupo3/so7508/instalarTP.conf" fue encontrado.
Sat, 21 Nov 2020 21:35:22 -0300: Procedemos a revisar los directorios.
Sat, 21 Nov 2020 21:35:22 -0300: El identificador: "GRUPO" tiene el siguiente valor: ""/home/andres/Documents/SISTEMAS OPERATIVOS/TP1/Sistemas_Operativos_2C2020/TP1/Grupo3/so7508/"".
Sat, 21 Nov 2020 21:35:22 -0300: El directorio "/home/andres/Documents/SISTEMAS OPERATIVOS/TP1/Sistemas_Operativos_2C2020/TP1/Grupo3/so7508/" fue encontrado, correspondiente al código: "GRUPO".
Sat, 21 Nov 2020 21:35:22 -0300: Seteada variable de ambiente GRUPO.
Sat, 21 Nov 2020 21:35:22 -0300: El identificador: "DIRINST" tiene el siguiente valor: ""/home/andres/Documents/SISTEMAS OPERATIVOS/TP1/Sistemas_Operativos_2C2020/TP1/Grupo3/so7508/"".
Sat, 21 Nov 2020 21:35:22 -0300: El directorio "/home/andres/Documents/SISTEMAS OPERATIVOS/TP1/Sistemas_Operativos_2C2020/TP1/Grupo3/so7508/" fue encontrado, correspondiente al código: "DIRINST".
Sat, 21 Nov 2020 21:35:22 -0300: Seteada variable de ambiente DIRINST.
Sat, 21 Nov 2020 21:35:22 -0300: El identificador: "DIRBIN" tiene el siguiente valor: ""/home/andres/Documents/SISTEMAS OPERATIVOS/TP1/Sistemas_Operativos_2C2020/TP1/Grupo3/so7508/"".
Sat, 21 Nov 2020 21:35:22 -0300: El directorio "/home/andres/Documents/SISTEMAS OPERATIVOS/TP1/Sistemas_Operativos_2C2020/TP1/Grupo3/so7508/" fue encontrado, correspondiente al código: "DIRBIN".
Sat, 21 Nov 2020 21:35:22 -0300: Seteada variable de ambiente DIRBIN.
Sat, 21 Nov 2020 21:35:22 -0300: El identificador: "DIRMAE" tiene el siguiente valor: ""/home/andres/Documents/SISTEMAS OPERATIVOS/TP1/Sistemas_Operativos_2C2020/TP1/Grupo3/so7508/"".
Sat, 21 Nov 2020 21:35:22 -0300: El directorio "/home/andres/Documents/SISTEMAS OPERATIVOS/TP1/Sistemas_Operativos_2C2020/TP1/Grupo3/so7508/" fue encontrado, correspondiente al código: "DIRMAE".
Sat, 21 Nov 2020 21:35:22 -0300: Seteada variable de ambiente DIRMAE.
Sat, 21 Nov 2020 21:35:22 -0300: El identificador: "DIRIN" tiene el siguiente valor: ""/home/andres/Documents/SISTEMAS OPERATIVOS/TP1/Sistemas_Operativos_2C2020/TP1/Grupo3/so7508/"".
Sat, 21 Nov 2020 21:35:22 -0300: El directorio "/home/andres/Documents/SISTEMAS OPERATIVOS/TP1/Sistemas_Operativos_2C2020/TP1/Grupo3/so7508/" fue encontrado, correspondiente al código: "DIRIN".
Sat, 21 Nov 2020 21:35:22 -0300: Seteada variable de ambiente DIRIN.
Sat, 21 Nov 2020 21:35:22 -0300: El identificador: "DIRRECH" tiene el siguiente valor: ""/home/andres/Documents/SISTEMAS OPERATIVOS/TP1/Sistemas_Operativos_2C2020/TP1/Grupo3/so7508/"".
Sat, 21 Nov 2020 21:35:22 -0300: El directorio "/home/andres/Documents/SISTEMAS OPERATIVOS/TP1/Sistemas_Operativos_2C2020/TP1/Grupo3/so7508/" fue encontrado, correspondiente al código: "DIRRECH".
Sat, 21 Nov 2020 21:35:22 -0300: Seteada variable de ambiente DIRRECH.
Sat, 21 Nov 2020 21:35:22 -0300: El identificador: "DIRPROC" tiene el siguiente valor: ""/home/andres/Documents/SISTEMAS OPERATIVOS/TP1/Sistemas_Operativos_2C2020/TP1/Grupo3/so7508/"".
Sat, 21 Nov 2020 21:35:22 -0300: El directorio "/home/andres/Documents/SISTEMAS OPERATIVOS/TP1/Sistemas_Operativos_2C2020/TP1/Grupo3/so7508/" fue encontrado, correspondiente al código: "DIRPROC".
Sat, 21 Nov 2020 21:35:22 -0300: Seteada variable de ambiente DIRPROC.
Sat, 21 Nov 2020 21:35:22 -0300: El identificador: "DIROUT" tiene el siguiente valor: ""/home/andres/Documents/SISTEMAS OPERATIVOS/TP1/Sistemas_Operativos_2C2020/TP1/Grupo3/so7508/"".
Sat, 21 Nov 2020 21:35:22 -0300: El directorio "/home/andres/Documents/SISTEMAS OPERATIVOS/TP1/Sistemas_Operativos_2C2020/TP1/Grupo3/so7508/" fue encontrado, correspondiente al código: "DIROUT".
Sat, 21 Nov 2020 21:35:22 -0300: Seteada variable de ambiente DIROUT.
Sat, 21 Nov 2020 21:35:22 -0300: El identificador: "INTSTALACION" tiene el siguiente valor: ""Sat, 21 Nov 2020 18:18:06 ".
Sat, 21 Nov 2020 21:35:22 -0300: En la posición: "9" del archivo instalarTP.conf está mal especificado el código: "INSTALACION".
Sat, 21 Nov 2020 21:35:22 -0300: Por favor vuelva a ejecutar instalarTP con la opción reparar.
Sat, 21 Nov 2020 21:35:22 -0300: Se encontró el archivo del directorio de tablas maestras:  "/home/andres/Documents/SISTEMAS OPERATIVOS/TEST/archivo1.txt".
Sat, 21 Nov 2020 21:35:22 -0300: Se encontró el archivo del directorio de tablas maestras:  "/home/andres/Documents/SISTEMAS OPERATIVOS/TEST/archivo2.txt".
Sat, 21 Nov 2020 21:35:22 -0300: Falta el archivo del directorio de tablas maestras:  "/home/andres/Documents/SISTEMAS OPERATIVOS/TEST/archivo3.txt".
Sat, 21 Nov 2020 21:35:22 -0300: Por favor vuelva a ejecutar instalarTP con la opción reparar.
Sat, 21 Nov 2020 21:35:22 -0300: Se otorgó el permiso de lectura para el directorio de las tablas maestras.
Sat, 21 Nov 2020 21:35:22 -0300: Se otorgó el permiso de ejecución para el directorio de los ejecutables.
Sat, 21 Nov 2020 21:35:22 -0300: Arrancamos el proceso principal.
Sat, 21 Nov 2020 21:35:22 -0300: process id que le asigno el sistema operativo.
Sat, 21 Nov 2020 21:35:22 -0300: si se quiere detener el proceso se debe usar frenarproceso.
Sat, 21 Nov 2020 21:35:22 -0300: si luego se quiere arrancar hay que hacerlo con arrancarproceso.
Sat, 21 Nov 2020 21:37:08 -0300: Inicio - iniciarambiente
Sat, 21 Nov 2020 21:37:08 -0300: El archivo "/home/andres/Documents/SISTEMAS OPERATIVOS/TP1/Sistemas_Operativos_2C2020/TP1/Grupo3/so7508/instalarTP.conf" fue encontrado.
Sat, 21 Nov 2020 21:37:08 -0300: Procedemos a revisar los directorios.
Sat, 21 Nov 2020 21:37:08 -0300: El identificador: "GRUPO" tiene el siguiente valor: ""/home/andres/Documents/SISTEMAS OPERATIVOS/TP1/Sistemas_Operativos_2C2020/TP1/Grupo3/so7508/"".
Sat, 21 Nov 2020 21:37:08 -0300: El directorio "/home/andres/Documents/SISTEMAS OPERATIVOS/TP1/Sistemas_Operativos_2C2020/TP1/Grupo3/so7508/" fue encontrado, correspondiente al código: "GRUPO".
Sat, 21 Nov 2020 21:37:08 -0300: Seteada variable de ambiente GRUPO.
Sat, 21 Nov 2020 21:37:08 -0300: El identificador: "DIRINST" tiene el siguiente valor: ""/home/andres/Documents/SISTEMAS OPERATIVOS/TP1/Sistemas_Operativos_2C2020/TP1/Grupo3/so7508/"".
Sat, 21 Nov 2020 21:37:08 -0300: El directorio "/home/andres/Documents/SISTEMAS OPERATIVOS/TP1/Sistemas_Operativos_2C2020/TP1/Grupo3/so7508/" fue encontrado, correspondiente al código: "DIRINST".
Sat, 21 Nov 2020 21:37:08 -0300: Seteada variable de ambiente DIRINST.
Sat, 21 Nov 2020 21:37:08 -0300: El identificador: "DIRBIN" tiene el siguiente valor: ""/home/andres/Documents/SISTEMAS OPERATIVOS/TP1/Sistemas_Operativos_2C2020/TP1/Grupo3/so7508/"".
Sat, 21 Nov 2020 21:37:08 -0300: El directorio "/home/andres/Documents/SISTEMAS OPERATIVOS/TP1/Sistemas_Operativos_2C2020/TP1/Grupo3/so7508/" fue encontrado, correspondiente al código: "DIRBIN".
Sat, 21 Nov 2020 21:37:08 -0300: Seteada variable de ambiente DIRBIN.
Sat, 21 Nov 2020 21:37:08 -0300: El identificador: "DIRMAE" tiene el siguiente valor: ""/home/andres/Documents/SISTEMAS OPERATIVOS/TP1/Sistemas_Operativos_2C2020/TP1/Grupo3/so7508/"".
Sat, 21 Nov 2020 21:37:08 -0300: El directorio "/home/andres/Documents/SISTEMAS OPERATIVOS/TP1/Sistemas_Operativos_2C2020/TP1/Grupo3/so7508/" fue encontrado, correspondiente al código: "DIRMAE".
Sat, 21 Nov 2020 21:37:08 -0300: Seteada variable de ambiente DIRMAE.
Sat, 21 Nov 2020 21:37:08 -0300: El identificador: "DIRIN" tiene el siguiente valor: ""/home/andres/Documents/SISTEMAS OPERATIVOS/TP1/Sistemas_Operativos_2C2020/TP1/Grupo3/so7508/"".
Sat, 21 Nov 2020 21:37:08 -0300: El directorio "/home/andres/Documents/SISTEMAS OPERATIVOS/TP1/Sistemas_Operativos_2C2020/TP1/Grupo3/so7508/" fue encontrado, correspondiente al código: "DIRIN".
Sat, 21 Nov 2020 21:37:08 -0300: Seteada variable de ambiente DIRIN.
Sat, 21 Nov 2020 21:37:08 -0300: El identificador: "DIRRECH" tiene el siguiente valor: ""/home/andres/Documents/SISTEMAS OPERATIVOS/TP1/Sistemas_Operativos_2C2020/TP1/Grupo3/so7508/"".
Sat, 21 Nov 2020 21:37:08 -0300: El directorio "/home/andres/Documents/SISTEMAS OPERATIVOS/TP1/Sistemas_Operativos_2C2020/TP1/Grupo3/so7508/" fue encontrado, correspondiente al código: "DIRRECH".
Sat, 21 Nov 2020 21:37:08 -0300: Seteada variable de ambiente DIRRECH.
Sat, 21 Nov 2020 21:37:08 -0300: El identificador: "DIRPROC" tiene el siguiente valor: ""/home/andres/Documents/SISTEMAS OPERATIVOS/TP1/Sistemas_Operativos_2C2020/TP1/Grupo3/so7508/"".
Sat, 21 Nov 2020 21:37:08 -0300: El directorio "/home/andres/Documents/SISTEMAS OPERATIVOS/TP1/Sistemas_Operativos_2C2020/TP1/Grupo3/so7508/" fue encontrado, correspondiente al código: "DIRPROC".
Sat, 21 Nov 2020 21:37:08 -0300: Seteada variable de ambiente DIRPROC.
Sat, 21 Nov 2020 21:37:08 -0300: El identificador: "DIROUT" tiene el siguiente valor: ""/home/andres/Documents/SISTEMAS OPERATIVOS/TP1/Sistemas_Operativos_2C2020/TP1/Grupo3/so7508/"".
Sat, 21 Nov 2020 21:37:08 -0300: El directorio "/home/andres/Documents/SISTEMAS OPERATIVOS/TP1/Sistemas_Operativos_2C2020/TP1/Grupo3/so7508/" fue encontrado, correspondiente al código: "DIROUT".
Sat, 21 Nov 2020 21:37:08 -0300: Seteada variable de ambiente DIROUT.
Sat, 21 Nov 2020 21:37:08 -0300: El identificador: "INTSTALACION" tiene el siguiente valor: ""Sat, 21 Nov 2020 18:18:06 ".
Sat, 21 Nov 2020 21:37:08 -0300: En la posición: "9" del archivo instalarTP.conf está mal especificado el código: "INSTALACION".
Sat, 21 Nov 2020 21:37:08 -0300: Por favor vuelva a ejecutar instalarTP con la opción reparar.
Sat, 21 Nov 2020 21:37:08 -0300: Se encontró el archivo del directorio de tablas maestras:  "/home/andres/Documents/SISTEMAS OPERATIVOS/TEST/archivo1.txt".
Sat, 21 Nov 2020 21:37:08 -0300: Se encontró el archivo del directorio de tablas maestras:  "/home/andres/Documents/SISTEMAS OPERATIVOS/TEST/archivo2.txt".
Sat, 21 Nov 2020 21:37:08 -0300: Falta el archivo del directorio de tablas maestras:  "/home/andres/Documents/SISTEMAS OPERATIVOS/TEST/archivo3.txt".
Sat, 21 Nov 2020 21:37:08 -0300: Por favor vuelva a ejecutar instalarTP con la opción reparar.
Sat, 21 Nov 2020 21:37:08 -0300: Se otorgó el permiso de lectura para el directorio de las tablas maestras.
Sat, 21 Nov 2020 21:37:08 -0300: Se otorgó el permiso de ejecución para el directorio de los ejecutables.
Sat, 21 Nov 2020 21:37:08 -0300: Arrancamos el proceso principal.
Sat, 21 Nov 2020 21:37:08 -0300: process id que le asigno el sistema operativo.
Sat, 21 Nov 2020 21:37:08 -0300: si se quiere detener el proceso se debe usar frenarproceso.
Sat, 21 Nov 2020 21:37:08 -0300: si luego se quiere arrancar hay que hacerlo con arrancarproceso.
Sat, 21 Nov 2020 21:38:45 -0300: Inicio - iniciarambiente
Sat, 21 Nov 2020 21:38:45 -0300: El archivo "/home/andres/Documents/SISTEMAS OPERATIVOS/TP1/Sistemas_Operativos_2C2020/TP1/Grupo3/so7508/instalarTP.conf" fue encontrado.
Sat, 21 Nov 2020 21:38:45 -0300: Procedemos a revisar los directorios.
Sat, 21 Nov 2020 21:38:45 -0300: El identificador: "GRUPO" tiene el siguiente valor: ""/home/andres/Documents/SISTEMAS OPERATIVOS/TP1/Sistemas_Operativos_2C2020/TP1/Grupo3/so7508/"".
Sat, 21 Nov 2020 21:38:45 -0300: El directorio "/home/andres/Documents/SISTEMAS OPERATIVOS/TP1/Sistemas_Operativos_2C2020/TP1/Grupo3/so7508/" fue encontrado, correspondiente al código: "GRUPO".
Sat, 21 Nov 2020 21:38:45 -0300: Seteada variable de ambiente GRUPO.
Sat, 21 Nov 2020 21:38:45 -0300: El identificador: "DIRINST" tiene el siguiente valor: ""/home/andres/Documents/SISTEMAS OPERATIVOS/TP1/Sistemas_Operativos_2C2020/TP1/Grupo3/so7508/"".
Sat, 21 Nov 2020 21:38:45 -0300: El directorio "/home/andres/Documents/SISTEMAS OPERATIVOS/TP1/Sistemas_Operativos_2C2020/TP1/Grupo3/so7508/" fue encontrado, correspondiente al código: "DIRINST".
Sat, 21 Nov 2020 21:38:45 -0300: Seteada variable de ambiente DIRINST.
Sat, 21 Nov 2020 21:38:45 -0300: El identificador: "DIRBIN" tiene el siguiente valor: ""/home/andres/Documents/SISTEMAS OPERATIVOS/TP1/Sistemas_Operativos_2C2020/TP1/Grupo3/so7508/"".
Sat, 21 Nov 2020 21:38:45 -0300: El directorio "/home/andres/Documents/SISTEMAS OPERATIVOS/TP1/Sistemas_Operativos_2C2020/TP1/Grupo3/so7508/" fue encontrado, correspondiente al código: "DIRBIN".
Sat, 21 Nov 2020 21:38:45 -0300: Seteada variable de ambiente DIRBIN.
Sat, 21 Nov 2020 21:38:45 -0300: El identificador: "DIRMAE" tiene el siguiente valor: ""/home/andres/Documents/SISTEMAS OPERATIVOS/TP1/Sistemas_Operativos_2C2020/TP1/Grupo3/so7508/"".
Sat, 21 Nov 2020 21:38:45 -0300: El directorio "/home/andres/Documents/SISTEMAS OPERATIVOS/TP1/Sistemas_Operativos_2C2020/TP1/Grupo3/so7508/" fue encontrado, correspondiente al código: "DIRMAE".
Sat, 21 Nov 2020 21:38:45 -0300: Seteada variable de ambiente DIRMAE.
Sat, 21 Nov 2020 21:38:45 -0300: El identificador: "DIRIN" tiene el siguiente valor: ""/home/andres/Documents/SISTEMAS OPERATIVOS/TP1/Sistemas_Operativos_2C2020/TP1/Grupo3/so7508/"".
Sat, 21 Nov 2020 21:38:45 -0300: El directorio "/home/andres/Documents/SISTEMAS OPERATIVOS/TP1/Sistemas_Operativos_2C2020/TP1/Grupo3/so7508/" fue encontrado, correspondiente al código: "DIRIN".
Sat, 21 Nov 2020 21:38:45 -0300: Seteada variable de ambiente DIRIN.
Sat, 21 Nov 2020 21:38:45 -0300: El identificador: "DIRRECH" tiene el siguiente valor: ""/home/andres/Documents/SISTEMAS OPERATIVOS/TP1/Sistemas_Operativos_2C2020/TP1/Grupo3/so7508/"".
Sat, 21 Nov 2020 21:38:45 -0300: El directorio "/home/andres/Documents/SISTEMAS OPERATIVOS/TP1/Sistemas_Operativos_2C2020/TP1/Grupo3/so7508/" fue encontrado, correspondiente al código: "DIRRECH".
Sat, 21 Nov 2020 21:38:45 -0300: Seteada variable de ambiente DIRRECH.
Sat, 21 Nov 2020 21:38:45 -0300: El identificador: "DIRPROC" tiene el siguiente valor: ""/home/andres/Documents/SISTEMAS OPERATIVOS/TP1/Sistemas_Operativos_2C2020/TP1/Grupo3/so7508/"".
Sat, 21 Nov 2020 21:38:45 -0300: El directorio "/home/andres/Documents/SISTEMAS OPERATIVOS/TP1/Sistemas_Operativos_2C2020/TP1/Grupo3/so7508/" fue encontrado, correspondiente al código: "DIRPROC".
Sat, 21 Nov 2020 21:38:45 -0300: Seteada variable de ambiente DIRPROC.
Sat, 21 Nov 2020 21:38:45 -0300: El identificador: "DIROUT" tiene el siguiente valor: ""/home/andres/Documents/SISTEMAS OPERATIVOS/TP1/Sistemas_Operativos_2C2020/TP1/Grupo3/so7508/"".
Sat, 21 Nov 2020 21:38:45 -0300: El directorio "/home/andres/Documents/SISTEMAS OPERATIVOS/TP1/Sistemas_Operativos_2C2020/TP1/Grupo3/so7508/" fue encontrado, correspondiente al código: "DIROUT".
Sat, 21 Nov 2020 21:38:45 -0300: Seteada variable de ambiente DIROUT.
Sat, 21 Nov 2020 21:38:45 -0300: El identificador: "INTSTALACION" tiene el siguiente valor: ""Sat, 21 Nov 2020 18:18:06 ".
Sat, 21 Nov 2020 21:38:45 -0300: En la posición: "9" del archivo instalarTP.conf está mal especificado el código: "INSTALACION".
Sat, 21 Nov 2020 21:38:45 -0300: Por favor vuelva a ejecutar instalarTP con la opción reparar.
Sat, 21 Nov 2020 21:38:45 -0300: Se encontró el archivo del directorio de tablas maestras:  "/home/andres/Documents/SISTEMAS OPERATIVOS/TEST/archivo1.txt".
Sat, 21 Nov 2020 21:38:45 -0300: Se encontró el archivo del directorio de tablas maestras:  "/home/andres/Documents/SISTEMAS OPERATIVOS/TEST/archivo2.txt".
Sat, 21 Nov 2020 21:38:46 -0300: Falta el archivo del directorio de tablas maestras:  "/home/andres/Documents/SISTEMAS OPERATIVOS/TEST/archivo3.txt".
Sat, 21 Nov 2020 21:38:46 -0300: Por favor vuelva a ejecutar instalarTP con la opción reparar.
Sat, 21 Nov 2020 21:38:46 -0300: Se otorgó el permiso de lectura para el directorio de las tablas maestras.
Sat, 21 Nov 2020 21:38:46 -0300: Se otorgó el permiso de ejecución para el directorio de los ejecutables.
Sat, 21 Nov 2020 21:38:46 -0300: La inicialización ha sido exitosa, procedemos a arrancar el proceso principal.
Sat, 21 Nov 2020 21:38:46 -0300: process id que le asigno el sistema operativo.
Sat, 21 Nov 2020 21:38:46 -0300: si se quiere detener el proceso se debe usar frenarproceso.
Sat, 21 Nov 2020 21:38:46 -0300: si luego se quiere arrancar hay que hacerlo con arrancarproceso.
Sat, 21 Nov 2020 21:41:05 -0300: Inicio - iniciarambiente
Sat, 21 Nov 2020 21:41:05 -0300: El archivo "/home/andres/Documents/SISTEMAS OPERATIVOS/TP1/Sistemas_Operativos_2C2020/TP1/Grupo3/so7508/instalarTP.conf" fue encontrado.
Sat, 21 Nov 2020 21:41:05 -0300: Procedemos a revisar los directorios.
Sat, 21 Nov 2020 21:41:05 -0300: El identificador: "GRUPO" tiene el siguiente valor: ""/home/andres/Documents/SISTEMAS OPERATIVOS/TP1/Sistemas_Operativos_2C2020/TP1/Grupo3/so7508/"".
Sat, 21 Nov 2020 21:41:05 -0300: El directorio "/home/andres/Documents/SISTEMAS OPERATIVOS/TP1/Sistemas_Operativos_2C2020/TP1/Grupo3/so7508/" fue encontrado, correspondiente al código: "GRUPO".
Sat, 21 Nov 2020 21:41:06 -0300: Seteada variable de ambiente GRUPO.
Sat, 21 Nov 2020 21:41:06 -0300: El identificador: "DIRINST" tiene el siguiente valor: ""/home/andres/Documents/SISTEMAS OPERATIVOS/TP1/Sistemas_Operativos_2C2020/TP1/Grupo3/so7508/"".
Sat, 21 Nov 2020 21:41:06 -0300: El directorio "/home/andres/Documents/SISTEMAS OPERATIVOS/TP1/Sistemas_Operativos_2C2020/TP1/Grupo3/so7508/" fue encontrado, correspondiente al código: "DIRINST".
Sat, 21 Nov 2020 21:41:06 -0300: Seteada variable de ambiente DIRINST.
Sat, 21 Nov 2020 21:41:06 -0300: El identificador: "DIRBIN" tiene el siguiente valor: ""/home/andres/Documents/SISTEMAS OPERATIVOS/TP1/Sistemas_Operativos_2C2020/TP1/Grupo3/so7508/"".
Sat, 21 Nov 2020 21:41:06 -0300: El directorio "/home/andres/Documents/SISTEMAS OPERATIVOS/TP1/Sistemas_Operativos_2C2020/TP1/Grupo3/so7508/" fue encontrado, correspondiente al código: "DIRBIN".
Sat, 21 Nov 2020 21:41:06 -0300: Seteada variable de ambiente DIRBIN.
Sat, 21 Nov 2020 21:41:06 -0300: El identificador: "DIRMAE" tiene el siguiente valor: ""/home/andres/Documents/SISTEMAS OPERATIVOS/TP1/Sistemas_Operativos_2C2020/TP1/Grupo3/so7508/"".
Sat, 21 Nov 2020 21:41:06 -0300: El directorio "/home/andres/Documents/SISTEMAS OPERATIVOS/TP1/Sistemas_Operativos_2C2020/TP1/Grupo3/so7508/" fue encontrado, correspondiente al código: "DIRMAE".
Sat, 21 Nov 2020 21:41:06 -0300: Seteada variable de ambiente DIRMAE.
Sat, 21 Nov 2020 21:41:06 -0300: El identificador: "DIRIN" tiene el siguiente valor: ""/home/andres/Documents/SISTEMAS OPERATIVOS/TP1/Sistemas_Operativos_2C2020/TP1/Grupo3/so7508/"".
Sat, 21 Nov 2020 21:41:06 -0300: El directorio "/home/andres/Documents/SISTEMAS OPERATIVOS/TP1/Sistemas_Operativos_2C2020/TP1/Grupo3/so7508/" fue encontrado, correspondiente al código: "DIRIN".
Sat, 21 Nov 2020 21:41:06 -0300: Seteada variable de ambiente DIRIN.
Sat, 21 Nov 2020 21:41:06 -0300: El identificador: "DIRRECH" tiene el siguiente valor: ""/home/andres/Documents/SISTEMAS OPERATIVOS/TP1/Sistemas_Operativos_2C2020/TP1/Grupo3/so7508/"".
Sat, 21 Nov 2020 21:41:06 -0300: El directorio "/home/andres/Documents/SISTEMAS OPERATIVOS/TP1/Sistemas_Operativos_2C2020/TP1/Grupo3/so7508/" fue encontrado, correspondiente al código: "DIRRECH".
Sat, 21 Nov 2020 21:41:06 -0300: Seteada variable de ambiente DIRRECH.
Sat, 21 Nov 2020 21:41:06 -0300: El identificador: "DIRPROC" tiene el siguiente valor: ""/home/andres/Documents/SISTEMAS OPERATIVOS/TP1/Sistemas_Operativos_2C2020/TP1/Grupo3/so7508/"".
Sat, 21 Nov 2020 21:41:06 -0300: El directorio "/home/andres/Documents/SISTEMAS OPERATIVOS/TP1/Sistemas_Operativos_2C2020/TP1/Grupo3/so7508/" fue encontrado, correspondiente al código: "DIRPROC".
Sat, 21 Nov 2020 21:41:06 -0300: Seteada variable de ambiente DIRPROC.
Sat, 21 Nov 2020 21:41:06 -0300: El identificador: "DIROUT" tiene el siguiente valor: ""/home/andres/Documents/SISTEMAS OPERATIVOS/TP1/Sistemas_Operativos_2C2020/TP1/Grupo3/so7508/"".
Sat, 21 Nov 2020 21:41:06 -0300: El directorio "/home/andres/Documents/SISTEMAS OPERATIVOS/TP1/Sistemas_Operativos_2C2020/TP1/Grupo3/so7508/" fue encontrado, correspondiente al código: "DIROUT".
Sat, 21 Nov 2020 21:41:06 -0300: Seteada variable de ambiente DIROUT.
Sat, 21 Nov 2020 21:41:06 -0300: El identificador: "INTSTALACION" tiene el siguiente valor: ""Sat, 21 Nov 2020 18:18:06 ".
Sat, 21 Nov 2020 21:41:06 -0300: En la posición: "9" del archivo instalarTP.conf está mal especificado el código: "INSTALACION".
Sat, 21 Nov 2020 21:41:06 -0300: Por favor vuelva a ejecutar instalarTP con la opción reparar.
Sat, 21 Nov 2020 21:41:06 -0300: Se encontró el archivo del directorio de tablas maestras:  "/home/andres/Documents/SISTEMAS OPERATIVOS/TEST/archivo1.txt".
Sat, 21 Nov 2020 21:41:06 -0300: Se encontró el archivo del directorio de tablas maestras:  "/home/andres/Documents/SISTEMAS OPERATIVOS/TEST/archivo2.txt".
Sat, 21 Nov 2020 21:41:06 -0300: Falta el archivo del directorio de tablas maestras:  "/home/andres/Documents/SISTEMAS OPERATIVOS/TEST/archivo3.txt".
Sat, 21 Nov 2020 21:41:06 -0300: Por favor vuelva a ejecutar instalarTP con la opción reparar.
Sat, 21 Nov 2020 21:41:06 -0300: Se otorgó el permiso de lectura para el directorio de las tablas maestras.
Sat, 21 Nov 2020 21:41:06 -0300: Se otorgó el permiso de ejecución para el directorio de los ejecutables.
Sat, 21 Nov 2020 21:41:06 -0300: La inicialización ha sido exitosa, procedemos a arrancar el proceso principal.
Sat, 21 Nov 2020 21:41:06 -0300: process id que le asigno el sistema operativo.
Sat, 21 Nov 2020 21:41:06 -0300: si se quiere detener el proceso se debe usar frenarproceso.
Sat, 21 Nov 2020 21:41:06 -0300: si luego se quiere arrancar hay que hacerlo con arrancarproceso.
