"Sat, 21 Nov 2020 22:29:33 -0300"-"INF"-"TP1 - SO75.08 - 2do Cuatrimestre 2020 - Curso Martes Copyright © Grupo 3"-"instalarTP"-"juan0511"
"Sat, 21 Nov 2020 22:29:33 -0300"-"INF"-"Inicio - instalarTP"-"instalarTP"-"juan0511"
"Sat, 21 Nov 2020 22:29:33 -0300"-"INF"-"El archivo "/Users/juan0511/Temporary/75.08/TP/Sistemas_Operativos_2C2020/TP1/Grupo3/so7508/instalarTP.conf" fue encontrado."-"instalarTP"-"juan0511"
"Sat, 21 Nov 2020 22:29:33 -0300"-"INF"-"Tipo de ejecución: CHEQUEO."-"instalarTP"-"juan0511"
"Sat, 21 Nov 2020 22:29:37 -0300"-"Fin - instalarTP (1)"-""-""-"juan0511"
"Sat, 21 Nov 2020 22:31:49 -0300"-"INF"-"TP1 - SO75.08 - 2do Cuatrimestre 2020 - Curso Martes Copyright © Grupo 3"-"instalarTP"-"juan0511"
"Sat, 21 Nov 2020 22:31:49 -0300"-"INF"-"Inicio - instalarTP"-"instalarTP"-"juan0511"
"Sat, 21 Nov 2020 22:31:49 -0300"-"INF"-"El archivo "/Users/juan0511/Temporary/75.08/TP/Sistemas_Operativos_2C2020/TP1/Grupo3/so7508/instalarTP.conf" fue encontrado."-"instalarTP"-"juan0511"
"Sat, 21 Nov 2020 22:31:49 -0300"-"INF"-"Tipo de ejecución: CHEQUEO."-"instalarTP"-"juan0511"
"Sat, 21 Nov 2020 22:31:51 -0300"-"Fin - instalarTP (1)"-""-""-"juan0511"
"Sat, 21 Nov 2020 22:32:15 -0300"-"INF"-"TP1 - SO75.08 - 2do Cuatrimestre 2020 - Curso Martes Copyright © Grupo 3"-"instalarTP"-"juan0511"
"Sat, 21 Nov 2020 22:32:15 -0300"-"INF"-"Inicio - instalarTP"-"instalarTP"-"juan0511"
"Sat, 21 Nov 2020 22:32:15 -0300"-"INF"-"El archivo "/Users/juan0511/Temporary/75.08/TP/Sistemas_Operativos_2C2020/TP1/Grupo3/so7508/instalarTP.conf" fue encontrado."-"instalarTP"-"juan0511"
"Sat, 21 Nov 2020 22:32:15 -0300"-"INF"-"Tipo de ejecución: CHEQUEO."-"instalarTP"-"juan0511"
"Sat, 21 Nov 2020 22:32:18 -0300"-"Fin - instalarTP (1)"-""-""-"juan0511"
"Sat, 21 Nov 2020 22:32:57 -0300"-"INF"-"TP1 - SO75.08 - 2do Cuatrimestre 2020 - Curso Martes Copyright © Grupo 3"-"instalarTP"-"juan0511"
"Sat, 21 Nov 2020 22:32:57 -0300"-"INF"-"Inicio - instalarTP"-"instalarTP"-"juan0511"
"Sat, 21 Nov 2020 22:32:57 -0300"-"INF"-"El archivo "/Users/juan0511/Temporary/75.08/TP/Sistemas_Operativos_2C2020/TP1/Grupo3/so7508/instalarTP.conf" no existe."-"instalarTP"-"juan0511"
"Sat, 21 Nov 2020 22:32:57 -0300"-"INF"-"Tipo de ejecución: INSTALACIÓN."-"instalarTP"-"juan0511"
"Sat, 21 Nov 2020 22:39:41 -0300"-"INF"-"TP1 - SO75.08 - 2do Cuatrimestre 2020 - Curso Martes Copyright © Grupo 3"-"instalarTP"-"juan0511"
"Sat, 21 Nov 2020 22:39:41 -0300"-"INF"-"Inicio - instalarTP"-"instalarTP"-"juan0511"
"Sat, 21 Nov 2020 22:39:41 -0300"-"INF"-"El archivo "/Users/juan0511/Temporary/75.08/TP/Sistemas_Operativos_2C2020/TP1/Grupo3/so7508/instalarTP.conf" no existe."-"instalarTP"-"juan0511"
"Sat, 21 Nov 2020 22:39:41 -0300"-"INF"-"Tipo de ejecución: INSTALACIÓN."-"instalarTP"-"juan0511"
"Sat, 21 Nov 2020 22:39:42 -0300"-"Confirmar Proceso - instalarTP"-""-""-"juan0511"
"Sat, 21 Nov 2020 22:39:44 -0300"-"Confirmar Proceso - instalarTP"-""-""-"juan0511"
"Sat, 21 Nov 2020 22:39:46 -0300"-"INF"-"Fin - instalarTP (0)"-"instalarTP"-"juan0511"
"Sat, 21 Nov 2020 22:39:48 -0300"-"INF"-"TP1 - SO75.08 - 2do Cuatrimestre 2020 - Curso Martes Copyright © Grupo 3"-"instalarTP"-"juan0511"
"Sat, 21 Nov 2020 22:39:48 -0300"-"INF"-"Inicio - instalarTP"-"instalarTP"-"juan0511"
"Sat, 21 Nov 2020 22:39:48 -0300"-"INF"-"El archivo "/Users/juan0511/Temporary/75.08/TP/Sistemas_Operativos_2C2020/TP1/Grupo3/so7508/instalarTP.conf" fue encontrado."-"instalarTP"-"juan0511"
"Sat, 21 Nov 2020 22:39:48 -0300"-"INF"-"Tipo de ejecución: CHEQUEO."-"instalarTP"-"juan0511"
"Sat, 21 Nov 2020 22:39:48 -0300"-"INF"-"Comprobando instalación..."-"chequearInstalacion"-"juan0511"
"Sat, 21 Nov 2020 22:39:49 -0300"-"INF"-"Instalación verificada correctamente."-"chequearInstalacion"-"juan0511"
"Sat, 21 Nov 2020 22:39:49 -0300"-"INF"-"Estado de la instalación: CHEQUEADA"-"chequearInstalacion"-"juan0511"
"Sat, 21 Nov 2020 22:39:49 -0300"-"INF"-"Fin - instalarTP (0)"-"instalarTP"-"juan0511"
"Sat, 21 Nov 2020 22:40:25 -0300"-"INF"-"TP1 - SO75.08 - 2do Cuatrimestre 2020 - Curso Martes Copyright © Grupo 3"-"instalarTP"-"juan0511"
"Sat, 21 Nov 2020 22:40:25 -0300"-"INF"-"Inicio - instalarTP"-"instalarTP"-"juan0511"
"Sat, 21 Nov 2020 22:40:25 -0300"-"INF"-"El archivo "/Users/juan0511/Temporary/75.08/TP/Sistemas_Operativos_2C2020/TP1/Grupo3/so7508/instalarTP.conf" fue encontrado."-"instalarTP"-"juan0511"
"Sat, 21 Nov 2020 22:40:25 -0300"-"INF"-"Tipo de ejecución: CHEQUEO."-"instalarTP"-"juan0511"
"Sat, 21 Nov 2020 22:40:25 -0300"-"INF"-"Comprobando instalación..."-"chequearInstalacion"-"juan0511"
"Sat, 21 Nov 2020 22:40:25 -0300"-"INF"-"No se encontró el directorio: "/Users/juan0511/Temporary/75.08/TP/Sistemas_Operativos_2C2020/TP1/Grupo3/lotes""-"chequearInstalacion"-"juan0511"
"Sat, 21 Nov 2020 22:40:27 -0300"-"Fin - instalarTP (1)"-""-""-"juan0511"
"Sat, 21 Nov 2020 22:42:17 -0300"-"INF"-"TP1 - SO75.08 - 2do Cuatrimestre 2020 - Curso Martes Copyright © Grupo 3"-"instalarTP"-"juan0511"
"Sat, 21 Nov 2020 22:42:17 -0300"-"INF"-"Inicio - instalarTP"-"instalarTP"-"juan0511"
"Sat, 21 Nov 2020 22:42:17 -0300"-"INF"-"El archivo "/Users/juan0511/Temporary/75.08/TP/Sistemas_Operativos_2C2020/TP1/Grupo3/so7508/instalarTP.conf" fue encontrado."-"instalarTP"-"juan0511"
"Sat, 21 Nov 2020 22:42:17 -0300"-"INF"-"Tipo de ejecución: CHEQUEO."-"instalarTP"-"juan0511"
"Sat, 21 Nov 2020 22:42:17 -0300"-"INF"-"Comprobando instalación..."-"chequear instalacion"-"juan0511"
"Sat, 21 Nov 2020 22:42:17 -0300"-"INF"-"No se encontró el directorio: "/Users/juan0511/Temporary/75.08/TP/Sistemas_Operativos_2C2020/TP1/Grupo3/lotes""-"chequear instalacion"-"juan0511"
"Sat, 21 Nov 2020 22:42:18 -0300"-"INF"-"Reparación cancelada."-"reparar instalacion"-"juan0511"
"Sat, 21 Nov 2020 22:42:18 -0300"-"INF"-"Estado de la reparación: CANCELADA"-"reparar instalacion"-"juan0511"
"Sat, 21 Nov 2020 22:42:18 -0300"-"INF"-"Fin - instalarTP (1)"-"reparar instalacion"-"juan0511"
"Sat, 21 Nov 2020 22:58:48 -0300"-"INF"-"TP1 - SO75.08 - 2do Cuatrimestre 2020 - Curso Martes Copyright © Grupo 3"-"instalarTP"-"juan0511"
"Sat, 21 Nov 2020 22:58:48 -0300"-"INF"-"Inicio - instalarTP"-"instalarTP"-"juan0511"
"Sat, 21 Nov 2020 22:58:48 -0300"-"INF"-"El archivo "/Users/juan0511/Temporary/75.08/TP/Sistemas_Operativos_2C2020/TP1/Grupo3/so7508/instalarTP.conf" fue encontrado."-"instalarTP"-"juan0511"
"Sat, 21 Nov 2020 22:58:48 -0300"-"INF"-"Tipo de ejecución: CHEQUEO."-"instalarTP"-"juan0511"
"Sat, 21 Nov 2020 22:58:48 -0300"-"INF"-"Comprobando instalación..."-"chequear instalacion"-"juan0511"
"Sat, 21 Nov 2020 22:58:48 -0300"-"ALE"-"No se encontró el directorio: "/Users/juan0511/Temporary/75.08/TP/Sistemas_Operativos_2C2020/TP1/Grupo3/lotes""-"chequear instalacion"-"juan0511"
"Sat, 21 Nov 2020 22:58:48 -0300"-"INF"-"Debe reparar su instalación."-"show details"-"juan0511"
"Sat, 21 Nov 2020 22:58:48 -0300"-"INF"-"Se utilizarán los siguientes parámetros:"-"show details"-"juan0511"
"Sat, 21 Nov 2020 22:58:48 -0300"-"INF"-"Tipo de proceso: REPARACION"-"show details"-"juan0511"
"Sat, 21 Nov 2020 22:58:48 -0300"-"INF"-"Directorio padre: "/Users/juan0511/Temporary/75.08/TP/Sistemas_Operativos_2C2020/TP1/Grupo3""-"show details"-"juan0511"
"Sat, 21 Nov 2020 22:58:48 -0300"-"INF"-"Ubicación script de instalación: "/Users/juan0511/Temporary/75.08/TP/Sistemas_Operativos_2C2020/TP1/Grupo3/so7508/instalarTP.sh""-"show details"-"juan0511"
"Sat, 21 Nov 2020 22:58:48 -0300"-"INF"-"Log de la instalación: "/Users/juan0511/Temporary/75.08/TP/Sistemas_Operativos_2C2020/TP1/Grupo3/so7508/instalarTP.log""-"show details"-"juan0511"
"Sat, 21 Nov 2020 22:58:48 -0300"-"INF"-"Archivo de configuración: "/Users/juan0511/Temporary/75.08/TP/Sistemas_Operativos_2C2020/TP1/Grupo3/so7508/instalarTP.conf""-"show details"-"juan0511"
"Sat, 21 Nov 2020 22:58:48 -0300"-"INF"-"Log de la inicialización: "/Users/juan0511/Temporary/75.08/TP/Sistemas_Operativos_2C2020/TP1/Grupo3/so7508/inicarambiente.log""-"show details"-"juan0511"
"Sat, 21 Nov 2020 22:58:48 -0300"-"INF"-"Log del proceso principal: "/Users/juan0511/Temporary/75.08/TP/Sistemas_Operativos_2C2020/TP1/Grupo3/so7508/pprincipal.log""-"show details"-"juan0511"
"Sat, 21 Nov 2020 22:58:48 -0300"-"INF"-"Directorio de ejecutables: "/Users/juan0511/Temporary/75.08/TP/Sistemas_Operativos_2C2020/TP1/Grupo3/bin""-"show details"-"juan0511"
"Sat, 21 Nov 2020 22:58:48 -0300"-"INF"-"Directorio de tablas maestras: "/Users/juan0511/Temporary/75.08/TP/Sistemas_Operativos_2C2020/TP1/Grupo3/master""-"show details"-"juan0511"
"Sat, 21 Nov 2020 22:58:48 -0300"-"INF"-"Directorio de novedades: "/Users/juan0511/Temporary/75.08/TP/Sistemas_Operativos_2C2020/TP1/Grupo3/input""-"show details"-"juan0511"
"Sat, 21 Nov 2020 22:58:48 -0300"-"INF"-"Directorio novedades aceptadas: "/Users/juan0511/Temporary/75.08/TP/Sistemas_Operativos_2C2020/TP1/Grupo3/input/ok""-"show details"-"juan0511"
"Sat, 21 Nov 2020 22:58:48 -0300"-"INF"-"Directorio de rechazados: "/Users/juan0511/Temporary/75.08/TP/Sistemas_Operativos_2C2020/TP1/Grupo3/rechazos""-"show details"-"juan0511"
"Sat, 21 Nov 2020 22:58:48 -0300"-"INF"-"Directorio de lotes procesados: "/Users/juan0511/Temporary/75.08/TP/Sistemas_Operativos_2C2020/TP1/Grupo3/lotes""-"show details"-"juan0511"
"Sat, 21 Nov 2020 22:58:48 -0300"-"INF"-"Directorio de transacciones: "/Users/juan0511/Temporary/75.08/TP/Sistemas_Operativos_2C2020/TP1/Grupo3/output""-"show details"-"juan0511"
"Sat, 21 Nov 2020 22:58:48 -0300"-"INF"-"Directorio de comisiones: "/Users/juan0511/Temporary/75.08/TP/Sistemas_Operativos_2C2020/TP1/Grupo3/output/comisiones""-"show details"-"juan0511"
"Sat, 21 Nov 2020 22:58:48 -0300"-"INF"-"Estado de la instalación: "LISTA""-"show details"-"juan0511"
"Sat, 21 Nov 2020 22:58:52 -0300"-"INF"-"¿Confirma la reparación? (SI-[NO]):"-"reparar instalacion"-"juan0511"
"Sat, 21 Nov 2020 22:58:52 -0300"-"INF"-""-"reparar instalacion"-"juan0511"
"Sat, 21 Nov 2020 22:58:52 -0300"-"INF"-"Reparación cancelada."-"reparar instalacion"-"juan0511"
"Sat, 21 Nov 2020 22:58:52 -0300"-"INF"-"Estado de la reparación: CANCELADA"-"reparar instalacion"-"juan0511"
"Sat, 21 Nov 2020 22:58:52 -0300"-"INF"-"Fin - instalarTP (1)"-"reparar instalacion"-"juan0511"
"Sat, 21 Nov 2020 22:58:53 -0300"-"INF"-"TP1 - SO75.08 - 2do Cuatrimestre 2020 - Curso Martes Copyright © Grupo 3"-"instalarTP"-"juan0511"
"Sat, 21 Nov 2020 22:58:53 -0300"-"INF"-"Inicio - instalarTP"-"instalarTP"-"juan0511"
"Sat, 21 Nov 2020 22:58:53 -0300"-"INF"-"El archivo "/Users/juan0511/Temporary/75.08/TP/Sistemas_Operativos_2C2020/TP1/Grupo3/so7508/instalarTP.conf" fue encontrado."-"instalarTP"-"juan0511"
"Sat, 21 Nov 2020 22:58:53 -0300"-"INF"-"Tipo de ejecución: CHEQUEO."-"instalarTP"-"juan0511"
"Sat, 21 Nov 2020 22:58:53 -0300"-"INF"-"Comprobando instalación..."-"chequear instalacion"-"juan0511"
"Sat, 21 Nov 2020 22:58:53 -0300"-"ALE"-"No se encontró el directorio: "/Users/juan0511/Temporary/75.08/TP/Sistemas_Operativos_2C2020/TP1/Grupo3/lotes""-"chequear instalacion"-"juan0511"
"Sat, 21 Nov 2020 22:58:53 -0300"-"INF"-"Debe reparar su instalación."-"show details"-"juan0511"
"Sat, 21 Nov 2020 22:58:53 -0300"-"INF"-"Se utilizarán los siguientes parámetros:"-"show details"-"juan0511"
"Sat, 21 Nov 2020 22:58:53 -0300"-"INF"-"Tipo de proceso: REPARACION"-"show details"-"juan0511"
"Sat, 21 Nov 2020 22:58:53 -0300"-"INF"-"Directorio padre: "/Users/juan0511/Temporary/75.08/TP/Sistemas_Operativos_2C2020/TP1/Grupo3""-"show details"-"juan0511"
"Sat, 21 Nov 2020 22:58:53 -0300"-"INF"-"Ubicación script de instalación: "/Users/juan0511/Temporary/75.08/TP/Sistemas_Operativos_2C2020/TP1/Grupo3/so7508/instalarTP.sh""-"show details"-"juan0511"
"Sat, 21 Nov 2020 22:58:53 -0300"-"INF"-"Log de la instalación: "/Users/juan0511/Temporary/75.08/TP/Sistemas_Operativos_2C2020/TP1/Grupo3/so7508/instalarTP.log""-"show details"-"juan0511"
"Sat, 21 Nov 2020 22:58:53 -0300"-"INF"-"Archivo de configuración: "/Users/juan0511/Temporary/75.08/TP/Sistemas_Operativos_2C2020/TP1/Grupo3/so7508/instalarTP.conf""-"show details"-"juan0511"
"Sat, 21 Nov 2020 22:58:53 -0300"-"INF"-"Log de la inicialización: "/Users/juan0511/Temporary/75.08/TP/Sistemas_Operativos_2C2020/TP1/Grupo3/so7508/inicarambiente.log""-"show details"-"juan0511"
"Sat, 21 Nov 2020 22:58:53 -0300"-"INF"-"Log del proceso principal: "/Users/juan0511/Temporary/75.08/TP/Sistemas_Operativos_2C2020/TP1/Grupo3/so7508/pprincipal.log""-"show details"-"juan0511"
"Sat, 21 Nov 2020 22:58:53 -0300"-"INF"-"Directorio de ejecutables: "/Users/juan0511/Temporary/75.08/TP/Sistemas_Operativos_2C2020/TP1/Grupo3/bin""-"show details"-"juan0511"
"Sat, 21 Nov 2020 22:58:53 -0300"-"INF"-"Directorio de tablas maestras: "/Users/juan0511/Temporary/75.08/TP/Sistemas_Operativos_2C2020/TP1/Grupo3/master""-"show details"-"juan0511"
"Sat, 21 Nov 2020 22:58:53 -0300"-"INF"-"Directorio de novedades: "/Users/juan0511/Temporary/75.08/TP/Sistemas_Operativos_2C2020/TP1/Grupo3/input""-"show details"-"juan0511"
"Sat, 21 Nov 2020 22:58:53 -0300"-"INF"-"Directorio novedades aceptadas: "/Users/juan0511/Temporary/75.08/TP/Sistemas_Operativos_2C2020/TP1/Grupo3/input/ok""-"show details"-"juan0511"
"Sat, 21 Nov 2020 22:58:53 -0300"-"INF"-"Directorio de rechazados: "/Users/juan0511/Temporary/75.08/TP/Sistemas_Operativos_2C2020/TP1/Grupo3/rechazos""-"show details"-"juan0511"
"Sat, 21 Nov 2020 22:58:53 -0300"-"INF"-"Directorio de lotes procesados: "/Users/juan0511/Temporary/75.08/TP/Sistemas_Operativos_2C2020/TP1/Grupo3/lotes""-"show details"-"juan0511"
"Sat, 21 Nov 2020 22:58:53 -0300"-"INF"-"Directorio de transacciones: "/Users/juan0511/Temporary/75.08/TP/Sistemas_Operativos_2C2020/TP1/Grupo3/output""-"show details"-"juan0511"
"Sat, 21 Nov 2020 22:58:53 -0300"-"INF"-"Directorio de comisiones: "/Users/juan0511/Temporary/75.08/TP/Sistemas_Operativos_2C2020/TP1/Grupo3/output/comisiones""-"show details"-"juan0511"
"Sat, 21 Nov 2020 22:58:53 -0300"-"INF"-"Estado de la instalación: "LISTA""-"show details"-"juan0511"
"Sat, 21 Nov 2020 22:58:55 -0300"-"INF"-"¿Confirma la reparación? (SI-[NO]):"-"reparar instalacion"-"juan0511"
"Sat, 21 Nov 2020 22:58:55 -0300"-"INF"-"si"-"reparar instalacion"-"juan0511"
"Sat, 21 Nov 2020 22:58:55 -0300"-"ERR"-"Estado de la instalación: REPARADA"-"reparar instalacion"-"juan0511"
"Sat, 21 Nov 2020 22:58:55 -0300"-"INF"-"Fin - instalarTP (0)"-"instalarTP"-"juan0511"
"Sat, 21 Nov 2020 23:04:54 -0300"-"INF"-"TP1 - SO75.08 - 2do Cuatrimestre 2020 - Curso Martes Copyright © Grupo 3"-"instalarTP"-"juan0511"
"Sat, 21 Nov 2020 23:04:54 -0300"-"INF"-"Inicio - instalarTP"-"instalarTP"-"juan0511"
"Sat, 21 Nov 2020 23:04:54 -0300"-"INF"-"El archivo "/Users/juan0511/Temporary/75.08/TP/Sistemas_Operativos_2C2020/TP1/Grupo3/so7508/instalarTP.conf" no existe."-"instalarTP"-"juan0511"
"Sat, 21 Nov 2020 23:04:54 -0300"-"INF"-"Tipo de ejecución: INSTALACIÓN."-"instalarTP"-"juan0511"
"Sat, 21 Nov 2020 23:04:56 -0300"-"INF"-"TP1 - SO75.08 - 2do Cuatrimestre 2020 - Curso Martes Copyright © Grupo 3"-"show details"-"juan0511"
"Sat, 21 Nov 2020 23:04:56 -0300"-"INF"-"Confirmar Proceso - instalarTP"-"show details"-"juan0511"
"Sat, 21 Nov 2020 23:04:56 -0300"-"INF"-"Tipo de proceso: INSTALACION"-"show details"-"juan0511"
"Sat, 21 Nov 2020 23:04:56 -0300"-"INF"-"Directorio padre: "/Users/juan0511/Temporary/75.08/TP/Sistemas_Operativos_2C2020/TP1/Grupo3""-"show details"-"juan0511"
"Sat, 21 Nov 2020 23:04:56 -0300"-"INF"-"Ubicación script de instalación: "/Users/juan0511/Temporary/75.08/TP/Sistemas_Operativos_2C2020/TP1/Grupo3/so7508/instalarTP.sh""-"show details"-"juan0511"
"Sat, 21 Nov 2020 23:04:56 -0300"-"INF"-"Log de la instalación: "/Users/juan0511/Temporary/75.08/TP/Sistemas_Operativos_2C2020/TP1/Grupo3/so7508/instalarTP.log""-"show details"-"juan0511"
"Sat, 21 Nov 2020 23:04:56 -0300"-"INF"-"Archivo de configuración: "/Users/juan0511/Temporary/75.08/TP/Sistemas_Operativos_2C2020/TP1/Grupo3/so7508/instalarTP.conf""-"show details"-"juan0511"
"Sat, 21 Nov 2020 23:04:56 -0300"-"INF"-"Log de la inicialización: "/Users/juan0511/Temporary/75.08/TP/Sistemas_Operativos_2C2020/TP1/Grupo3/so7508/inicarambiente.log""-"show details"-"juan0511"
"Sat, 21 Nov 2020 23:04:56 -0300"-"INF"-"Log del proceso principal: "/Users/juan0511/Temporary/75.08/TP/Sistemas_Operativos_2C2020/TP1/Grupo3/so7508/pprincipal.log""-"show details"-"juan0511"
"Sat, 21 Nov 2020 23:04:56 -0300"-"INF"-"Directorio de ejecutables: "/Users/juan0511/Temporary/75.08/TP/Sistemas_Operativos_2C2020/TP1/Grupo3/bin""-"show details"-"juan0511"
"Sat, 21 Nov 2020 23:04:56 -0300"-"INF"-"Directorio de tablas maestras: "/Users/juan0511/Temporary/75.08/TP/Sistemas_Operativos_2C2020/TP1/Grupo3/master""-"show details"-"juan0511"
"Sat, 21 Nov 2020 23:04:56 -0300"-"INF"-"Directorio de novedades: "/Users/juan0511/Temporary/75.08/TP/Sistemas_Operativos_2C2020/TP1/Grupo3/input""-"show details"-"juan0511"
"Sat, 21 Nov 2020 23:04:56 -0300"-"INF"-"Directorio novedades aceptadas: "/Users/juan0511/Temporary/75.08/TP/Sistemas_Operativos_2C2020/TP1/Grupo3/input/ok""-"show details"-"juan0511"
"Sat, 21 Nov 2020 23:04:56 -0300"-"INF"-"Directorio de rechazados: "/Users/juan0511/Temporary/75.08/TP/Sistemas_Operativos_2C2020/TP1/Grupo3/rechazos""-"show details"-"juan0511"
"Sat, 21 Nov 2020 23:04:56 -0300"-"INF"-"Directorio de lotes procesados: "/Users/juan0511/Temporary/75.08/TP/Sistemas_Operativos_2C2020/TP1/Grupo3/lotes""-"show details"-"juan0511"
"Sat, 21 Nov 2020 23:04:56 -0300"-"INF"-"Directorio de transacciones: "/Users/juan0511/Temporary/75.08/TP/Sistemas_Operativos_2C2020/TP1/Grupo3/output""-"show details"-"juan0511"
"Sat, 21 Nov 2020 23:04:56 -0300"-"INF"-"Directorio de comisiones: "/Users/juan0511/Temporary/75.08/TP/Sistemas_Operativos_2C2020/TP1/Grupo3/output/comisiones""-"show details"-"juan0511"
"Sat, 21 Nov 2020 23:04:56 -0300"-"INF"-"Estado de la instalación: "LISTA""-"show details"-"juan0511"
"Sat, 21 Nov 2020 23:04:56 -0300"-"INF"-"¿Confirma la instalación? (SI-[NO]):"-"nueva instalacion"-"juan0511"
"Sat, 21 Nov 2020 23:04:56 -0300"-"INF"-""-"nueva instalacion"-"juan0511"
"Sat, 21 Nov 2020 23:04:56 -0300"-"INF"-"Instalación no confirmada."-"nueva instalacion"-"juan0511"
"Sat, 21 Nov 2020 23:05:04 -0300"-"INF"-"TP1 - SO75.08 - 2do Cuatrimestre 2020 - Curso Martes Copyright © Grupo 3"-"show details"-"juan0511"
"Sat, 21 Nov 2020 23:05:04 -0300"-"INF"-"Confirmar Proceso - instalarTP"-"show details"-"juan0511"
"Sat, 21 Nov 2020 23:05:04 -0300"-"INF"-"Tipo de proceso: INSTALACION"-"show details"-"juan0511"
"Sat, 21 Nov 2020 23:05:04 -0300"-"INF"-"Directorio padre: "/Users/juan0511/Temporary/75.08/TP/Sistemas_Operativos_2C2020/TP1/Grupo3""-"show details"-"juan0511"
"Sat, 21 Nov 2020 23:05:04 -0300"-"INF"-"Ubicación script de instalación: "/Users/juan0511/Temporary/75.08/TP/Sistemas_Operativos_2C2020/TP1/Grupo3/so7508/instalarTP.sh""-"show details"-"juan0511"
"Sat, 21 Nov 2020 23:05:04 -0300"-"INF"-"Log de la instalación: "/Users/juan0511/Temporary/75.08/TP/Sistemas_Operativos_2C2020/TP1/Grupo3/so7508/instalarTP.log""-"show details"-"juan0511"
"Sat, 21 Nov 2020 23:05:04 -0300"-"INF"-"Archivo de configuración: "/Users/juan0511/Temporary/75.08/TP/Sistemas_Operativos_2C2020/TP1/Grupo3/so7508/instalarTP.conf""-"show details"-"juan0511"
"Sat, 21 Nov 2020 23:05:04 -0300"-"INF"-"Log de la inicialización: "/Users/juan0511/Temporary/75.08/TP/Sistemas_Operativos_2C2020/TP1/Grupo3/so7508/inicarambiente.log""-"show details"-"juan0511"
"Sat, 21 Nov 2020 23:05:04 -0300"-"INF"-"Log del proceso principal: "/Users/juan0511/Temporary/75.08/TP/Sistemas_Operativos_2C2020/TP1/Grupo3/so7508/pprincipal.log""-"show details"-"juan0511"
"Sat, 21 Nov 2020 23:05:04 -0300"-"INF"-"Directorio de ejecutables: "/Users/juan0511/Temporary/75.08/TP/Sistemas_Operativos_2C2020/TP1/Grupo3/bin""-"show details"-"juan0511"
"Sat, 21 Nov 2020 23:05:04 -0300"-"INF"-"Directorio de tablas maestras: "/Users/juan0511/Temporary/75.08/TP/Sistemas_Operativos_2C2020/TP1/Grupo3/master""-"show details"-"juan0511"
"Sat, 21 Nov 2020 23:05:04 -0300"-"INF"-"Directorio de novedades: "/Users/juan0511/Temporary/75.08/TP/Sistemas_Operativos_2C2020/TP1/Grupo3/input""-"show details"-"juan0511"
"Sat, 21 Nov 2020 23:05:05 -0300"-"INF"-"Directorio novedades aceptadas: "/Users/juan0511/Temporary/75.08/TP/Sistemas_Operativos_2C2020/TP1/Grupo3/input/ok""-"show details"-"juan0511"
"Sat, 21 Nov 2020 23:05:05 -0300"-"INF"-"Directorio de rechazados: "/Users/juan0511/Temporary/75.08/TP/Sistemas_Operativos_2C2020/TP1/Grupo3/rechazos""-"show details"-"juan0511"
"Sat, 21 Nov 2020 23:05:05 -0300"-"INF"-"Directorio de lotes procesados: "/Users/juan0511/Temporary/75.08/TP/Sistemas_Operativos_2C2020/TP1/Grupo3/lotes""-"show details"-"juan0511"
"Sat, 21 Nov 2020 23:05:05 -0300"-"INF"-"Directorio de transacciones: "/Users/juan0511/Temporary/75.08/TP/Sistemas_Operativos_2C2020/TP1/Grupo3/output""-"show details"-"juan0511"
"Sat, 21 Nov 2020 23:05:05 -0300"-"INF"-"Directorio de comisiones: "/Users/juan0511/Temporary/75.08/TP/Sistemas_Operativos_2C2020/TP1/Grupo3/output/comisiones""-"show details"-"juan0511"
"Sat, 21 Nov 2020 23:05:05 -0300"-"INF"-"Estado de la instalación: "LISTA""-"show details"-"juan0511"
"Sat, 21 Nov 2020 23:05:06 -0300"-"INF"-"¿Confirma la instalación? (SI-[NO]):"-"nueva instalacion"-"juan0511"
"Sat, 21 Nov 2020 23:05:06 -0300"-"INF"-"Si"-"nueva instalacion"-"juan0511"
"Sat, 21 Nov 2020 23:05:06 -0300"-"INF"-"Instalación no confirmada."-"nueva instalacion"-"juan0511"
"Sat, 21 Nov 2020 23:05:09 -0300"-"INF"-"TP1 - SO75.08 - 2do Cuatrimestre 2020 - Curso Martes Copyright © Grupo 3"-"show details"-"juan0511"
"Sat, 21 Nov 2020 23:05:09 -0300"-"INF"-"Confirmar Proceso - instalarTP"-"show details"-"juan0511"
"Sat, 21 Nov 2020 23:05:09 -0300"-"INF"-"Tipo de proceso: INSTALACION"-"show details"-"juan0511"
"Sat, 21 Nov 2020 23:05:09 -0300"-"INF"-"Directorio padre: "/Users/juan0511/Temporary/75.08/TP/Sistemas_Operativos_2C2020/TP1/Grupo3""-"show details"-"juan0511"
"Sat, 21 Nov 2020 23:05:09 -0300"-"INF"-"Ubicación script de instalación: "/Users/juan0511/Temporary/75.08/TP/Sistemas_Operativos_2C2020/TP1/Grupo3/so7508/instalarTP.sh""-"show details"-"juan0511"
"Sat, 21 Nov 2020 23:05:09 -0300"-"INF"-"Log de la instalación: "/Users/juan0511/Temporary/75.08/TP/Sistemas_Operativos_2C2020/TP1/Grupo3/so7508/instalarTP.log""-"show details"-"juan0511"
"Sat, 21 Nov 2020 23:05:09 -0300"-"INF"-"Archivo de configuración: "/Users/juan0511/Temporary/75.08/TP/Sistemas_Operativos_2C2020/TP1/Grupo3/so7508/instalarTP.conf""-"show details"-"juan0511"
"Sat, 21 Nov 2020 23:05:09 -0300"-"INF"-"Log de la inicialización: "/Users/juan0511/Temporary/75.08/TP/Sistemas_Operativos_2C2020/TP1/Grupo3/so7508/inicarambiente.log""-"show details"-"juan0511"
"Sat, 21 Nov 2020 23:05:09 -0300"-"INF"-"Log del proceso principal: "/Users/juan0511/Temporary/75.08/TP/Sistemas_Operativos_2C2020/TP1/Grupo3/so7508/pprincipal.log""-"show details"-"juan0511"
"Sat, 21 Nov 2020 23:05:09 -0300"-"INF"-"Directorio de ejecutables: "/Users/juan0511/Temporary/75.08/TP/Sistemas_Operativos_2C2020/TP1/Grupo3/bin""-"show details"-"juan0511"
"Sat, 21 Nov 2020 23:05:09 -0300"-"INF"-"Directorio de tablas maestras: "/Users/juan0511/Temporary/75.08/TP/Sistemas_Operativos_2C2020/TP1/Grupo3/master""-"show details"-"juan0511"
"Sat, 21 Nov 2020 23:05:09 -0300"-"INF"-"Directorio de novedades: "/Users/juan0511/Temporary/75.08/TP/Sistemas_Operativos_2C2020/TP1/Grupo3/input""-"show details"-"juan0511"
"Sat, 21 Nov 2020 23:05:09 -0300"-"INF"-"Directorio novedades aceptadas: "/Users/juan0511/Temporary/75.08/TP/Sistemas_Operativos_2C2020/TP1/Grupo3/input/ok""-"show details"-"juan0511"
"Sat, 21 Nov 2020 23:05:09 -0300"-"INF"-"Directorio de rechazados: "/Users/juan0511/Temporary/75.08/TP/Sistemas_Operativos_2C2020/TP1/Grupo3/rechazos""-"show details"-"juan0511"
"Sat, 21 Nov 2020 23:05:09 -0300"-"INF"-"Directorio de lotes procesados: "/Users/juan0511/Temporary/75.08/TP/Sistemas_Operativos_2C2020/TP1/Grupo3/lotes""-"show details"-"juan0511"
"Sat, 21 Nov 2020 23:05:09 -0300"-"INF"-"Directorio de transacciones: "/Users/juan0511/Temporary/75.08/TP/Sistemas_Operativos_2C2020/TP1/Grupo3/output""-"show details"-"juan0511"
"Sat, 21 Nov 2020 23:05:09 -0300"-"INF"-"Directorio de comisiones: "/Users/juan0511/Temporary/75.08/TP/Sistemas_Operativos_2C2020/TP1/Grupo3/output/comisiones""-"show details"-"juan0511"
"Sat, 21 Nov 2020 23:05:09 -0300"-"INF"-"Estado de la instalación: "LISTA""-"show details"-"juan0511"
"Sat, 21 Nov 2020 23:05:10 -0300"-"INF"-"¿Confirma la instalación? (SI-[NO]):"-"nueva instalacion"-"juan0511"
"Sat, 21 Nov 2020 23:05:10 -0300"-"INF"-"SI"-"nueva instalacion"-"juan0511"
"Sat, 21 Nov 2020 23:05:10 -0300"-"INF"-"Estado de la instalación: COMPLETADA"-"nueva instalacion"-"juan0511"
"Sat, 21 Nov 2020 23:05:10 -0300"-"INF"-"Fin - instalarTP (0)"-"instalarTP"-"juan0511"
"Sat, 21 Nov 2020 23:09:07 -0300"-"INF"-"TP1 - SO75.08 - 2do Cuatrimestre 2020 - Curso Martes Copyright © Grupo 3"-"instalarTP"-"juan0511"
"Sat, 21 Nov 2020 23:09:07 -0300"-"INF"-"Inicio - instalarTP"-"instalarTP"-"juan0511"
"Sat, 21 Nov 2020 23:09:07 -0300"-"INF"-"El archivo "/Users/juan0511/Temporary/75.08/TP/Sistemas_Operativos_2C2020/TP1/Grupo3/so7508/instalarTP.conf" fue encontrado."-"instalarTP"-"juan0511"
"Sat, 21 Nov 2020 23:09:07 -0300"-"INF"-"Tipo de ejecución: CHEQUEO."-"instalarTP"-"juan0511"
"Sat, 21 Nov 2020 23:09:07 -0300"-"INF"-"Comprobando instalación..."-"chequear instalacion"-"juan0511"
"Sat, 21 Nov 2020 23:09:07 -0300"-"INF"-"Instalación verificada correctamente."-"chequear instalacion"-"juan0511"
"Sat, 21 Nov 2020 23:09:07 -0300"-"INF"-"Estado de la instalación: CHEQUEADA"-"chequear instalacion"-"juan0511"
"Sat, 21 Nov 2020 23:09:07 -0300"-"INF"-"Fin - instalarTP (0)"-"instalarTP"-"juan0511"
"Sat, 21 Nov 2020 23:17:23 -0300"-"INF"-"TP1 - SO75.08 - 2do Cuatrimestre 2020 - Curso Martes Copyright © Grupo 3"-"instalarTP"-"juan0511"
"Sat, 21 Nov 2020 23:17:23 -0300"-"INF"-"Inicio - instalarTP"-"instalarTP"-"juan0511"
"Sat, 21 Nov 2020 23:17:23 -0300"-"INF"-"El archivo "/Users/juan0511/Temporary/75.08/TP/Sistemas_Operativos_2C2020/TP1/Grupo3/so7508/instalarTP.conf" fue encontrado."-"instalarTP"-"juan0511"
"Sat, 21 Nov 2020 23:17:23 -0300"-"INF"-"Tipo de ejecución: CHEQUEO."-"instalarTP"-"juan0511"
"Sat, 21 Nov 2020 23:17:23 -0300"-"INF"-"Comprobando instalación..."-"chequear instalacion"-"juan0511"
"Sat, 21 Nov 2020 23:17:24 -0300"-"INF"-"Instalación verificada correctamente."-"chequear instalacion"-"juan0511"
"Sat, 21 Nov 2020 23:17:24 -0300"-"INF"-"Estado de la instalación: CHEQUEADA"-"chequear instalacion"-"juan0511"
"Sat, 21 Nov 2020 23:17:24 -0300"-"INF"-"Fin - instalarTP (0)"-"instalarTP"-"juan0511"
"Sat, 21 Nov 2020 23:17:31 -0300"-"INF"-"TP1 - SO75.08 - 2do Cuatrimestre 2020 - Curso Martes Copyright © Grupo 3"-"instalarTP"-"juan0511"
"Sat, 21 Nov 2020 23:17:31 -0300"-"INF"-"Inicio - instalarTP"-"instalarTP"-"juan0511"
"Sat, 21 Nov 2020 23:17:31 -0300"-"INF"-"El archivo "/Users/juan0511/Temporary/75.08/TP/Sistemas_Operativos_2C2020/TP1/Grupo3/so7508/instalarTP.conf" no existe."-"instalarTP"-"juan0511"
"Sat, 21 Nov 2020 23:17:31 -0300"-"INF"-"Tipo de ejecución: INSTALACIÓN."-"instalarTP"-"juan0511"
"Sat, 21 Nov 2020 23:17:31 -0300"-"INF"-"Por favor, defina los siguientes directorios: "-"definir directorios"-"juan0511"
"Sat, 21 Nov 2020 23:17:31 -0300"-"INF"-"Definidos desde el path base "/Users/juan0511/Temporary/75.08/TP/Sistemas_Operativos_2C2020/TP1/Grupo3"."-"definir directorios"-"juan0511"
"Sat, 21 Nov 2020 23:17:35 -0300"-"INF"-"Ejecutables [/bin]:"-"definir directorios"-"juan0511"
"Sat, 21 Nov 2020 23:17:35 -0300"-"INF"-""-"definir directorios"-"juan0511"
"Sat, 21 Nov 2020 23:17:36 -0300"-"INF"-"Tablas      [/master]:"-"definir directorios"-"juan0511"
"Sat, 21 Nov 2020 23:17:36 -0300"-"INF"-""-"definir directorios"-"juan0511"
"Sat, 21 Nov 2020 23:17:36 -0300"-"INF"-"Novedades   [/input]:"-"definir directorios"-"juan0511"
"Sat, 21 Nov 2020 23:17:36 -0300"-"INF"-""-"definir directorios"-"juan0511"
"Sat, 21 Nov 2020 23:17:37 -0300"-"INF"-"Rechazados  [/rechazos]:"-"definir directorios"-"juan0511"
"Sat, 21 Nov 2020 23:17:37 -0300"-"INF"-""-"definir directorios"-"juan0511"
"Sat, 21 Nov 2020 23:17:40 -0300"-"INF"-"Procesados  [/lotes]:"-"definir directorios"-"juan0511"
"Sat, 21 Nov 2020 23:17:40 -0300"-"INF"-""-"definir directorios"-"juan0511"
"Sat, 21 Nov 2020 23:17:41 -0300"-"INF"-"Resultados  [/output]:"-"definir directorios"-"juan0511"
"Sat, 21 Nov 2020 23:17:41 -0300"-"INF"-""-"definir directorios"-"juan0511"
"Sat, 21 Nov 2020 23:17:41 -0300"-"INF"-"TP1 - SO75.08 - 2do Cuatrimestre 2020 - Curso Martes Copyright © Grupo 3"-"show details"-"juan0511"
"Sat, 21 Nov 2020 23:17:41 -0300"-"INF"-"Confirmar Proceso - instalarTP"-"show details"-"juan0511"
"Sat, 21 Nov 2020 23:17:41 -0300"-"INF"-"Tipo de proceso: INSTALACION"-"show details"-"juan0511"
"Sat, 21 Nov 2020 23:17:41 -0300"-"INF"-"Directorio padre: "/Users/juan0511/Temporary/75.08/TP/Sistemas_Operativos_2C2020/TP1/Grupo3""-"show details"-"juan0511"
"Sat, 21 Nov 2020 23:17:41 -0300"-"INF"-"Ubicación script de instalación: "/Users/juan0511/Temporary/75.08/TP/Sistemas_Operativos_2C2020/TP1/Grupo3/so7508/instalarTP.sh""-"show details"-"juan0511"
"Sat, 21 Nov 2020 23:17:41 -0300"-"INF"-"Log de la instalación: "/Users/juan0511/Temporary/75.08/TP/Sistemas_Operativos_2C2020/TP1/Grupo3/so7508/instalarTP.log""-"show details"-"juan0511"
"Sat, 21 Nov 2020 23:17:41 -0300"-"INF"-"Archivo de configuración: "/Users/juan0511/Temporary/75.08/TP/Sistemas_Operativos_2C2020/TP1/Grupo3/so7508/instalarTP.conf""-"show details"-"juan0511"
"Sat, 21 Nov 2020 23:17:41 -0300"-"INF"-"Log de la inicialización: "/Users/juan0511/Temporary/75.08/TP/Sistemas_Operativos_2C2020/TP1/Grupo3/so7508/inicarambiente.log""-"show details"-"juan0511"
"Sat, 21 Nov 2020 23:17:41 -0300"-"INF"-"Log del proceso principal: "/Users/juan0511/Temporary/75.08/TP/Sistemas_Operativos_2C2020/TP1/Grupo3/so7508/pprincipal.log""-"show details"-"juan0511"
"Sat, 21 Nov 2020 23:17:41 -0300"-"INF"-"Directorio de ejecutables: "/Users/juan0511/Temporary/75.08/TP/Sistemas_Operativos_2C2020/TP1/Grupo3/bin""-"show details"-"juan0511"
"Sat, 21 Nov 2020 23:17:41 -0300"-"INF"-"Directorio de tablas maestras: "/Users/juan0511/Temporary/75.08/TP/Sistemas_Operativos_2C2020/TP1/Grupo3/master""-"show details"-"juan0511"
"Sat, 21 Nov 2020 23:17:41 -0300"-"INF"-"Directorio de novedades: "/Users/juan0511/Temporary/75.08/TP/Sistemas_Operativos_2C2020/TP1/Grupo3/input""-"show details"-"juan0511"
"Sat, 21 Nov 2020 23:17:41 -0300"-"INF"-"Directorio novedades aceptadas: "/Users/juan0511/Temporary/75.08/TP/Sistemas_Operativos_2C2020/TP1/Grupo3/input/ok""-"show details"-"juan0511"
"Sat, 21 Nov 2020 23:17:41 -0300"-"INF"-"Directorio de rechazados: "/Users/juan0511/Temporary/75.08/TP/Sistemas_Operativos_2C2020/TP1/Grupo3/rechazos""-"show details"-"juan0511"
"Sat, 21 Nov 2020 23:17:41 -0300"-"INF"-"Directorio de lotes procesados: "/Users/juan0511/Temporary/75.08/TP/Sistemas_Operativos_2C2020/TP1/Grupo3/lotes""-"show details"-"juan0511"
"Sat, 21 Nov 2020 23:17:41 -0300"-"INF"-"Directorio de transacciones: "/Users/juan0511/Temporary/75.08/TP/Sistemas_Operativos_2C2020/TP1/Grupo3/output""-"show details"-"juan0511"
"Sat, 21 Nov 2020 23:17:41 -0300"-"INF"-"Directorio de comisiones: "/Users/juan0511/Temporary/75.08/TP/Sistemas_Operativos_2C2020/TP1/Grupo3/output/comisiones""-"show details"-"juan0511"
"Sat, 21 Nov 2020 23:17:41 -0300"-"INF"-"Estado de la instalación: "LISTA""-"show details"-"juan0511"
"Sat, 21 Nov 2020 23:17:43 -0300"-"INF"-"¿Confirma la instalación? (SI-[NO]):"-"nueva instalacion"-"juan0511"
"Sat, 21 Nov 2020 23:17:43 -0300"-"INF"-""-"nueva instalacion"-"juan0511"
"Sat, 21 Nov 2020 23:17:43 -0300"-"INF"-"Instalación no confirmada."-"nueva instalacion"-"juan0511"
"Sat, 21 Nov 2020 23:17:43 -0300"-"INF"-"Por favor, defina los siguientes directorios: "-"definir directorios"-"juan0511"
"Sat, 21 Nov 2020 23:17:43 -0300"-"INF"-"Definidos desde el path base "/Users/juan0511/Temporary/75.08/TP/Sistemas_Operativos_2C2020/TP1/Grupo3"."-"definir directorios"-"juan0511"
"Sat, 21 Nov 2020 23:17:45 -0300"-"INF"-"Ejecutables [/bin]:"-"definir directorios"-"juan0511"
"Sat, 21 Nov 2020 23:17:45 -0300"-"INF"-""-"definir directorios"-"juan0511"
"Sat, 21 Nov 2020 23:17:45 -0300"-"INF"-"Tablas      [/master]:"-"definir directorios"-"juan0511"
"Sat, 21 Nov 2020 23:17:45 -0300"-"INF"-""-"definir directorios"-"juan0511"
"Sat, 21 Nov 2020 23:17:45 -0300"-"INF"-"Novedades   [/input]:"-"definir directorios"-"juan0511"
"Sat, 21 Nov 2020 23:17:45 -0300"-"INF"-""-"definir directorios"-"juan0511"
"Sat, 21 Nov 2020 23:17:45 -0300"-"INF"-"Rechazados  [/rechazos]:"-"definir directorios"-"juan0511"
"Sat, 21 Nov 2020 23:17:45 -0300"-"INF"-""-"definir directorios"-"juan0511"
"Sat, 21 Nov 2020 23:17:45 -0300"-"INF"-"Procesados  [/lotes]:"-"definir directorios"-"juan0511"
"Sat, 21 Nov 2020 23:17:45 -0300"-"INF"-""-"definir directorios"-"juan0511"
"Sat, 21 Nov 2020 23:17:46 -0300"-"INF"-"Resultados  [/output]:"-"definir directorios"-"juan0511"
"Sat, 21 Nov 2020 23:17:46 -0300"-"INF"-""-"definir directorios"-"juan0511"
"Sat, 21 Nov 2020 23:17:46 -0300"-"INF"-"TP1 - SO75.08 - 2do Cuatrimestre 2020 - Curso Martes Copyright © Grupo 3"-"show details"-"juan0511"
"Sat, 21 Nov 2020 23:17:46 -0300"-"INF"-"Confirmar Proceso - instalarTP"-"show details"-"juan0511"
"Sat, 21 Nov 2020 23:17:46 -0300"-"INF"-"Tipo de proceso: INSTALACION"-"show details"-"juan0511"
"Sat, 21 Nov 2020 23:17:46 -0300"-"INF"-"Directorio padre: "/Users/juan0511/Temporary/75.08/TP/Sistemas_Operativos_2C2020/TP1/Grupo3""-"show details"-"juan0511"
"Sat, 21 Nov 2020 23:17:46 -0300"-"INF"-"Ubicación script de instalación: "/Users/juan0511/Temporary/75.08/TP/Sistemas_Operativos_2C2020/TP1/Grupo3/so7508/instalarTP.sh""-"show details"-"juan0511"
"Sat, 21 Nov 2020 23:17:46 -0300"-"INF"-"Log de la instalación: "/Users/juan0511/Temporary/75.08/TP/Sistemas_Operativos_2C2020/TP1/Grupo3/so7508/instalarTP.log""-"show details"-"juan0511"
"Sat, 21 Nov 2020 23:17:46 -0300"-"INF"-"Archivo de configuración: "/Users/juan0511/Temporary/75.08/TP/Sistemas_Operativos_2C2020/TP1/Grupo3/so7508/instalarTP.conf""-"show details"-"juan0511"
"Sat, 21 Nov 2020 23:17:46 -0300"-"INF"-"Log de la inicialización: "/Users/juan0511/Temporary/75.08/TP/Sistemas_Operativos_2C2020/TP1/Grupo3/so7508/inicarambiente.log""-"show details"-"juan0511"
"Sat, 21 Nov 2020 23:17:46 -0300"-"INF"-"Log del proceso principal: "/Users/juan0511/Temporary/75.08/TP/Sistemas_Operativos_2C2020/TP1/Grupo3/so7508/pprincipal.log""-"show details"-"juan0511"
"Sat, 21 Nov 2020 23:17:46 -0300"-"INF"-"Directorio de ejecutables: "/Users/juan0511/Temporary/75.08/TP/Sistemas_Operativos_2C2020/TP1/Grupo3/bin""-"show details"-"juan0511"
"Sat, 21 Nov 2020 23:17:46 -0300"-"INF"-"Directorio de tablas maestras: "/Users/juan0511/Temporary/75.08/TP/Sistemas_Operativos_2C2020/TP1/Grupo3/master""-"show details"-"juan0511"
"Sat, 21 Nov 2020 23:17:46 -0300"-"INF"-"Directorio de novedades: "/Users/juan0511/Temporary/75.08/TP/Sistemas_Operativos_2C2020/TP1/Grupo3/input""-"show details"-"juan0511"
"Sat, 21 Nov 2020 23:17:46 -0300"-"INF"-"Directorio novedades aceptadas: "/Users/juan0511/Temporary/75.08/TP/Sistemas_Operativos_2C2020/TP1/Grupo3/input/ok""-"show details"-"juan0511"
"Sat, 21 Nov 2020 23:17:46 -0300"-"INF"-"Directorio de rechazados: "/Users/juan0511/Temporary/75.08/TP/Sistemas_Operativos_2C2020/TP1/Grupo3/rechazos""-"show details"-"juan0511"
"Sat, 21 Nov 2020 23:17:46 -0300"-"INF"-"Directorio de lotes procesados: "/Users/juan0511/Temporary/75.08/TP/Sistemas_Operativos_2C2020/TP1/Grupo3/lotes""-"show details"-"juan0511"
"Sat, 21 Nov 2020 23:17:46 -0300"-"INF"-"Directorio de transacciones: "/Users/juan0511/Temporary/75.08/TP/Sistemas_Operativos_2C2020/TP1/Grupo3/output""-"show details"-"juan0511"
"Sat, 21 Nov 2020 23:17:46 -0300"-"INF"-"Directorio de comisiones: "/Users/juan0511/Temporary/75.08/TP/Sistemas_Operativos_2C2020/TP1/Grupo3/output/comisiones""-"show details"-"juan0511"
"Sat, 21 Nov 2020 23:17:46 -0300"-"INF"-"Estado de la instalación: "LISTA""-"show details"-"juan0511"
"Sat, 21 Nov 2020 23:17:47 -0300"-"INF"-"¿Confirma la instalación? (SI-[NO]):"-"nueva instalacion"-"juan0511"
"Sat, 21 Nov 2020 23:17:47 -0300"-"INF"-"SI"-"nueva instalacion"-"juan0511"
"Sat, 21 Nov 2020 23:17:47 -0300"-"INF"-"Estado de la instalación: COMPLETADA"-"nueva instalacion"-"juan0511"
"Sat, 21 Nov 2020 23:17:47 -0300"-"INF"-"Fin - instalarTP (0)"-"instalarTP"-"juan0511"
"Sat, 21 Nov 2020 23:21:24 -0300"-"INF"-"TP1 - SO75.08 - 2do Cuatrimestre 2020 - Curso Martes Copyright © Grupo 3"-"instalarTP"-"juan0511"
"Sat, 21 Nov 2020 23:21:24 -0300"-"INF"-"Inicio - instalarTP"-"instalarTP"-"juan0511"
"Sat, 21 Nov 2020 23:21:24 -0300"-"INF"-"El archivo "/Users/juan0511/Temporary/75.08/TP/Sistemas_Operativos_2C2020/TP1/Grupo3/so7508/instalarTP.conf" fue encontrado."-"instalarTP"-"juan0511"
"Sat, 21 Nov 2020 23:21:24 -0300"-"INF"-"Tipo de ejecución: CHEQUEO."-"instalarTP"-"juan0511"
"Sat, 21 Nov 2020 23:21:24 -0300"-"INF"-"Comprobando instalación..."-"chequear instalacion"-"juan0511"
"Sat, 21 Nov 2020 23:21:24 -0300"-"INF"-"Instalación verificada correctamente."-"chequear instalacion"-"juan0511"
"Sat, 21 Nov 2020 23:21:24 -0300"-"INF"-"Estado de la instalación: CHEQUEADA"-"chequear instalacion"-"juan0511"
"Sat, 21 Nov 2020 23:21:24 -0300"-"INF"-"Fin - instalarTP (0)"-"instalarTP"-"juan0511"
"Sat, 21 Nov 2020 23:21:28 -0300"-"INF"-"TP1 - SO75.08 - 2do Cuatrimestre 2020 - Curso Martes Copyright © Grupo 3"-"instalarTP"-"juan0511"
"Sat, 21 Nov 2020 23:21:28 -0300"-"INF"-"Inicio - instalarTP"-"instalarTP"-"juan0511"
"Sat, 21 Nov 2020 23:21:28 -0300"-"INF"-"El archivo "/Users/juan0511/Temporary/75.08/TP/Sistemas_Operativos_2C2020/TP1/Grupo3/so7508/instalarTP.conf" no existe."-"instalarTP"-"juan0511"
"Sat, 21 Nov 2020 23:21:28 -0300"-"INF"-"Tipo de ejecución: INSTALACIÓN."-"instalarTP"-"juan0511"
"Sat, 21 Nov 2020 23:21:28 -0300"-"INF"-"Por favor, defina los siguientes directorios: "-"definir directorios"-"juan0511"
"Sat, 21 Nov 2020 23:21:28 -0300"-"INF"-"Definidos desde el path base "/Users/juan0511/Temporary/75.08/TP/Sistemas_Operativos_2C2020/TP1/Grupo3"."-"definir directorios"-"juan0511"
"Sat, 21 Nov 2020 23:21:30 -0300"-"INF"-"Ejecutables [/bin]:"-"definir directorios"-"juan0511"
"Sat, 21 Nov 2020 23:21:30 -0300"-"INF"-"da"-"definir directorios"-"juan0511"
"Sat, 21 Nov 2020 23:21:30 -0300"-"ERR"-"El nombre "da" debe comenzar con el caracter '/', intente nuevamente."-"chequear directorios"-"juan0511"
"Sat, 21 Nov 2020 23:21:38 -0300"-"INF"-"Ejecutables [/bin]:"-"definir directorios"-"juan0511"
"Sat, 21 Nov 2020 23:21:38 -0300"-"INF"-"so7508"-"definir directorios"-"juan0511"
"Sat, 21 Nov 2020 23:21:38 -0300"-"ERR"-"El nombre "so7508" debe comenzar con el caracter '/', intente nuevamente."-"chequear directorios"-"juan0511"
"Sat, 21 Nov 2020 23:21:44 -0300"-"INF"-"Ejecutables [/bin]:"-"definir directorios"-"juan0511"
"Sat, 21 Nov 2020 23:21:44 -0300"-"INF"-"/so7508"-"definir directorios"-"juan0511"
"Sat, 21 Nov 2020 23:21:44 -0300"-"ERR"-"El nombre "so7508" es una plabra reservada, intente nuevamente."-"chequear directorios"-"juan0511"
"Sat, 21 Nov 2020 23:21:53 -0300"-"INF"-"Ejecutables [/bin]:"-"definir directorios"-"juan0511"
"Sat, 21 Nov 2020 23:21:53 -0300"-"INF"-"/tablas"-"definir directorios"-"juan0511"
"Sat, 21 Nov 2020 23:21:58 -0300"-"INF"-"Tablas      [/master]:"-"definir directorios"-"juan0511"
"Sat, 21 Nov 2020 23:21:58 -0300"-"INF"-"/master"-"definir directorios"-"juan0511"
"Sat, 21 Nov 2020 23:22:00 -0300"-"INF"-"Novedades   [/input]:"-"definir directorios"-"juan0511"
"Sat, 21 Nov 2020 23:22:00 -0300"-"INF"-""-"definir directorios"-"juan0511"
"Sat, 21 Nov 2020 23:22:02 -0300"-"INF"-"Rechazados  [/rechazos]:"-"definir directorios"-"juan0511"
"Sat, 21 Nov 2020 23:22:02 -0300"-"INF"-"/input"-"definir directorios"-"juan0511"
"Sat, 21 Nov 2020 23:22:02 -0300"-"ERR"-"El nombre "/input" está definido como otro de los path del sistema, intente nuevamente."-"chequear directorios"-"juan0511"
"Sat, 21 Nov 2020 23:22:06 -0300"-"INF"-"Rechazados  [/rechazos]:"-"definir directorios"-"juan0511"
"Sat, 21 Nov 2020 23:22:06 -0300"-"INF"-"/pepe"-"definir directorios"-"juan0511"
"Sat, 21 Nov 2020 23:22:08 -0300"-"INF"-"Procesados  [/lotes]:"-"definir directorios"-"juan0511"
"Sat, 21 Nov 2020 23:22:08 -0300"-"INF"-"/pepe"-"definir directorios"-"juan0511"
"Sat, 21 Nov 2020 23:22:08 -0300"-"ERR"-"El nombre "/pepe" está definido como otro de los path del sistema, intente nuevamente."-"chequear directorios"-"juan0511"
"Sat, 21 Nov 2020 23:22:10 -0300"-"INF"-"Procesados  [/lotes]:"-"definir directorios"-"juan0511"
"Sat, 21 Nov 2020 23:22:10 -0300"-"INF"-""-"definir directorios"-"juan0511"
"Sat, 21 Nov 2020 23:22:10 -0300"-"INF"-"Resultados  [/output]:"-"definir directorios"-"juan0511"
"Sat, 21 Nov 2020 23:22:10 -0300"-"INF"-""-"definir directorios"-"juan0511"
"Sat, 21 Nov 2020 23:22:10 -0300"-"INF"-"TP1 - SO75.08 - 2do Cuatrimestre 2020 - Curso Martes Copyright © Grupo 3"-"show details"-"juan0511"
"Sat, 21 Nov 2020 23:22:10 -0300"-"INF"-"Confirmar Proceso - instalarTP"-"show details"-"juan0511"
"Sat, 21 Nov 2020 23:22:10 -0300"-"INF"-"Tipo de proceso: INSTALACION"-"show details"-"juan0511"
"Sat, 21 Nov 2020 23:22:10 -0300"-"INF"-"Directorio padre: "/Users/juan0511/Temporary/75.08/TP/Sistemas_Operativos_2C2020/TP1/Grupo3""-"show details"-"juan0511"
"Sat, 21 Nov 2020 23:22:10 -0300"-"INF"-"Ubicación script de instalación: "/Users/juan0511/Temporary/75.08/TP/Sistemas_Operativos_2C2020/TP1/Grupo3/so7508/instalarTP.sh""-"show details"-"juan0511"
"Sat, 21 Nov 2020 23:22:10 -0300"-"INF"-"Log de la instalación: "/Users/juan0511/Temporary/75.08/TP/Sistemas_Operativos_2C2020/TP1/Grupo3/so7508/instalarTP.log""-"show details"-"juan0511"
"Sat, 21 Nov 2020 23:22:10 -0300"-"INF"-"Archivo de configuración: "/Users/juan0511/Temporary/75.08/TP/Sistemas_Operativos_2C2020/TP1/Grupo3/so7508/instalarTP.conf""-"show details"-"juan0511"
"Sat, 21 Nov 2020 23:22:10 -0300"-"INF"-"Log de la inicialización: "/Users/juan0511/Temporary/75.08/TP/Sistemas_Operativos_2C2020/TP1/Grupo3/so7508/inicarambiente.log""-"show details"-"juan0511"
"Sat, 21 Nov 2020 23:22:10 -0300"-"INF"-"Log del proceso principal: "/Users/juan0511/Temporary/75.08/TP/Sistemas_Operativos_2C2020/TP1/Grupo3/so7508/pprincipal.log""-"show details"-"juan0511"
"Sat, 21 Nov 2020 23:22:10 -0300"-"INF"-"Directorio de ejecutables: "/Users/juan0511/Temporary/75.08/TP/Sistemas_Operativos_2C2020/TP1/Grupo3/tablas""-"show details"-"juan0511"
"Sat, 21 Nov 2020 23:22:10 -0300"-"INF"-"Directorio de tablas maestras: "/Users/juan0511/Temporary/75.08/TP/Sistemas_Operativos_2C2020/TP1/Grupo3/master""-"show details"-"juan0511"
"Sat, 21 Nov 2020 23:22:10 -0300"-"INF"-"Directorio de novedades: "/Users/juan0511/Temporary/75.08/TP/Sistemas_Operativos_2C2020/TP1/Grupo3/input""-"show details"-"juan0511"
"Sat, 21 Nov 2020 23:22:10 -0300"-"INF"-"Directorio novedades aceptadas: "/Users/juan0511/Temporary/75.08/TP/Sistemas_Operativos_2C2020/TP1/Grupo3/input/ok""-"show details"-"juan0511"
"Sat, 21 Nov 2020 23:22:10 -0300"-"INF"-"Directorio de rechazados: "/Users/juan0511/Temporary/75.08/TP/Sistemas_Operativos_2C2020/TP1/Grupo3/pepe""-"show details"-"juan0511"
"Sat, 21 Nov 2020 23:22:10 -0300"-"INF"-"Directorio de lotes procesados: "/Users/juan0511/Temporary/75.08/TP/Sistemas_Operativos_2C2020/TP1/Grupo3/lotes""-"show details"-"juan0511"
"Sat, 21 Nov 2020 23:22:10 -0300"-"INF"-"Directorio de transacciones: "/Users/juan0511/Temporary/75.08/TP/Sistemas_Operativos_2C2020/TP1/Grupo3/output""-"show details"-"juan0511"
"Sat, 21 Nov 2020 23:22:10 -0300"-"INF"-"Directorio de comisiones: "/Users/juan0511/Temporary/75.08/TP/Sistemas_Operativos_2C2020/TP1/Grupo3/output/comisiones""-"show details"-"juan0511"
"Sat, 21 Nov 2020 23:22:10 -0300"-"INF"-"Estado de la instalación: "LISTA""-"show details"-"juan0511"
"Sat, 21 Nov 2020 23:22:13 -0300"-"INF"-"¿Confirma la instalación? (SI-[NO]):"-"nueva instalacion"-"juan0511"
"Sat, 21 Nov 2020 23:22:14 -0300"-"INF"-""-"nueva instalacion"-"juan0511"
"Sat, 21 Nov 2020 23:22:14 -0300"-"INF"-"Instalación no confirmada."-"nueva instalacion"-"juan0511"
"Sat, 21 Nov 2020 23:22:14 -0300"-"INF"-"Por favor, defina los siguientes directorios: "-"definir directorios"-"juan0511"
"Sat, 21 Nov 2020 23:22:14 -0300"-"INF"-"Definidos desde el path base "/Users/juan0511/Temporary/75.08/TP/Sistemas_Operativos_2C2020/TP1/Grupo3"."-"definir directorios"-"juan0511"
"Sat, 21 Nov 2020 23:22:14 -0300"-"INF"-"Ejecutables [/tablas]:"-"definir directorios"-"juan0511"
"Sat, 21 Nov 2020 23:22:14 -0300"-"INF"-""-"definir directorios"-"juan0511"
"Sat, 21 Nov 2020 23:22:14 -0300"-"INF"-"Tablas      [/master]:"-"definir directorios"-"juan0511"
"Sat, 21 Nov 2020 23:22:14 -0300"-"INF"-""-"definir directorios"-"juan0511"
"Sat, 21 Nov 2020 23:22:16 -0300"-"INF"-"Novedades   [/input]:"-"definir directorios"-"juan0511"
"Sat, 21 Nov 2020 23:22:16 -0300"-"INF"-""-"definir directorios"-"juan0511"
"Sat, 21 Nov 2020 23:22:16 -0300"-"INF"-"Rechazados  [/pepe]:"-"definir directorios"-"juan0511"
"Sat, 21 Nov 2020 23:22:16 -0300"-"INF"-""-"definir directorios"-"juan0511"
"Sat, 21 Nov 2020 23:22:17 -0300"-"INF"-"Procesados  [/lotes]:"-"definir directorios"-"juan0511"
"Sat, 21 Nov 2020 23:22:17 -0300"-"INF"-""-"definir directorios"-"juan0511"
"Sat, 21 Nov 2020 23:22:17 -0300"-"INF"-"Resultados  [/output]:"-"definir directorios"-"juan0511"
"Sat, 21 Nov 2020 23:22:17 -0300"-"INF"-""-"definir directorios"-"juan0511"
"Sat, 21 Nov 2020 23:22:17 -0300"-"INF"-"TP1 - SO75.08 - 2do Cuatrimestre 2020 - Curso Martes Copyright © Grupo 3"-"show details"-"juan0511"
"Sat, 21 Nov 2020 23:22:17 -0300"-"INF"-"Confirmar Proceso - instalarTP"-"show details"-"juan0511"
"Sat, 21 Nov 2020 23:22:17 -0300"-"INF"-"Tipo de proceso: INSTALACION"-"show details"-"juan0511"
"Sat, 21 Nov 2020 23:22:17 -0300"-"INF"-"Directorio padre: "/Users/juan0511/Temporary/75.08/TP/Sistemas_Operativos_2C2020/TP1/Grupo3""-"show details"-"juan0511"
"Sat, 21 Nov 2020 23:22:17 -0300"-"INF"-"Ubicación script de instalación: "/Users/juan0511/Temporary/75.08/TP/Sistemas_Operativos_2C2020/TP1/Grupo3/so7508/instalarTP.sh""-"show details"-"juan0511"
"Sat, 21 Nov 2020 23:22:17 -0300"-"INF"-"Log de la instalación: "/Users/juan0511/Temporary/75.08/TP/Sistemas_Operativos_2C2020/TP1/Grupo3/so7508/instalarTP.log""-"show details"-"juan0511"
"Sat, 21 Nov 2020 23:22:17 -0300"-"INF"-"Archivo de configuración: "/Users/juan0511/Temporary/75.08/TP/Sistemas_Operativos_2C2020/TP1/Grupo3/so7508/instalarTP.conf""-"show details"-"juan0511"
"Sat, 21 Nov 2020 23:22:17 -0300"-"INF"-"Log de la inicialización: "/Users/juan0511/Temporary/75.08/TP/Sistemas_Operativos_2C2020/TP1/Grupo3/so7508/inicarambiente.log""-"show details"-"juan0511"
"Sat, 21 Nov 2020 23:22:17 -0300"-"INF"-"Log del proceso principal: "/Users/juan0511/Temporary/75.08/TP/Sistemas_Operativos_2C2020/TP1/Grupo3/so7508/pprincipal.log""-"show details"-"juan0511"
"Sat, 21 Nov 2020 23:22:17 -0300"-"INF"-"Directorio de ejecutables: "/Users/juan0511/Temporary/75.08/TP/Sistemas_Operativos_2C2020/TP1/Grupo3/tablas""-"show details"-"juan0511"
"Sat, 21 Nov 2020 23:22:17 -0300"-"INF"-"Directorio de tablas maestras: "/Users/juan0511/Temporary/75.08/TP/Sistemas_Operativos_2C2020/TP1/Grupo3/master""-"show details"-"juan0511"
"Sat, 21 Nov 2020 23:22:17 -0300"-"INF"-"Directorio de novedades: "/Users/juan0511/Temporary/75.08/TP/Sistemas_Operativos_2C2020/TP1/Grupo3/input""-"show details"-"juan0511"
"Sat, 21 Nov 2020 23:22:17 -0300"-"INF"-"Directorio novedades aceptadas: "/Users/juan0511/Temporary/75.08/TP/Sistemas_Operativos_2C2020/TP1/Grupo3/input/ok""-"show details"-"juan0511"
"Sat, 21 Nov 2020 23:22:17 -0300"-"INF"-"Directorio de rechazados: "/Users/juan0511/Temporary/75.08/TP/Sistemas_Operativos_2C2020/TP1/Grupo3/pepe""-"show details"-"juan0511"
"Sat, 21 Nov 2020 23:22:17 -0300"-"INF"-"Directorio de lotes procesados: "/Users/juan0511/Temporary/75.08/TP/Sistemas_Operativos_2C2020/TP1/Grupo3/lotes""-"show details"-"juan0511"
"Sat, 21 Nov 2020 23:22:17 -0300"-"INF"-"Directorio de transacciones: "/Users/juan0511/Temporary/75.08/TP/Sistemas_Operativos_2C2020/TP1/Grupo3/output""-"show details"-"juan0511"
"Sat, 21 Nov 2020 23:22:17 -0300"-"INF"-"Directorio de comisiones: "/Users/juan0511/Temporary/75.08/TP/Sistemas_Operativos_2C2020/TP1/Grupo3/output/comisiones""-"show details"-"juan0511"
"Sat, 21 Nov 2020 23:22:17 -0300"-"INF"-"Estado de la instalación: "LISTA""-"show details"-"juan0511"
"Sat, 21 Nov 2020 23:22:19 -0300"-"INF"-"¿Confirma la instalación? (SI-[NO]):"-"nueva instalacion"-"juan0511"
"Sat, 21 Nov 2020 23:22:19 -0300"-"INF"-"si"-"nueva instalacion"-"juan0511"
"Sat, 21 Nov 2020 23:22:19 -0300"-"INF"-"Estado de la instalación: COMPLETADA"-"nueva instalacion"-"juan0511"
"Sat, 21 Nov 2020 23:22:19 -0300"-"INF"-"Fin - instalarTP (0)"-"instalarTP"-"juan0511"
"Sat, 21 Nov 2020 23:23:32 -0300"-"INF"-"TP1 - SO75.08 - 2do Cuatrimestre 2020 - Curso Martes Copyright © Grupo 3"-"instalarTP"-"juan0511"
"Sat, 21 Nov 2020 23:23:32 -0300"-"INF"-"Inicio - instalarTP"-"instalarTP"-"juan0511"
"Sat, 21 Nov 2020 23:23:32 -0300"-"INF"-"El archivo "/Users/juan0511/Temporary/75.08/TP/Sistemas_Operativos_2C2020/TP1/Grupo3/so7508/instalarTP.conf" no existe."-"instalarTP"-"juan0511"
"Sat, 21 Nov 2020 23:23:32 -0300"-"INF"-"Tipo de ejecución: INSTALACIÓN."-"instalarTP"-"juan0511"
"Sat, 21 Nov 2020 23:23:32 -0300"-"INF"-"Por favor, defina los siguientes directorios: "-"definir directorios"-"juan0511"
"Sat, 21 Nov 2020 23:23:32 -0300"-"INF"-"Definidos desde el path base "/Users/juan0511/Temporary/75.08/TP/Sistemas_Operativos_2C2020/TP1/Grupo3"."-"definir directorios"-"juan0511"
"Sat, 21 Nov 2020 23:23:34 -0300"-"INF"-"Ejecutables [/bin]:"-"definir directorios"-"juan0511"
"Sat, 21 Nov 2020 23:23:34 -0300"-"INF"-""-"definir directorios"-"juan0511"
"Sat, 21 Nov 2020 23:23:34 -0300"-"INF"-"Tablas      [/master]:"-"definir directorios"-"juan0511"
"Sat, 21 Nov 2020 23:23:34 -0300"-"INF"-""-"definir directorios"-"juan0511"
"Sat, 21 Nov 2020 23:23:34 -0300"-"INF"-"Novedades   [/input]:"-"definir directorios"-"juan0511"
"Sat, 21 Nov 2020 23:23:34 -0300"-"INF"-""-"definir directorios"-"juan0511"
"Sat, 21 Nov 2020 23:23:34 -0300"-"INF"-"Rechazados  [/rechazos]:"-"definir directorios"-"juan0511"
"Sat, 21 Nov 2020 23:23:34 -0300"-"INF"-""-"definir directorios"-"juan0511"
"Sat, 21 Nov 2020 23:23:34 -0300"-"INF"-"Procesados  [/lotes]:"-"definir directorios"-"juan0511"
"Sat, 21 Nov 2020 23:23:34 -0300"-"INF"-""-"definir directorios"-"juan0511"
"Sat, 21 Nov 2020 23:23:34 -0300"-"INF"-"Resultados  [/output]:"-"definir directorios"-"juan0511"
"Sat, 21 Nov 2020 23:23:34 -0300"-"INF"-""-"definir directorios"-"juan0511"
"Sat, 21 Nov 2020 23:23:34 -0300"-"INF"-"TP1 - SO75.08 - 2do Cuatrimestre 2020 - Curso Martes Copyright © Grupo 3"-"show details"-"juan0511"
"Sat, 21 Nov 2020 23:23:34 -0300"-"INF"-"Confirmar Proceso - instalarTP"-"show details"-"juan0511"
"Sat, 21 Nov 2020 23:23:34 -0300"-"INF"-"Tipo de proceso: INSTALACION"-"show details"-"juan0511"
"Sat, 21 Nov 2020 23:23:34 -0300"-"INF"-"Directorio padre: "/Users/juan0511/Temporary/75.08/TP/Sistemas_Operativos_2C2020/TP1/Grupo3""-"show details"-"juan0511"
"Sat, 21 Nov 2020 23:23:34 -0300"-"INF"-"Ubicación script de instalación: "/Users/juan0511/Temporary/75.08/TP/Sistemas_Operativos_2C2020/TP1/Grupo3/so7508/instalarTP.sh""-"show details"-"juan0511"
"Sat, 21 Nov 2020 23:23:34 -0300"-"INF"-"Log de la instalación: "/Users/juan0511/Temporary/75.08/TP/Sistemas_Operativos_2C2020/TP1/Grupo3/so7508/instalarTP.log""-"show details"-"juan0511"
"Sat, 21 Nov 2020 23:23:34 -0300"-"INF"-"Archivo de configuración: "/Users/juan0511/Temporary/75.08/TP/Sistemas_Operativos_2C2020/TP1/Grupo3/so7508/instalarTP.conf""-"show details"-"juan0511"
"Sat, 21 Nov 2020 23:23:34 -0300"-"INF"-"Log de la inicialización: "/Users/juan0511/Temporary/75.08/TP/Sistemas_Operativos_2C2020/TP1/Grupo3/so7508/inicarambiente.log""-"show details"-"juan0511"
"Sat, 21 Nov 2020 23:23:34 -0300"-"INF"-"Log del proceso principal: "/Users/juan0511/Temporary/75.08/TP/Sistemas_Operativos_2C2020/TP1/Grupo3/so7508/pprincipal.log""-"show details"-"juan0511"
"Sat, 21 Nov 2020 23:23:34 -0300"-"INF"-"Directorio de ejecutables: "/Users/juan0511/Temporary/75.08/TP/Sistemas_Operativos_2C2020/TP1/Grupo3/bin""-"show details"-"juan0511"
"Sat, 21 Nov 2020 23:23:34 -0300"-"INF"-"Directorio de tablas maestras: "/Users/juan0511/Temporary/75.08/TP/Sistemas_Operativos_2C2020/TP1/Grupo3/master""-"show details"-"juan0511"
"Sat, 21 Nov 2020 23:23:34 -0300"-"INF"-"Directorio de novedades: "/Users/juan0511/Temporary/75.08/TP/Sistemas_Operativos_2C2020/TP1/Grupo3/input""-"show details"-"juan0511"
"Sat, 21 Nov 2020 23:23:34 -0300"-"INF"-"Directorio novedades aceptadas: "/Users/juan0511/Temporary/75.08/TP/Sistemas_Operativos_2C2020/TP1/Grupo3/input/ok""-"show details"-"juan0511"
"Sat, 21 Nov 2020 23:23:34 -0300"-"INF"-"Directorio de rechazados: "/Users/juan0511/Temporary/75.08/TP/Sistemas_Operativos_2C2020/TP1/Grupo3/rechazos""-"show details"-"juan0511"
"Sat, 21 Nov 2020 23:23:34 -0300"-"INF"-"Directorio de lotes procesados: "/Users/juan0511/Temporary/75.08/TP/Sistemas_Operativos_2C2020/TP1/Grupo3/lotes""-"show details"-"juan0511"
"Sat, 21 Nov 2020 23:23:34 -0300"-"INF"-"Directorio de transacciones: "/Users/juan0511/Temporary/75.08/TP/Sistemas_Operativos_2C2020/TP1/Grupo3/output""-"show details"-"juan0511"
"Sat, 21 Nov 2020 23:23:34 -0300"-"INF"-"Directorio de comisiones: "/Users/juan0511/Temporary/75.08/TP/Sistemas_Operativos_2C2020/TP1/Grupo3/output/comisiones""-"show details"-"juan0511"
"Sat, 21 Nov 2020 23:23:34 -0300"-"INF"-"Estado de la instalación: "LISTA""-"show details"-"juan0511"
"Sat, 21 Nov 2020 23:23:36 -0300"-"INF"-"¿Confirma la instalación? (SI-[NO]):"-"nueva instalacion"-"juan0511"
"Sat, 21 Nov 2020 23:23:36 -0300"-"INF"-"SI"-"nueva instalacion"-"juan0511"
"Sat, 21 Nov 2020 23:23:36 -0300"-"INF"-"Estado de la instalación: COMPLETADA"-"nueva instalacion"-"juan0511"
"Sat, 21 Nov 2020 23:23:36 -0300"-"INF"-"Fin - instalarTP (0)"-"instalarTP"-"juan0511"
"Sat, 21 Nov 2020 23:23:39 -0300"-"INF"-"TP1 - SO75.08 - 2do Cuatrimestre 2020 - Curso Martes Copyright © Grupo 3"-"instalarTP"-"juan0511"
"Sat, 21 Nov 2020 23:23:39 -0300"-"INF"-"Inicio - instalarTP"-"instalarTP"-"juan0511"
"Sat, 21 Nov 2020 23:23:39 -0300"-"INF"-"El archivo "/Users/juan0511/Temporary/75.08/TP/Sistemas_Operativos_2C2020/TP1/Grupo3/so7508/instalarTP.conf" fue encontrado."-"instalarTP"-"juan0511"
"Sat, 21 Nov 2020 23:23:39 -0300"-"INF"-"Tipo de ejecución: CHEQUEO."-"instalarTP"-"juan0511"
"Sat, 21 Nov 2020 23:23:39 -0300"-"INF"-"Comprobando instalación..."-"chequear instalacion"-"juan0511"
"Sat, 21 Nov 2020 23:23:39 -0300"-"INF"-"Instalación verificada correctamente."-"chequear instalacion"-"juan0511"
"Sat, 21 Nov 2020 23:23:39 -0300"-"INF"-"Estado de la instalación: CHEQUEADA"-"chequear instalacion"-"juan0511"
"Sat, 21 Nov 2020 23:23:39 -0300"-"INF"-"Fin - instalarTP (0)"-"instalarTP"-"juan0511"
"Sat, 21 Nov 2020 23:23:48 -0300"-"INF"-"TP1 - SO75.08 - 2do Cuatrimestre 2020 - Curso Martes Copyright © Grupo 3"-"instalarTP"-"juan0511"
"Sat, 21 Nov 2020 23:23:48 -0300"-"INF"-"Inicio - instalarTP"-"instalarTP"-"juan0511"
"Sat, 21 Nov 2020 23:23:48 -0300"-"INF"-"El archivo "/Users/juan0511/Temporary/75.08/TP/Sistemas_Operativos_2C2020/TP1/Grupo3/so7508/instalarTP.conf" fue encontrado."-"instalarTP"-"juan0511"
"Sat, 21 Nov 2020 23:23:48 -0300"-"INF"-"Tipo de ejecución: CHEQUEO."-"instalarTP"-"juan0511"
"Sat, 21 Nov 2020 23:23:48 -0300"-"INF"-"Comprobando instalación..."-"chequear instalacion"-"juan0511"
"Sat, 21 Nov 2020 23:23:48 -0300"-"ALE"-"No se encontró el directorio: "/Users/juan0511/Temporary/75.08/TP/Sistemas_Operativos_2C2020/TP1/Grupo3/output""-"chequear instalacion"-"juan0511"
"Sat, 21 Nov 2020 23:23:48 -0300"-"ALE"-"No se encontró el directorio: "/Users/juan0511/Temporary/75.08/TP/Sistemas_Operativos_2C2020/TP1/Grupo3/output/comisiones""-"chequear instalacion"-"juan0511"
"Sat, 21 Nov 2020 23:23:48 -0300"-"ALE"-"No se encontró el archivo: "/Users/juan0511/Temporary/75.08/TP/Sistemas_Operativos_2C2020/TP1/Grupo3/bin/iniciarambiente.sh""-"chequear instalacion"-"juan0511"
"Sat, 21 Nov 2020 23:23:48 -0300"-"INF"-"Debe reparar su instalación."-"show details"-"juan0511"
"Sat, 21 Nov 2020 23:23:48 -0300"-"INF"-"Se utilizarán los siguientes parámetros:"-"show details"-"juan0511"
"Sat, 21 Nov 2020 23:23:48 -0300"-"INF"-"Tipo de proceso: REPARACION"-"show details"-"juan0511"
"Sat, 21 Nov 2020 23:23:48 -0300"-"INF"-"Directorio padre: "/Users/juan0511/Temporary/75.08/TP/Sistemas_Operativos_2C2020/TP1/Grupo3""-"show details"-"juan0511"
"Sat, 21 Nov 2020 23:23:48 -0300"-"INF"-"Ubicación script de instalación: "/Users/juan0511/Temporary/75.08/TP/Sistemas_Operativos_2C2020/TP1/Grupo3/so7508/instalarTP.sh""-"show details"-"juan0511"
"Sat, 21 Nov 2020 23:23:48 -0300"-"INF"-"Log de la instalación: "/Users/juan0511/Temporary/75.08/TP/Sistemas_Operativos_2C2020/TP1/Grupo3/so7508/instalarTP.log""-"show details"-"juan0511"
"Sat, 21 Nov 2020 23:23:48 -0300"-"INF"-"Archivo de configuración: "/Users/juan0511/Temporary/75.08/TP/Sistemas_Operativos_2C2020/TP1/Grupo3/so7508/instalarTP.conf""-"show details"-"juan0511"
"Sat, 21 Nov 2020 23:23:48 -0300"-"INF"-"Log de la inicialización: "/Users/juan0511/Temporary/75.08/TP/Sistemas_Operativos_2C2020/TP1/Grupo3/so7508/inicarambiente.log""-"show details"-"juan0511"
"Sat, 21 Nov 2020 23:23:48 -0300"-"INF"-"Log del proceso principal: "/Users/juan0511/Temporary/75.08/TP/Sistemas_Operativos_2C2020/TP1/Grupo3/so7508/pprincipal.log""-"show details"-"juan0511"
"Sat, 21 Nov 2020 23:23:48 -0300"-"INF"-"Directorio de ejecutables: "/Users/juan0511/Temporary/75.08/TP/Sistemas_Operativos_2C2020/TP1/Grupo3/bin""-"show details"-"juan0511"
"Sat, 21 Nov 2020 23:23:48 -0300"-"INF"-"Directorio de tablas maestras: "/Users/juan0511/Temporary/75.08/TP/Sistemas_Operativos_2C2020/TP1/Grupo3/master""-"show details"-"juan0511"
"Sat, 21 Nov 2020 23:23:48 -0300"-"INF"-"Directorio de novedades: "/Users/juan0511/Temporary/75.08/TP/Sistemas_Operativos_2C2020/TP1/Grupo3/input""-"show details"-"juan0511"
"Sat, 21 Nov 2020 23:23:49 -0300"-"INF"-"Directorio novedades aceptadas: "/Users/juan0511/Temporary/75.08/TP/Sistemas_Operativos_2C2020/TP1/Grupo3/input/ok""-"show details"-"juan0511"
"Sat, 21 Nov 2020 23:23:49 -0300"-"INF"-"Directorio de rechazados: "/Users/juan0511/Temporary/75.08/TP/Sistemas_Operativos_2C2020/TP1/Grupo3/rechazos""-"show details"-"juan0511"
"Sat, 21 Nov 2020 23:23:49 -0300"-"INF"-"Directorio de lotes procesados: "/Users/juan0511/Temporary/75.08/TP/Sistemas_Operativos_2C2020/TP1/Grupo3/lotes""-"show details"-"juan0511"
"Sat, 21 Nov 2020 23:23:49 -0300"-"INF"-"Directorio de transacciones: "/Users/juan0511/Temporary/75.08/TP/Sistemas_Operativos_2C2020/TP1/Grupo3/output""-"show details"-"juan0511"
"Sat, 21 Nov 2020 23:23:49 -0300"-"INF"-"Directorio de comisiones: "/Users/juan0511/Temporary/75.08/TP/Sistemas_Operativos_2C2020/TP1/Grupo3/output/comisiones""-"show details"-"juan0511"
"Sat, 21 Nov 2020 23:23:49 -0300"-"INF"-"Estado de la instalación: "LISTA""-"show details"-"juan0511"
"Sat, 21 Nov 2020 23:23:50 -0300"-"INF"-"¿Confirma la reparación? (SI-[NO]):"-"reparar instalacion"-"juan0511"
"Sat, 21 Nov 2020 23:23:50 -0300"-"INF"-""-"reparar instalacion"-"juan0511"
"Sat, 21 Nov 2020 23:23:50 -0300"-"INF"-"Reparación cancelada."-"reparar instalacion"-"juan0511"
"Sat, 21 Nov 2020 23:23:50 -0300"-"INF"-"Estado de la reparación: CANCELADA"-"reparar instalacion"-"juan0511"
"Sat, 21 Nov 2020 23:23:50 -0300"-"INF"-"Fin - instalarTP (1)"-"reparar instalacion"-"juan0511"
"Sat, 21 Nov 2020 23:23:51 -0300"-"INF"-"TP1 - SO75.08 - 2do Cuatrimestre 2020 - Curso Martes Copyright © Grupo 3"-"instalarTP"-"juan0511"
"Sat, 21 Nov 2020 23:23:51 -0300"-"INF"-"Inicio - instalarTP"-"instalarTP"-"juan0511"
"Sat, 21 Nov 2020 23:23:51 -0300"-"INF"-"El archivo "/Users/juan0511/Temporary/75.08/TP/Sistemas_Operativos_2C2020/TP1/Grupo3/so7508/instalarTP.conf" fue encontrado."-"instalarTP"-"juan0511"
"Sat, 21 Nov 2020 23:23:51 -0300"-"INF"-"Tipo de ejecución: CHEQUEO."-"instalarTP"-"juan0511"
"Sat, 21 Nov 2020 23:23:51 -0300"-"INF"-"Comprobando instalación..."-"chequear instalacion"-"juan0511"
"Sat, 21 Nov 2020 23:23:51 -0300"-"ALE"-"No se encontró el directorio: "/Users/juan0511/Temporary/75.08/TP/Sistemas_Operativos_2C2020/TP1/Grupo3/output""-"chequear instalacion"-"juan0511"
"Sat, 21 Nov 2020 23:23:51 -0300"-"ALE"-"No se encontró el directorio: "/Users/juan0511/Temporary/75.08/TP/Sistemas_Operativos_2C2020/TP1/Grupo3/output/comisiones""-"chequear instalacion"-"juan0511"
"Sat, 21 Nov 2020 23:23:51 -0300"-"ALE"-"No se encontró el archivo: "/Users/juan0511/Temporary/75.08/TP/Sistemas_Operativos_2C2020/TP1/Grupo3/bin/iniciarambiente.sh""-"chequear instalacion"-"juan0511"
"Sat, 21 Nov 2020 23:23:51 -0300"-"INF"-"Debe reparar su instalación."-"show details"-"juan0511"
"Sat, 21 Nov 2020 23:23:51 -0300"-"INF"-"Se utilizarán los siguientes parámetros:"-"show details"-"juan0511"
"Sat, 21 Nov 2020 23:23:51 -0300"-"INF"-"Tipo de proceso: REPARACION"-"show details"-"juan0511"
"Sat, 21 Nov 2020 23:23:51 -0300"-"INF"-"Directorio padre: "/Users/juan0511/Temporary/75.08/TP/Sistemas_Operativos_2C2020/TP1/Grupo3""-"show details"-"juan0511"
"Sat, 21 Nov 2020 23:23:51 -0300"-"INF"-"Ubicación script de instalación: "/Users/juan0511/Temporary/75.08/TP/Sistemas_Operativos_2C2020/TP1/Grupo3/so7508/instalarTP.sh""-"show details"-"juan0511"
"Sat, 21 Nov 2020 23:23:51 -0300"-"INF"-"Log de la instalación: "/Users/juan0511/Temporary/75.08/TP/Sistemas_Operativos_2C2020/TP1/Grupo3/so7508/instalarTP.log""-"show details"-"juan0511"
"Sat, 21 Nov 2020 23:23:51 -0300"-"INF"-"Archivo de configuración: "/Users/juan0511/Temporary/75.08/TP/Sistemas_Operativos_2C2020/TP1/Grupo3/so7508/instalarTP.conf""-"show details"-"juan0511"
"Sat, 21 Nov 2020 23:23:51 -0300"-"INF"-"Log de la inicialización: "/Users/juan0511/Temporary/75.08/TP/Sistemas_Operativos_2C2020/TP1/Grupo3/so7508/inicarambiente.log""-"show details"-"juan0511"
"Sat, 21 Nov 2020 23:23:51 -0300"-"INF"-"Log del proceso principal: "/Users/juan0511/Temporary/75.08/TP/Sistemas_Operativos_2C2020/TP1/Grupo3/so7508/pprincipal.log""-"show details"-"juan0511"
"Sat, 21 Nov 2020 23:23:51 -0300"-"INF"-"Directorio de ejecutables: "/Users/juan0511/Temporary/75.08/TP/Sistemas_Operativos_2C2020/TP1/Grupo3/bin""-"show details"-"juan0511"
"Sat, 21 Nov 2020 23:23:51 -0300"-"INF"-"Directorio de tablas maestras: "/Users/juan0511/Temporary/75.08/TP/Sistemas_Operativos_2C2020/TP1/Grupo3/master""-"show details"-"juan0511"
"Sat, 21 Nov 2020 23:23:51 -0300"-"INF"-"Directorio de novedades: "/Users/juan0511/Temporary/75.08/TP/Sistemas_Operativos_2C2020/TP1/Grupo3/input""-"show details"-"juan0511"
"Sat, 21 Nov 2020 23:23:51 -0300"-"INF"-"Directorio novedades aceptadas: "/Users/juan0511/Temporary/75.08/TP/Sistemas_Operativos_2C2020/TP1/Grupo3/input/ok""-"show details"-"juan0511"
"Sat, 21 Nov 2020 23:23:51 -0300"-"INF"-"Directorio de rechazados: "/Users/juan0511/Temporary/75.08/TP/Sistemas_Operativos_2C2020/TP1/Grupo3/rechazos""-"show details"-"juan0511"
"Sat, 21 Nov 2020 23:23:51 -0300"-"INF"-"Directorio de lotes procesados: "/Users/juan0511/Temporary/75.08/TP/Sistemas_Operativos_2C2020/TP1/Grupo3/lotes""-"show details"-"juan0511"
"Sat, 21 Nov 2020 23:23:51 -0300"-"INF"-"Directorio de transacciones: "/Users/juan0511/Temporary/75.08/TP/Sistemas_Operativos_2C2020/TP1/Grupo3/output""-"show details"-"juan0511"
"Sat, 21 Nov 2020 23:23:51 -0300"-"INF"-"Directorio de comisiones: "/Users/juan0511/Temporary/75.08/TP/Sistemas_Operativos_2C2020/TP1/Grupo3/output/comisiones""-"show details"-"juan0511"
"Sat, 21 Nov 2020 23:23:51 -0300"-"INF"-"Estado de la instalación: "LISTA""-"show details"-"juan0511"
"Sat, 21 Nov 2020 23:23:52 -0300"-"INF"-"¿Confirma la reparación? (SI-[NO]):"-"reparar instalacion"-"juan0511"
"Sat, 21 Nov 2020 23:23:52 -0300"-"INF"-"SI"-"reparar instalacion"-"juan0511"
"Sat, 21 Nov 2020 23:23:52 -0300"-"INF"-"Estado de la instalación: REPARADA"-"reparar instalacion"-"juan0511"
"Sat, 21 Nov 2020 23:23:52 -0300"-"INF"-"Fin - instalarTP (0)"-"instalarTP"-"juan0511"
"Sat, 21 Nov 2020 23:23:54 -0300"-"INF"-"TP1 - SO75.08 - 2do Cuatrimestre 2020 - Curso Martes Copyright © Grupo 3"-"instalarTP"-"juan0511"
"Sat, 21 Nov 2020 23:23:54 -0300"-"INF"-"Inicio - instalarTP"-"instalarTP"-"juan0511"
"Sat, 21 Nov 2020 23:23:54 -0300"-"INF"-"El archivo "/Users/juan0511/Temporary/75.08/TP/Sistemas_Operativos_2C2020/TP1/Grupo3/so7508/instalarTP.conf" fue encontrado."-"instalarTP"-"juan0511"
"Sat, 21 Nov 2020 23:23:54 -0300"-"INF"-"Tipo de ejecución: CHEQUEO."-"instalarTP"-"juan0511"
"Sat, 21 Nov 2020 23:23:54 -0300"-"INF"-"Comprobando instalación..."-"chequear instalacion"-"juan0511"
"Sat, 21 Nov 2020 23:23:54 -0300"-"INF"-"Instalación verificada correctamente."-"chequear instalacion"-"juan0511"
"Sat, 21 Nov 2020 23:23:54 -0300"-"INF"-"Estado de la instalación: CHEQUEADA"-"chequear instalacion"-"juan0511"
"Sat, 21 Nov 2020 23:23:54 -0300"-"INF"-"Fin - instalarTP (0)"-"instalarTP"-"juan0511"
"Sat, 21 Nov 2020 23:25:51 -0300"-"INF"-"TP1 - SO75.08 - 2do Cuatrimestre 2020 - Curso Martes Copyright © Grupo 3"-"instalarTP"-"juan0511"
"Sat, 21 Nov 2020 23:25:51 -0300"-"INF"-"Inicio - instalarTP"-"instalarTP"-"juan0511"
"Sat, 21 Nov 2020 23:25:51 -0300"-"INF"-"El archivo "/Users/juan0511/Temporary/75.08/TP/Sistemas_Operativos_2C2020/TP1/Grupo3/so7508/instalarTP.conf" no existe."-"instalarTP"-"juan0511"
"Sat, 21 Nov 2020 23:25:51 -0300"-"INF"-"Tipo de ejecución: INSTALACIÓN."-"instalarTP"-"juan0511"
"Sat, 21 Nov 2020 23:25:51 -0300"-"INF"-"Por favor, defina los siguientes directorios: "-"definir directorios"-"juan0511"
"Sat, 21 Nov 2020 23:25:51 -0300"-"INF"-"Definidos desde el path base "/Users/juan0511/Temporary/75.08/TP/Sistemas_Operativos_2C2020/TP1/Grupo3"."-"definir directorios"-"juan0511"
"Sat, 21 Nov 2020 23:25:52 -0300"-"INF"-"Ejecutables [/bin]:"-"definir directorios"-"juan0511"
"Sat, 21 Nov 2020 23:25:52 -0300"-"INF"-""-"definir directorios"-"juan0511"
"Sat, 21 Nov 2020 23:25:52 -0300"-"INF"-"Tablas      [/master]:"-"definir directorios"-"juan0511"
"Sat, 21 Nov 2020 23:25:52 -0300"-"INF"-""-"definir directorios"-"juan0511"
"Sat, 21 Nov 2020 23:25:52 -0300"-"INF"-"Novedades   [/input]:"-"definir directorios"-"juan0511"
"Sat, 21 Nov 2020 23:25:52 -0300"-"INF"-""-"definir directorios"-"juan0511"
"Sat, 21 Nov 2020 23:25:52 -0300"-"INF"-"Rechazados  [/rechazos]:"-"definir directorios"-"juan0511"
"Sat, 21 Nov 2020 23:25:52 -0300"-"INF"-""-"definir directorios"-"juan0511"
"Sat, 21 Nov 2020 23:25:52 -0300"-"INF"-"Procesados  [/lotes]:"-"definir directorios"-"juan0511"
"Sat, 21 Nov 2020 23:25:52 -0300"-"INF"-""-"definir directorios"-"juan0511"
"Sat, 21 Nov 2020 23:25:53 -0300"-"INF"-"Resultados  [/output]:"-"definir directorios"-"juan0511"
"Sat, 21 Nov 2020 23:25:53 -0300"-"INF"-""-"definir directorios"-"juan0511"
"Sat, 21 Nov 2020 23:25:53 -0300"-"INF"-"TP1 - SO75.08 - 2do Cuatrimestre 2020 - Curso Martes Copyright © Grupo 3"-"show details"-"juan0511"
"Sat, 21 Nov 2020 23:25:53 -0300"-"INF"-"Confirmar Proceso - instalarTP"-"show details"-"juan0511"
"Sat, 21 Nov 2020 23:25:53 -0300"-"INF"-"Tipo de proceso: INSTALACION"-"show details"-"juan0511"
"Sat, 21 Nov 2020 23:25:53 -0300"-"INF"-"Directorio padre: "/Users/juan0511/Temporary/75.08/TP/Sistemas_Operativos_2C2020/TP1/Grupo3""-"show details"-"juan0511"
"Sat, 21 Nov 2020 23:25:53 -0300"-"INF"-"Ubicación script de instalación: "/Users/juan0511/Temporary/75.08/TP/Sistemas_Operativos_2C2020/TP1/Grupo3/so7508/instalarTP.sh""-"show details"-"juan0511"
"Sat, 21 Nov 2020 23:25:53 -0300"-"INF"-"Log de la instalación: "/Users/juan0511/Temporary/75.08/TP/Sistemas_Operativos_2C2020/TP1/Grupo3/so7508/instalarTP.log""-"show details"-"juan0511"
"Sat, 21 Nov 2020 23:25:53 -0300"-"INF"-"Archivo de configuración: "/Users/juan0511/Temporary/75.08/TP/Sistemas_Operativos_2C2020/TP1/Grupo3/so7508/instalarTP.conf""-"show details"-"juan0511"
"Sat, 21 Nov 2020 23:25:53 -0300"-"INF"-"Log de la inicialización: "/Users/juan0511/Temporary/75.08/TP/Sistemas_Operativos_2C2020/TP1/Grupo3/so7508/inicarambiente.log""-"show details"-"juan0511"
"Sat, 21 Nov 2020 23:25:53 -0300"-"INF"-"Log del proceso principal: "/Users/juan0511/Temporary/75.08/TP/Sistemas_Operativos_2C2020/TP1/Grupo3/so7508/pprincipal.log""-"show details"-"juan0511"
"Sat, 21 Nov 2020 23:25:53 -0300"-"INF"-"Directorio de ejecutables: "/Users/juan0511/Temporary/75.08/TP/Sistemas_Operativos_2C2020/TP1/Grupo3/bin""-"show details"-"juan0511"
"Sat, 21 Nov 2020 23:25:53 -0300"-"INF"-"Directorio de tablas maestras: "/Users/juan0511/Temporary/75.08/TP/Sistemas_Operativos_2C2020/TP1/Grupo3/master""-"show details"-"juan0511"
"Sat, 21 Nov 2020 23:25:53 -0300"-"INF"-"Directorio de novedades: "/Users/juan0511/Temporary/75.08/TP/Sistemas_Operativos_2C2020/TP1/Grupo3/input""-"show details"-"juan0511"
"Sat, 21 Nov 2020 23:25:53 -0300"-"INF"-"Directorio novedades aceptadas: "/Users/juan0511/Temporary/75.08/TP/Sistemas_Operativos_2C2020/TP1/Grupo3/input/ok""-"show details"-"juan0511"
"Sat, 21 Nov 2020 23:25:53 -0300"-"INF"-"Directorio de rechazados: "/Users/juan0511/Temporary/75.08/TP/Sistemas_Operativos_2C2020/TP1/Grupo3/rechazos""-"show details"-"juan0511"
"Sat, 21 Nov 2020 23:25:53 -0300"-"INF"-"Directorio de lotes procesados: "/Users/juan0511/Temporary/75.08/TP/Sistemas_Operativos_2C2020/TP1/Grupo3/lotes""-"show details"-"juan0511"
"Sat, 21 Nov 2020 23:25:53 -0300"-"INF"-"Directorio de transacciones: "/Users/juan0511/Temporary/75.08/TP/Sistemas_Operativos_2C2020/TP1/Grupo3/output""-"show details"-"juan0511"
"Sat, 21 Nov 2020 23:25:53 -0300"-"INF"-"Directorio de comisiones: "/Users/juan0511/Temporary/75.08/TP/Sistemas_Operativos_2C2020/TP1/Grupo3/output/comisiones""-"show details"-"juan0511"
"Sat, 21 Nov 2020 23:25:53 -0300"-"INF"-"Estado de la instalación: "LISTA""-"show details"-"juan0511"
"Sat, 21 Nov 2020 23:25:54 -0300"-"INF"-"¿Confirma la instalación? (SI-[NO]):"-"nueva instalacion"-"juan0511"
"Sat, 21 Nov 2020 23:25:54 -0300"-"INF"-"DI"-"nueva instalacion"-"juan0511"
"Sat, 21 Nov 2020 23:25:54 -0300"-"INF"-"Instalación no confirmada."-"nueva instalacion"-"juan0511"
"Sat, 21 Nov 2020 23:25:54 -0300"-"INF"-"Por favor, defina los siguientes directorios: "-"definir directorios"-"juan0511"
"Sat, 21 Nov 2020 23:25:54 -0300"-"INF"-"Definidos desde el path base "/Users/juan0511/Temporary/75.08/TP/Sistemas_Operativos_2C2020/TP1/Grupo3"."-"definir directorios"-"juan0511"
"Sat, 21 Nov 2020 23:25:55 -0300"-"INF"-"Ejecutables [/bin]:"-"definir directorios"-"juan0511"
"Sat, 21 Nov 2020 23:25:55 -0300"-"INF"-""-"definir directorios"-"juan0511"
"Sat, 21 Nov 2020 23:25:55 -0300"-"INF"-"Tablas      [/master]:"-"definir directorios"-"juan0511"
"Sat, 21 Nov 2020 23:25:55 -0300"-"INF"-""-"definir directorios"-"juan0511"
"Sat, 21 Nov 2020 23:25:56 -0300"-"INF"-"Novedades   [/input]:"-"definir directorios"-"juan0511"
"Sat, 21 Nov 2020 23:25:56 -0300"-"INF"-""-"definir directorios"-"juan0511"
"Sat, 21 Nov 2020 23:25:56 -0300"-"INF"-"Rechazados  [/rechazos]:"-"definir directorios"-"juan0511"
"Sat, 21 Nov 2020 23:25:56 -0300"-"INF"-""-"definir directorios"-"juan0511"
"Sat, 21 Nov 2020 23:25:56 -0300"-"INF"-"Procesados  [/lotes]:"-"definir directorios"-"juan0511"
"Sat, 21 Nov 2020 23:25:56 -0300"-"INF"-""-"definir directorios"-"juan0511"
"Sat, 21 Nov 2020 23:25:56 -0300"-"INF"-"Resultados  [/output]:"-"definir directorios"-"juan0511"
"Sat, 21 Nov 2020 23:25:56 -0300"-"INF"-""-"definir directorios"-"juan0511"
"Sat, 21 Nov 2020 23:25:56 -0300"-"INF"-"TP1 - SO75.08 - 2do Cuatrimestre 2020 - Curso Martes Copyright © Grupo 3"-"show details"-"juan0511"
"Sat, 21 Nov 2020 23:25:56 -0300"-"INF"-"Confirmar Proceso - instalarTP"-"show details"-"juan0511"
"Sat, 21 Nov 2020 23:25:56 -0300"-"INF"-"Tipo de proceso: INSTALACION"-"show details"-"juan0511"
"Sat, 21 Nov 2020 23:25:56 -0300"-"INF"-"Directorio padre: "/Users/juan0511/Temporary/75.08/TP/Sistemas_Operativos_2C2020/TP1/Grupo3""-"show details"-"juan0511"
"Sat, 21 Nov 2020 23:25:56 -0300"-"INF"-"Ubicación script de instalación: "/Users/juan0511/Temporary/75.08/TP/Sistemas_Operativos_2C2020/TP1/Grupo3/so7508/instalarTP.sh""-"show details"-"juan0511"
"Sat, 21 Nov 2020 23:25:56 -0300"-"INF"-"Log de la instalación: "/Users/juan0511/Temporary/75.08/TP/Sistemas_Operativos_2C2020/TP1/Grupo3/so7508/instalarTP.log""-"show details"-"juan0511"
"Sat, 21 Nov 2020 23:25:56 -0300"-"INF"-"Archivo de configuración: "/Users/juan0511/Temporary/75.08/TP/Sistemas_Operativos_2C2020/TP1/Grupo3/so7508/instalarTP.conf""-"show details"-"juan0511"
"Sat, 21 Nov 2020 23:25:56 -0300"-"INF"-"Log de la inicialización: "/Users/juan0511/Temporary/75.08/TP/Sistemas_Operativos_2C2020/TP1/Grupo3/so7508/inicarambiente.log""-"show details"-"juan0511"
"Sat, 21 Nov 2020 23:25:56 -0300"-"INF"-"Log del proceso principal: "/Users/juan0511/Temporary/75.08/TP/Sistemas_Operativos_2C2020/TP1/Grupo3/so7508/pprincipal.log""-"show details"-"juan0511"
"Sat, 21 Nov 2020 23:25:56 -0300"-"INF"-"Directorio de ejecutables: "/Users/juan0511/Temporary/75.08/TP/Sistemas_Operativos_2C2020/TP1/Grupo3/bin""-"show details"-"juan0511"
"Sat, 21 Nov 2020 23:25:56 -0300"-"INF"-"Directorio de tablas maestras: "/Users/juan0511/Temporary/75.08/TP/Sistemas_Operativos_2C2020/TP1/Grupo3/master""-"show details"-"juan0511"
"Sat, 21 Nov 2020 23:25:56 -0300"-"INF"-"Directorio de novedades: "/Users/juan0511/Temporary/75.08/TP/Sistemas_Operativos_2C2020/TP1/Grupo3/input""-"show details"-"juan0511"
"Sat, 21 Nov 2020 23:25:56 -0300"-"INF"-"Directorio novedades aceptadas: "/Users/juan0511/Temporary/75.08/TP/Sistemas_Operativos_2C2020/TP1/Grupo3/input/ok""-"show details"-"juan0511"
"Sat, 21 Nov 2020 23:25:56 -0300"-"INF"-"Directorio de rechazados: "/Users/juan0511/Temporary/75.08/TP/Sistemas_Operativos_2C2020/TP1/Grupo3/rechazos""-"show details"-"juan0511"
"Sat, 21 Nov 2020 23:25:56 -0300"-"INF"-"Directorio de lotes procesados: "/Users/juan0511/Temporary/75.08/TP/Sistemas_Operativos_2C2020/TP1/Grupo3/lotes""-"show details"-"juan0511"
"Sat, 21 Nov 2020 23:25:56 -0300"-"INF"-"Directorio de transacciones: "/Users/juan0511/Temporary/75.08/TP/Sistemas_Operativos_2C2020/TP1/Grupo3/output""-"show details"-"juan0511"
"Sat, 21 Nov 2020 23:25:56 -0300"-"INF"-"Directorio de comisiones: "/Users/juan0511/Temporary/75.08/TP/Sistemas_Operativos_2C2020/TP1/Grupo3/output/comisiones""-"show details"-"juan0511"
"Sat, 21 Nov 2020 23:25:56 -0300"-"INF"-"Estado de la instalación: "LISTA""-"show details"-"juan0511"
"Sat, 21 Nov 2020 23:25:57 -0300"-"INF"-"¿Confirma la instalación? (SI-[NO]):"-"nueva instalacion"-"juan0511"
"Sat, 21 Nov 2020 23:25:57 -0300"-"INF"-"SI"-"nueva instalacion"-"juan0511"
"Sat, 21 Nov 2020 23:25:58 -0300"-"INF"-"Estado de la instalación: COMPLETADA"-"nueva instalacion"-"juan0511"
"Sat, 21 Nov 2020 23:25:58 -0300"-"INF"-"Fin - instalarTP (0)"-"instalarTP"-"juan0511"
